Buildfile: /home/rd/share/autobuild_android-apk_11298/iWatchDVR2/build.xml

pre-setup:
     [echo] ========================================
     [echo] Deleting output directories...
   [delete] Deleting directory /home/rd/share/autobuild_android-apk_11298/iWatchDVR2/bin
     [echo] ========================================

build-setup:
     [echo] ========================================
     [echo] Creating output directories...
    [mkdir] Created dir: /home/rd/share/autobuild_android-apk_11298/iWatchDVR2/bin
    [mkdir] Created dir: /home/rd/share/autobuild_android-apk_11298/iWatchDVR2/bin/classes
     [echo] ========================================

compile-resource:
     [echo] ========================================
     [echo] Compiling R.java....
     [echo] ========================================
    [javac] /home/rd/share/autobuild_android-apk_11298/iWatchDVR2/build.xml:136: warning: 'includeantruntime' was not set, defaulting to build.sysclasspath=last; set to false for repeatable builds
    [javac] Compiling 3 source files to /home/rd/share/autobuild_android-apk_11298/iWatchDVR2/bin/classes
    [javac] 
    [javac]           WARNING
    [javac] 
    [javac] The -source switch defaults to 1.7 in JDK 1.7.
    [javac] If you specify -target 1.5 you now must also specify -source 1.5.
    [javac] Ant will implicitly add -source 1.5 for you.  Please change your build file.

compile-source:
     [echo] ========================================
     [echo] Compiling *.java else....
     [echo] ========================================
    [javac] /home/rd/share/autobuild_android-apk_11298/iWatchDVR2/build.xml:146: warning: 'includeantruntime' was not set, defaulting to build.sysclasspath=last; set to false for repeatable builds
    [javac] Compiling 132 source files to /home/rd/share/autobuild_android-apk_11298/iWatchDVR2/bin/classes
    [javac] 
    [javac]           WARNING
    [javac] 
    [javac] The -source switch defaults to 1.7 in JDK 1.7.
    [javac] If you specify -target 1.5 you now must also specify -source 1.5.
    [javac] Ant will implicitly add -source 1.5 for you.  Please change your build file.
    [javac] Note: /home/rd/share/autobuild_android-apk_11298/iWatchDVR2/src/remote/iWatchDVR/ZoomActivity.java uses or overrides a deprecated API.
    [javac] Note: Recompile with -Xlint:deprecation for details.
    [javac] Note: Some input files use unchecked or unsafe operations.
    [javac] Note: Recompile with -Xlint:unchecked for details.

pack-jar:
     [echo] ========================================
     [echo] Creating library output jar file....
     [echo] ========================================
      [jar] Building jar: /home/rd/share/autobuild_android-apk_11298/iWatchDVR2/bin/classes.jar

gen-dex:
     [echo] ========================================
     [echo] Generating dalvik bytecodes....
     [echo] ========================================

package-resources:
     [echo] ========================================
     [echo] Packaging resources....
     [echo] ========================================

pack-apk:
     [echo] ========================================
     [echo] Packaging unsigned apk....
     [echo] ========================================
     [exec] 
     [exec] THIS TOOL IS DEPRECATED. See --help for more information.
     [exec] 

sign-apk:
     [echo] ========================================
     [echo] Signing apk....
     [echo] ========================================
     [exec]    adding: META-INF/MANIFEST.MF
     [exec]    adding: META-INF/ICATCH.SF
     [exec]    adding: META-INF/ICATCH.RSA
     [exec]   signing: res/anim/disappear.xml
     [exec]   signing: res/anim/grow_from_bottom.xml
     [exec]   signing: res/anim/grow_from_bottomleft_to_topright.xml
     [exec]   signing: res/anim/grow_from_bottomright_to_topleft.xml
     [exec]   signing: res/anim/grow_from_top.xml
     [exec]   signing: res/anim/grow_from_topleft_to_bottomright.xml
     [exec]   signing: res/anim/grow_from_topright_to_bottomleft.xml
     [exec]   signing: res/anim/pump_bottom.xml
     [exec]   signing: res/anim/pump_top.xml
     [exec]   signing: res/anim/rail.xml
     [exec]   signing: res/anim/shrink_from_bottom.xml
     [exec]   signing: res/anim/shrink_from_bottomleft_to_topright.xml
     [exec]   signing: res/anim/shrink_from_bottomright_to_topleft.xml
     [exec]   signing: res/anim/shrink_from_top.xml
     [exec]   signing: res/anim/shrink_from_topleft_to_bottomright.xml
     [exec]   signing: res/anim/shrink_from_topright_to_bottomleft.xml
     [exec]   signing: res/drawable/action_item_btn.xml
     [exec]   signing: res/drawable/action_item_selected.9.png
     [exec]   signing: res/drawable/arrow_down.png
     [exec]   signing: res/drawable/arrow_up.png
     [exec]   signing: res/drawable/background.9.png
     [exec]   signing: res/drawable/background_wheel.xml
     [exec]   signing: res/drawable/ic_launcher.png
     [exec]   signing: res/drawable/point_center.png
     [exec]   signing: res/drawable/popup.9.png
     [exec]   signing: res/drawable/rect.9.png
     [exec]   signing: res/drawable/rect_center.png
     [exec]   signing: res/drawable/selector_action_item.xml
     [exec]   signing: res/drawable/selector_button_1sec.xml
     [exec]   signing: res/drawable/selector_button_1x1.xml
     [exec]   signing: res/drawable/selector_button_1x1_ptz.xml
     [exec]   signing: res/drawable/selector_button_2x2.xml
     [exec]   signing: res/drawable/selector_button_3sec.xml
     [exec]   signing: res/drawable/selector_button_3x3.xml
     [exec]   signing: res/drawable/selector_button_4x4.xml
     [exec]   signing: res/drawable/selector_button_5sec.xml
     [exec]   signing: res/drawable/selector_button_8sec.xml
     [exec]   signing: res/drawable/selector_button_backup.xml
     [exec]   signing: res/drawable/selector_button_division.xml
     [exec]   signing: res/drawable/selector_button_eventplay.xml
     [exec]   signing: res/drawable/selector_button_focusin.xml
     [exec]   signing: res/drawable/selector_button_focusout.xml
     [exec]   signing: res/drawable/selector_button_forward.xml
     [exec]   signing: res/drawable/selector_button_go_preset.xml
     [exec]   signing: res/drawable/selector_button_gobackup.xml
     [exec]   signing: res/drawable/selector_button_iris_close.xml
     [exec]   signing: res/drawable/selector_button_iris_open.xml
     [exec]   signing: res/drawable/selector_button_mainstream.xml
     [exec]   signing: res/drawable/selector_button_markin.xml
     [exec]   signing: res/drawable/selector_button_markout.xml
     [exec]   signing: res/drawable/selector_button_motion.xml
     [exec]   signing: res/drawable/selector_button_muteoff.xml
     [exec]   signing: res/drawable/selector_button_muteon.xml
     [exec]   signing: res/drawable/selector_button_nc.xml
     [exec]   signing: res/drawable/selector_button_no.xml
     [exec]   signing: res/drawable/selector_button_notifyoff.xml
     [exec]   signing: res/drawable/selector_button_notifyon.xml
     [exec]   signing: res/drawable/selector_button_pause.xml
     [exec]   signing: res/drawable/selector_button_play.xml
     [exec]   signing: res/drawable/selector_button_pop_controls.xml
     [exec]   signing: res/drawable/selector_button_pop_search.xml
     [exec]   signing: res/drawable/selector_button_ptz.xml
     [exec]   signing: res/drawable/selector_button_relay.xml
     [exec]   signing: res/drawable/selector_button_relayauto.xml
     [exec]   signing: res/drawable/selector_button_rewind.xml
     [exec]   signing: res/drawable/selector_button_seek.xml
     [exec]   signing: res/drawable/selector_button_set_preset.xml
     [exec]   signing: res/drawable/selector_button_status.xml
     [exec]   signing: res/drawable/selector_button_status_event.xml
     [exec]   signing: res/drawable/selector_button_step.xml
     [exec]   signing: res/drawable/selector_button_substream.xml
     [exec]   signing: res/drawable/selector_button_time_search.xml
     [exec]   signing: res/drawable/selector_button_videoloss.xml
     [exec]   signing: res/drawable/selector_button_zoom.xml
     [exec]   signing: res/drawable/selector_button_zoomin.xml
     [exec]   signing: res/drawable/selector_button_zoomout.xml
     [exec]   signing: res/drawable/selector_calendar.xml
     [exec]   signing: res/drawable/selector_calendar_event.xml
     [exec]   signing: res/drawable/selector_calendar_mark.xml
     [exec]   signing: res/drawable/shape_wheel.xml
     [exec]   signing: res/layout/calendar_view.xml
     [exec]   signing: res/layout/clock.xml
     [exec]   signing: res/layout/clock_time.xml
     [exec]   signing: res/layout/dialog_1x1.xml
     [exec]   signing: res/layout/dialog_backup_datetime.xml
     [exec]   signing: res/layout/dialog_divide.xml
     [exec]   signing: res/layout/dialog_divide_gridcontent.xml
     [exec]   signing: res/layout/dialog_ptz_preset.xml
     [exec]   signing: res/layout/fragment_stack.xml
     [exec]   signing: res/layout/fragment_tabs_pager.xml
     [exec]   signing: res/layout/gridview_item_gopreset.xml
     [exec]   signing: res/layout/gridview_item_setpreset.xml
     [exec]   signing: res/layout/listiview_row_login.xml
     [exec]   signing: res/layout/listview_row_backup.xml
     [exec]   signing: res/layout/listview_row_backup_channels.xml
     [exec]   signing: res/layout/listview_row_backup_files.xml
     [exec]   signing: res/layout/listview_row_backup_folder.xml
     [exec]   signing: res/layout/listview_row_log.xml
     [exec]   signing: res/layout/listview_row_login_dvr.xml
     [exec]   signing: res/layout/page_about.xml
     [exec]   signing: res/layout/page_backup.xml
     [exec]   signing: res/layout/page_backup_files.xml
     [exec]   signing: res/layout/page_backup_list.xml
     [exec]   signing: res/layout/page_backup_time_calendar.xml
     [exec]   signing: res/layout/page_edit_dvr_info.xml
     [exec]   signing: res/layout/page_hello.xml
     [exec]   signing: res/layout/page_log_search.xml
     [exec]   signing: res/layout/page_log_search_result.xml
     [exec]   signing: res/layout/page_login.xml
     [exec]   signing: res/layout/page_time_search.xml
     [exec]   signing: res/layout/page_zoom.xml
     [exec]   signing: res/layout/panel_live_landscape.xml
     [exec]   signing: res/layout/panel_live_portrait.xml
     [exec]   signing: res/layout/panel_play_landscape.xml
     [exec]   signing: res/layout/panel_play_portrait.xml
     [exec]   signing: res/layout/popup_4x4.xml
     [exec]   signing: res/layout/popup_8ch.xml
     [exec]   signing: res/layout/popup_backup.xml
     [exec]   signing: res/layout/popup_control.xml
     [exec]   signing: res/layout/popup_division.xml
     [exec]   signing: res/layout/popup_relay_pole.xml
     [exec]   signing: res/layout/popup_relay_second.xml
     [exec]   signing: res/layout/popup_search.xml
     [exec]   signing: res/layout/popup_stream.xml
     [exec]   signing: res/layout/preference_category.xml
     [exec]   signing: res/layout/preset_dialog.xml
     [exec]   signing: res/layout/preset_picker.xml
     [exec]   signing: res/layout/seekbar_preference.xml
     [exec]   signing: res/xml/backup.xml
     [exec]   signing: AndroidManifest.xml
     [exec]   signing: resources.arsc
     [exec]   signing: res/drawable-hdpi/background_actionbar.png
     [exec]   signing: res/drawable-hdpi/button_back.png
     [exec]   signing: res/drawable-hdpi/button_backup.png
     [exec]   signing: res/drawable-hdpi/button_backup_disable.png
     [exec]   signing: res/drawable-hdpi/button_backup_gobackup.png
     [exec]   signing: res/drawable-hdpi/button_backup_gobackup_disable.png
     [exec]   signing: res/drawable-hdpi/button_backup_gobackup_high.png
     [exec]   signing: res/drawable-hdpi/button_backup_high.png
     [exec]   signing: res/drawable-hdpi/button_backup_markin.png
     [exec]   signing: res/drawable-hdpi/button_backup_markin_disable.png
     [exec]   signing: res/drawable-hdpi/button_backup_markin_high.png
     [exec]   signing: res/drawable-hdpi/button_backup_markout.png
     [exec]   signing: res/drawable-hdpi/button_backup_markout_disable.png
     [exec]   signing: res/drawable-hdpi/button_backup_markout_high.png
     [exec]   signing: res/drawable-hdpi/button_div1.png
     [exec]   signing: res/drawable-hdpi/button_div16.png
     [exec]   signing: res/drawable-hdpi/button_div16_disable.png
     [exec]   signing: res/drawable-hdpi/button_div16_high.png
     [exec]   signing: res/drawable-hdpi/button_div1_disable.png
     [exec]   signing: res/drawable-hdpi/button_div1_high.png
     [exec]   signing: res/drawable-hdpi/button_div1_ptz.png
     [exec]   signing: res/drawable-hdpi/button_div1_ptz_disable.png
     [exec]   signing: res/drawable-hdpi/button_div1_ptz_high.png
     [exec]   signing: res/drawable-hdpi/button_div4.png
     [exec]   signing: res/drawable-hdpi/button_div4_disable.png
     [exec]   signing: res/drawable-hdpi/button_div4_high.png
     [exec]   signing: res/drawable-hdpi/button_div9.png
     [exec]   signing: res/drawable-hdpi/button_div9_disable.png
     [exec]   signing: res/drawable-hdpi/button_div9_high.png
     [exec]   signing: res/drawable-hdpi/button_division.png
     [exec]   signing: res/drawable-hdpi/button_division_disable.png
     [exec]   signing: res/drawable-hdpi/button_division_high.png
     [exec]   signing: res/drawable-hdpi/button_eventplay.png
     [exec]   signing: res/drawable-hdpi/button_eventplay_disable.png
     [exec]   signing: res/drawable-hdpi/button_eventplay_high.png
     [exec]   signing: res/drawable-hdpi/button_home.png
     [exec]   signing: res/drawable-hdpi/button_motion.png
     [exec]   signing: res/drawable-hdpi/button_motion_disable.png
     [exec]   signing: res/drawable-hdpi/button_motion_high.png
     [exec]   signing: res/drawable-hdpi/button_nc.png
     [exec]   signing: res/drawable-hdpi/button_nc_disable.png
     [exec]   signing: res/drawable-hdpi/button_nc_high.png
     [exec]   signing: res/drawable-hdpi/button_no.png
     [exec]   signing: res/drawable-hdpi/button_no_disable.png
     [exec]   signing: res/drawable-hdpi/button_no_high.png
     [exec]   signing: res/drawable-hdpi/button_notificationoff.png
     [exec]   signing: res/drawable-hdpi/button_notificationoff_disable.png
     [exec]   signing: res/drawable-hdpi/button_notificationoff_high.png
     [exec]   signing: res/drawable-hdpi/button_notificationon.png
     [exec]   signing: res/drawable-hdpi/button_notificationon_disable.png
     [exec]   signing: res/drawable-hdpi/button_notificationon_high.png
     [exec]   signing: res/drawable-hdpi/button_play_forward.png
     [exec]   signing: res/drawable-hdpi/button_play_forward_disable.png
     [exec]   signing: res/drawable-hdpi/button_play_forward_high.png
     [exec]   signing: res/drawable-hdpi/button_play_pause.png
     [exec]   signing: res/drawable-hdpi/button_play_pause_disable.png
     [exec]   signing: res/drawable-hdpi/button_play_pause_high.png
     [exec]   signing: res/drawable-hdpi/button_play_playing.png
     [exec]   signing: res/drawable-hdpi/button_play_playing_disable.png
     [exec]   signing: res/drawable-hdpi/button_play_playing_high.png
     [exec]   signing: res/drawable-hdpi/button_play_rewind.png
     [exec]   signing: res/drawable-hdpi/button_play_rewind_disable.png
     [exec]   signing: res/drawable-hdpi/button_play_rewind_high.png
     [exec]   signing: res/drawable-hdpi/button_play_seek.png
     [exec]   signing: res/drawable-hdpi/button_play_seek_disable.png
     [exec]   signing: res/drawable-hdpi/button_play_seek_high.png
     [exec]   signing: res/drawable-hdpi/button_play_step.png
     [exec]   signing: res/drawable-hdpi/button_play_step_disable.png
     [exec]   signing: res/drawable-hdpi/button_play_step_high.png
     [exec]   signing: res/drawable-hdpi/button_pop_controls.png
     [exec]   signing: res/drawable-hdpi/button_pop_controls_disable.png
     [exec]   signing: res/drawable-hdpi/button_pop_controls_high.png
     [exec]   signing: res/drawable-hdpi/button_pop_search.png
     [exec]   signing: res/drawable-hdpi/button_pop_search_disable.png
     [exec]   signing: res/drawable-hdpi/button_pop_search_high.png
     [exec]   signing: res/drawable-hdpi/button_ptz.png
     [exec]   signing: res/drawable-hdpi/button_ptz_disable.png
     [exec]   signing: res/drawable-hdpi/button_ptz_focusin.png
     [exec]   signing: res/drawable-hdpi/button_ptz_focusin_disable.png
     [exec]   signing: res/drawable-hdpi/button_ptz_focusin_high.png
     [exec]   signing: res/drawable-hdpi/button_ptz_focusout.png
     [exec]   signing: res/drawable-hdpi/button_ptz_focusout_disable.png
     [exec]   signing: res/drawable-hdpi/button_ptz_focusout_high.png
     [exec]   signing: res/drawable-hdpi/button_ptz_gopreset.png
     [exec]   signing: res/drawable-hdpi/button_ptz_gopreset_disable.png
     [exec]   signing: res/drawable-hdpi/button_ptz_gopreset_high.png
     [exec]   signing: res/drawable-hdpi/button_ptz_high.png
     [exec]   signing: res/drawable-hdpi/button_ptz_irisclose.png
     [exec]   signing: res/drawable-hdpi/button_ptz_irisclose_disable.png
     [exec]   signing: res/drawable-hdpi/button_ptz_irisclose_high.png
     [exec]   signing: res/drawable-hdpi/button_ptz_irisopen.png
     [exec]   signing: res/drawable-hdpi/button_ptz_irisopen_disable.png
     [exec]   signing: res/drawable-hdpi/button_ptz_irisopen_high.png
     [exec]   signing: res/drawable-hdpi/button_ptz_setpreset.png
     [exec]   signing: res/drawable-hdpi/button_ptz_setpreset_disable.png
     [exec]   signing: res/drawable-hdpi/button_ptz_setpreset_high.png
     [exec]   signing: res/drawable-hdpi/button_ptz_zoomin.png
     [exec]   signing: res/drawable-hdpi/button_ptz_zoomin_disable.png
     [exec]   signing: res/drawable-hdpi/button_ptz_zoomin_high.png
     [exec]   signing: res/drawable-hdpi/button_ptz_zoomout.png
     [exec]   signing: res/drawable-hdpi/button_ptz_zoomout_disable.png
     [exec]   signing: res/drawable-hdpi/button_ptz_zoomout_high.png
     [exec]   signing: res/drawable-hdpi/button_relay.png
     [exec]   signing: res/drawable-hdpi/button_relay_disable.png
     [exec]   signing: res/drawable-hdpi/button_relay_high.png
     [exec]   signing: res/drawable-hdpi/button_relayauto.png
     [exec]   signing: res/drawable-hdpi/button_relayauto_disable.png
     [exec]   signing: res/drawable-hdpi/button_relayauto_high.png
     [exec]   signing: res/drawable-hdpi/button_sec_01.png
     [exec]   signing: res/drawable-hdpi/button_sec_01_disable.png
     [exec]   signing: res/drawable-hdpi/button_sec_01_high.png
     [exec]   signing: res/drawable-hdpi/button_sec_03.png
     [exec]   signing: res/drawable-hdpi/button_sec_03_disable.png
     [exec]   signing: res/drawable-hdpi/button_sec_03_high.png
     [exec]   signing: res/drawable-hdpi/button_sec_05.png
     [exec]   signing: res/drawable-hdpi/button_sec_05_disable.png
     [exec]   signing: res/drawable-hdpi/button_sec_05_high.png
     [exec]   signing: res/drawable-hdpi/button_sec_08.png
     [exec]   signing: res/drawable-hdpi/button_sec_08_disable.png
     [exec]   signing: res/drawable-hdpi/button_sec_08_high.png
     [exec]   signing: res/drawable-hdpi/button_soundclose.png
     [exec]   signing: res/drawable-hdpi/button_soundclose_disable.png
     [exec]   signing: res/drawable-hdpi/button_soundclose_high.png
     [exec]   signing: res/drawable-hdpi/button_soundopen.png
     [exec]   signing: res/drawable-hdpi/button_soundopen_disable.png
     [exec]   signing: res/drawable-hdpi/button_soundopen_high.png
     [exec]   signing: res/drawable-hdpi/button_status.png
     [exec]   signing: res/drawable-hdpi/button_status_disable.png
     [exec]   signing: res/drawable-hdpi/button_status_event.png
     [exec]   signing: res/drawable-hdpi/button_status_event_disable.png
     [exec]   signing: res/drawable-hdpi/button_status_event_high.png
     [exec]   signing: res/drawable-hdpi/button_status_high.png
     [exec]   signing: res/drawable-hdpi/button_stream_00.png
     [exec]   signing: res/drawable-hdpi/button_stream_00_disable.png
     [exec]   signing: res/drawable-hdpi/button_stream_00_high.png
     [exec]   signing: res/drawable-hdpi/button_stream_01.png
     [exec]   signing: res/drawable-hdpi/button_stream_01_disable.png
     [exec]   signing: res/drawable-hdpi/button_stream_01_high.png
     [exec]   signing: res/drawable-hdpi/button_timeplay.png
     [exec]   signing: res/drawable-hdpi/button_timeplay_disable.png
     [exec]   signing: res/drawable-hdpi/button_timeplay_high.png
     [exec]   signing: res/drawable-hdpi/button_videoloss.png
     [exec]   signing: res/drawable-hdpi/button_videoloss_disable.png
     [exec]   signing: res/drawable-hdpi/button_videoloss_high.png
     [exec]   signing: res/drawable-hdpi/button_zoom.png
     [exec]   signing: res/drawable-hdpi/button_zoom_disable.png
     [exec]   signing: res/drawable-hdpi/button_zoom_high.png
     [exec]   signing: res/drawable-hdpi/dvricon_04.png
     [exec]   signing: res/drawable-hdpi/dvricon_08.png
     [exec]   signing: res/drawable-hdpi/dvricon_09.png
     [exec]   signing: res/drawable-hdpi/dvricon_10.png
     [exec]   signing: res/drawable-hdpi/dvricon_16.png
     [exec]   signing: res/drawable-hdpi/dvricon_20.png
     [exec]   signing: res/drawable-hdpi/dvricon_32.png
     [exec]   signing: res/drawable-hdpi/dvricon_unknow.png
     [exec]   signing: res/drawable-hdpi/ic_launcher.png
     [exec]   signing: res/drawable-hdpi/ic_launcher_actionbar.png
     [exec]   signing: res/drawable-ldpi/background_actionbar.png
     [exec]   signing: res/drawable-ldpi/button_back.png
     [exec]   signing: res/drawable-ldpi/button_backup.png
     [exec]   signing: res/drawable-ldpi/button_backup_disable.png
     [exec]   signing: res/drawable-ldpi/button_backup_gobackup.png
     [exec]   signing: res/drawable-ldpi/button_backup_gobackup_disable.png
     [exec]   signing: res/drawable-ldpi/button_backup_gobackup_high.png
     [exec]   signing: res/drawable-ldpi/button_backup_high.png
     [exec]   signing: res/drawable-ldpi/button_backup_markin.png
     [exec]   signing: res/drawable-ldpi/button_backup_markin_disable.png
     [exec]   signing: res/drawable-ldpi/button_backup_markin_high.png
     [exec]   signing: res/drawable-ldpi/button_backup_markout.png
     [exec]   signing: res/drawable-ldpi/button_backup_markout_disable.png
     [exec]   signing: res/drawable-ldpi/button_backup_markout_high.png
     [exec]   signing: res/drawable-ldpi/button_div1.png
     [exec]   signing: res/drawable-ldpi/button_div16.png
     [exec]   signing: res/drawable-ldpi/button_div16_disable.png
     [exec]   signing: res/drawable-ldpi/button_div16_high.png
     [exec]   signing: res/drawable-ldpi/button_div1_disable.png
     [exec]   signing: res/drawable-ldpi/button_div1_high.png
     [exec]   signing: res/drawable-ldpi/button_div1_ptz.png
     [exec]   signing: res/drawable-ldpi/button_div1_ptz_disable.png
     [exec]   signing: res/drawable-ldpi/button_div1_ptz_high.png
     [exec]   signing: res/drawable-ldpi/button_div4.png
     [exec]   signing: res/drawable-ldpi/button_div4_disable.png
     [exec]   signing: res/drawable-ldpi/button_div4_high.png
     [exec]   signing: res/drawable-ldpi/button_div9.png
     [exec]   signing: res/drawable-ldpi/button_div9_disable.png
     [exec]   signing: res/drawable-ldpi/button_div9_high.png
     [exec]   signing: res/drawable-ldpi/button_division.png
     [exec]   signing: res/drawable-ldpi/button_division_disable.png
     [exec]   signing: res/drawable-ldpi/button_division_high.png
     [exec]   signing: res/drawable-ldpi/button_eventplay.png
     [exec]   signing: res/drawable-ldpi/button_eventplay_diable.png
     [exec]   signing: res/drawable-ldpi/button_eventplay_disable.png
     [exec]   signing: res/drawable-ldpi/button_eventplay_high.png
     [exec]   signing: res/drawable-ldpi/button_home.png
     [exec]   signing: res/drawable-ldpi/button_motion.png
     [exec]   signing: res/drawable-ldpi/button_motion_disable.png
     [exec]   signing: res/drawable-ldpi/button_motion_high.png
     [exec]   signing: res/drawable-ldpi/button_nc.png
     [exec]   signing: res/drawable-ldpi/button_nc_disable.png
     [exec]   signing: res/drawable-ldpi/button_nc_high.png
     [exec]   signing: res/drawable-ldpi/button_no.png
     [exec]   signing: res/drawable-ldpi/button_no_disable.png
     [exec]   signing: res/drawable-ldpi/button_no_high.png
     [exec]   signing: res/drawable-ldpi/button_notification_disable.png
     [exec]   signing: res/drawable-ldpi/button_notificationoff.png
     [exec]   signing: res/drawable-ldpi/button_notificationoff_disable.png
     [exec]   signing: res/drawable-ldpi/button_notificationoff_high.png
     [exec]   signing: res/drawable-ldpi/button_notificationon.png
     [exec]   signing: res/drawable-ldpi/button_notificationon_high.png
     [exec]   signing: res/drawable-ldpi/button_play_forward.png
     [exec]   signing: res/drawable-ldpi/button_play_forward_disable.png
     [exec]   signing: res/drawable-ldpi/button_play_forward_high.png
     [exec]   signing: res/drawable-ldpi/button_play_pause.png
     [exec]   signing: res/drawable-ldpi/button_play_pause_disable.png
     [exec]   signing: res/drawable-ldpi/button_play_pause_high.png
     [exec]   signing: res/drawable-ldpi/button_play_playing.png
     [exec]   signing: res/drawable-ldpi/button_play_playing_disable.png
     [exec]   signing: res/drawable-ldpi/button_play_playing_high.png
     [exec]   signing: res/drawable-ldpi/button_play_rewind.png
     [exec]   signing: res/drawable-ldpi/button_play_rewind_disable.png
     [exec]   signing: res/drawable-ldpi/button_play_rewind_high.png
     [exec]   signing: res/drawable-ldpi/button_play_seek.png
     [exec]   signing: res/drawable-ldpi/button_play_seek_disable.png
     [exec]   signing: res/drawable-ldpi/button_play_seek_high.png
     [exec]   signing: res/drawable-ldpi/button_play_step.png
     [exec]   signing: res/drawable-ldpi/button_play_step_disable.png
     [exec]   signing: res/drawable-ldpi/button_play_step_high.png
     [exec]   signing: res/drawable-ldpi/button_pop_controls.png
     [exec]   signing: res/drawable-ldpi/button_pop_controls_disable.png
     [exec]   signing: res/drawable-ldpi/button_pop_controls_high.png
     [exec]   signing: res/drawable-ldpi/button_pop_search.png
     [exec]   signing: res/drawable-ldpi/button_pop_search_disable.png
     [exec]   signing: res/drawable-ldpi/button_pop_search_high.png
     [exec]   signing: res/drawable-ldpi/button_ptz.png
     [exec]   signing: res/drawable-ldpi/button_ptz_disable.png
     [exec]   signing: res/drawable-ldpi/button_ptz_focusin.png
     [exec]   signing: res/drawable-ldpi/button_ptz_focusin_disable.png
     [exec]   signing: res/drawable-ldpi/button_ptz_focusin_high.png
     [exec]   signing: res/drawable-ldpi/button_ptz_focusout.png
     [exec]   signing: res/drawable-ldpi/button_ptz_focusout_disable.png
     [exec]   signing: res/drawable-ldpi/button_ptz_focusout_high.png
     [exec]   signing: res/drawable-ldpi/button_ptz_gopreset.png
     [exec]   signing: res/drawable-ldpi/button_ptz_gopreset_disable.png
     [exec]   signing: res/drawable-ldpi/button_ptz_gopreset_high.png
     [exec]   signing: res/drawable-ldpi/button_ptz_high.png
     [exec]   signing: res/drawable-ldpi/button_ptz_irisclose.png
     [exec]   signing: res/drawable-ldpi/button_ptz_irisclose_disable.png
     [exec]   signing: res/drawable-ldpi/button_ptz_irisclose_high.png
     [exec]   signing: res/drawable-ldpi/button_ptz_irisopen.png
     [exec]   signing: res/drawable-ldpi/button_ptz_irisopen_disable.png
     [exec]   signing: res/drawable-ldpi/button_ptz_irisopen_high.png
     [exec]   signing: res/drawable-ldpi/button_ptz_setpreset.png
     [exec]   signing: res/drawable-ldpi/button_ptz_setpreset_disable.png
     [exec]   signing: res/drawable-ldpi/button_ptz_setpreset_high.png
     [exec]   signing: res/drawable-ldpi/button_ptz_zoomin.png
     [exec]   signing: res/drawable-ldpi/button_ptz_zoomin_disable.png
     [exec]   signing: res/drawable-ldpi/button_ptz_zoomin_high.png
     [exec]   signing: res/drawable-ldpi/button_ptz_zoomout.png
     [exec]   signing: res/drawable-ldpi/button_ptz_zoomout_disable.png
     [exec]   signing: res/drawable-ldpi/button_ptz_zoomout_high.png
     [exec]   signing: res/drawable-ldpi/button_relay.png
     [exec]   signing: res/drawable-ldpi/button_relay_disable.png
     [exec]   signing: res/drawable-ldpi/button_relay_high.png
     [exec]   signing: res/drawable-ldpi/button_relayauto.png
     [exec]   signing: res/drawable-ldpi/button_relayauto_disable.png
     [exec]   signing: res/drawable-ldpi/button_relayauto_high.png
     [exec]   signing: res/drawable-ldpi/button_sec_01.png
     [exec]   signing: res/drawable-ldpi/button_sec_01_disable.png
     [exec]   signing: res/drawable-ldpi/button_sec_01_high.png
     [exec]   signing: res/drawable-ldpi/button_sec_03.png
     [exec]   signing: res/drawable-ldpi/button_sec_03_disable.png
     [exec]   signing: res/drawable-ldpi/button_sec_03_high.png
     [exec]   signing: res/drawable-ldpi/button_sec_05.png
     [exec]   signing: res/drawable-ldpi/button_sec_05_disable.png
     [exec]   signing: res/drawable-ldpi/button_sec_05_high.png
     [exec]   signing: res/drawable-ldpi/button_sec_08.png
     [exec]   signing: res/drawable-ldpi/button_sec_08_disable.png
     [exec]   signing: res/drawable-ldpi/button_sec_08_high.png
     [exec]   signing: res/drawable-ldpi/button_soundclose.png
     [exec]   signing: res/drawable-ldpi/button_soundclose_disable.png
     [exec]   signing: res/drawable-ldpi/button_soundclose_high.png
     [exec]   signing: res/drawable-ldpi/button_soundopen.png
     [exec]   signing: res/drawable-ldpi/button_soundopen_disable.png
     [exec]   signing: res/drawable-ldpi/button_soundopen_high.png
     [exec]   signing: res/drawable-ldpi/button_status.png
     [exec]   signing: res/drawable-ldpi/button_status_disable.png
     [exec]   signing: res/drawable-ldpi/button_status_event.png
     [exec]   signing: res/drawable-ldpi/button_status_event_disable.png
     [exec]   signing: res/drawable-ldpi/button_status_event_high.png
     [exec]   signing: res/drawable-ldpi/button_status_high.png
     [exec]   signing: res/drawable-ldpi/button_stream_00.png
     [exec]   signing: res/drawable-ldpi/button_stream_00_disable.png
     [exec]   signing: res/drawable-ldpi/button_stream_00_high.png
     [exec]   signing: res/drawable-ldpi/button_stream_01.png
     [exec]   signing: res/drawable-ldpi/button_stream_01_disable.png
     [exec]   signing: res/drawable-ldpi/button_stream_01_high.png
     [exec]   signing: res/drawable-ldpi/button_timeplay.png
     [exec]   signing: res/drawable-ldpi/button_timeplay_disable.png
     [exec]   signing: res/drawable-ldpi/button_timeplay_high.png
     [exec]   signing: res/drawable-ldpi/button_videoloss.png
     [exec]   signing: res/drawable-ldpi/button_videoloss_disable.png
     [exec]   signing: res/drawable-ldpi/button_videoloss_high.png
     [exec]   signing: res/drawable-ldpi/button_zoom.png
     [exec]   signing: res/drawable-ldpi/button_zoom_disable.png
     [exec]   signing: res/drawable-ldpi/button_zoom_high.png
     [exec]   signing: res/drawable-ldpi/dvricon_04.png
     [exec]   signing: res/drawable-ldpi/dvricon_08.png
     [exec]   signing: res/drawable-ldpi/dvricon_09.png
     [exec]   signing: res/drawable-ldpi/dvricon_10.png
     [exec]   signing: res/drawable-ldpi/dvricon_16.png
     [exec]   signing: res/drawable-ldpi/dvricon_20.png
     [exec]   signing: res/drawable-ldpi/dvricon_32.png
     [exec]   signing: res/drawable-ldpi/dvricon_unknow.png
     [exec]   signing: res/drawable-ldpi/ic_launcher.png
     [exec]   signing: res/drawable-ldpi/ic_launcher_actionbar.png
     [exec]   signing: res/drawable-mdpi/background_actionbar.png
     [exec]   signing: res/drawable-mdpi/button_back.png
     [exec]   signing: res/drawable-mdpi/button_backup.png
     [exec]   signing: res/drawable-mdpi/button_backup_disable.png
     [exec]   signing: res/drawable-mdpi/button_backup_gobackup.png
     [exec]   signing: res/drawable-mdpi/button_backup_gobackup_disable.png
     [exec]   signing: res/drawable-mdpi/button_backup_gobackup_high.png
     [exec]   signing: res/drawable-mdpi/button_backup_high.png
     [exec]   signing: res/drawable-mdpi/button_backup_markin.png
     [exec]   signing: res/drawable-mdpi/button_backup_markin_disable.png
     [exec]   signing: res/drawable-mdpi/button_backup_markin_high.png
     [exec]   signing: res/drawable-mdpi/button_backup_markout.png
     [exec]   signing: res/drawable-mdpi/button_backup_markout_disable.png
     [exec]   signing: res/drawable-mdpi/button_backup_markout_high.png
     [exec]   signing: res/drawable-mdpi/button_div1.png
     [exec]   signing: res/drawable-mdpi/button_div16.png
     [exec]   signing: res/drawable-mdpi/button_div16_disable.png
     [exec]   signing: res/drawable-mdpi/button_div16_high.png
     [exec]   signing: res/drawable-mdpi/button_div1_disable.png
     [exec]   signing: res/drawable-mdpi/button_div1_high.png
     [exec]   signing: res/drawable-mdpi/button_div1_ptz.png
     [exec]   signing: res/drawable-mdpi/button_div1_ptz_disable.png
     [exec]   signing: res/drawable-mdpi/button_div1_ptz_high.png
     [exec]   signing: res/drawable-mdpi/button_div4.png
     [exec]   signing: res/drawable-mdpi/button_div4_disable.png
     [exec]   signing: res/drawable-mdpi/button_div4_high.png
     [exec]   signing: res/drawable-mdpi/button_div9.png
     [exec]   signing: res/drawable-mdpi/button_div9_disable.png
     [exec]   signing: res/drawable-mdpi/button_div9_high.png
     [exec]   signing: res/drawable-mdpi/button_division.png
     [exec]   signing: res/drawable-mdpi/button_division_disable.png
     [exec]   signing: res/drawable-mdpi/button_division_high.png
     [exec]   signing: res/drawable-mdpi/button_eventplay.png
     [exec]   signing: res/drawable-mdpi/button_eventplay_disable.png
     [exec]   signing: res/drawable-mdpi/button_eventplay_high.png
     [exec]   signing: res/drawable-mdpi/button_home.png
     [exec]   signing: res/drawable-mdpi/button_motion.png
     [exec]   signing: res/drawable-mdpi/button_motion_disable.png
     [exec]   signing: res/drawable-mdpi/button_motion_high.png
     [exec]   signing: res/drawable-mdpi/button_nc.png
     [exec]   signing: res/drawable-mdpi/button_nc_disable.png
     [exec]   signing: res/drawable-mdpi/button_nc_high.png
     [exec]   signing: res/drawable-mdpi/button_no.png
     [exec]   signing: res/drawable-mdpi/button_no_disable.png
     [exec]   signing: res/drawable-mdpi/button_no_high.png
     [exec]   signing: res/drawable-mdpi/button_notificationoff.png
     [exec]   signing: res/drawable-mdpi/button_notificationoff_disable.png
     [exec]   signing: res/drawable-mdpi/button_notificationoff_high.png
     [exec]   signing: res/drawable-mdpi/button_notificationon.png
     [exec]   signing: res/drawable-mdpi/button_notificationon_disable.png
     [exec]   signing: res/drawable-mdpi/button_notificationon_high.png
     [exec]   signing: res/drawable-mdpi/button_play_forward.png
     [exec]   signing: res/drawable-mdpi/button_play_forward_disable.png
     [exec]   signing: res/drawable-mdpi/button_play_forward_high.png
     [exec]   signing: res/drawable-mdpi/button_play_pause.png
     [exec]   signing: res/drawable-mdpi/button_play_pause_disable.png
     [exec]   signing: res/drawable-mdpi/button_play_pause_high.png
     [exec]   signing: res/drawable-mdpi/button_play_playing.png
     [exec]   signing: res/drawable-mdpi/button_play_playing_disable.png
     [exec]   signing: res/drawable-mdpi/button_play_playing_high.png
     [exec]   signing: res/drawable-mdpi/button_play_rewind.png
     [exec]   signing: res/drawable-mdpi/button_play_rewind_disable.png
     [exec]   signing: res/drawable-mdpi/button_play_rewind_high.png
     [exec]   signing: res/drawable-mdpi/button_play_seek.png
     [exec]   signing: res/drawable-mdpi/button_play_seek_disable.png
     [exec]   signing: res/drawable-mdpi/button_play_seek_high.png
     [exec]   signing: res/drawable-mdpi/button_play_step.png
     [exec]   signing: res/drawable-mdpi/button_play_step_disable.png
     [exec]   signing: res/drawable-mdpi/button_play_step_high.png
     [exec]   signing: res/drawable-mdpi/button_pop_controls.png
     [exec]   signing: res/drawable-mdpi/button_pop_controls_disable.png
     [exec]   signing: res/drawable-mdpi/button_pop_controls_high.png
     [exec]   signing: res/drawable-mdpi/button_pop_search.png
     [exec]   signing: res/drawable-mdpi/button_pop_search_disable.png
     [exec]   signing: res/drawable-mdpi/button_pop_search_high.png
     [exec]   signing: res/drawable-mdpi/button_ptz.png
     [exec]   signing: res/drawable-mdpi/button_ptz_disable.png
     [exec]   signing: res/drawable-mdpi/button_ptz_focusin.png
     [exec]   signing: res/drawable-mdpi/button_ptz_focusin_disable.png
     [exec]   signing: res/drawable-mdpi/button_ptz_focusin_high.png
     [exec]   signing: res/drawable-mdpi/button_ptz_focusout.png
     [exec]   signing: res/drawable-mdpi/button_ptz_focusout_disable.png
     [exec]   signing: res/drawable-mdpi/button_ptz_focusout_high.png
     [exec]   signing: res/drawable-mdpi/button_ptz_gopreset.png
     [exec]   signing: res/drawable-mdpi/button_ptz_gopreset_disable.png
     [exec]   signing: res/drawable-mdpi/button_ptz_gopreset_high.png
     [exec]   signing: res/drawable-mdpi/button_ptz_high.png
     [exec]   signing: res/drawable-mdpi/button_ptz_irisclose.png
     [exec]   signing: res/drawable-mdpi/button_ptz_irisclose_disable.png
     [exec]   signing: res/drawable-mdpi/button_ptz_irisclose_high.png
     [exec]   signing: res/drawable-mdpi/button_ptz_irisopen.png
     [exec]   signing: res/drawable-mdpi/button_ptz_irisopen_disable.png
     [exec]   signing: res/drawable-mdpi/button_ptz_irisopen_high.png
     [exec]   signing: res/drawable-mdpi/button_ptz_setpreset.png
     [exec]   signing: res/drawable-mdpi/button_ptz_setpreset_disable.png
     [exec]   signing: res/drawable-mdpi/button_ptz_setpreset_high.png
     [exec]   signing: res/drawable-mdpi/button_ptz_zoomin.png
     [exec]   signing: res/drawable-mdpi/button_ptz_zoomin_disable.png
     [exec]   signing: res/drawable-mdpi/button_ptz_zoomin_high.png
     [exec]   signing: res/drawable-mdpi/button_ptz_zoomout.png
     [exec]   signing: res/drawable-mdpi/button_ptz_zoomout_disable.png
     [exec]   signing: res/drawable-mdpi/button_ptz_zoomout_high.png
     [exec]   signing: res/drawable-mdpi/button_relay.png
     [exec]   signing: res/drawable-mdpi/button_relay_disable.png
     [exec]   signing: res/drawable-mdpi/button_relay_high.png
     [exec]   signing: res/drawable-mdpi/button_relayauto.png
     [exec]   signing: res/drawable-mdpi/button_relayauto_disable.png
     [exec]   signing: res/drawable-mdpi/button_relayauto_high.png
     [exec]   signing: res/drawable-mdpi/button_sec_01.png
     [exec]   signing: res/drawable-mdpi/button_sec_01_disable.png
     [exec]   signing: res/drawable-mdpi/button_sec_01_high.png
     [exec]   signing: res/drawable-mdpi/button_sec_03.png
     [exec]   signing: res/drawable-mdpi/button_sec_03_disable.png
     [exec]   signing: res/drawable-mdpi/button_sec_03_high.png
     [exec]   signing: res/drawable-mdpi/button_sec_05.png
     [exec]   signing: res/drawable-mdpi/button_sec_05_disable.png
     [exec]   signing: res/drawable-mdpi/button_sec_05_high.png
     [exec]   signing: res/drawable-mdpi/button_sec_08.png
     [exec]   signing: res/drawable-mdpi/button_sec_08_disable.png
     [exec]   signing: res/drawable-mdpi/button_sec_08_high.png
     [exec]   signing: res/drawable-mdpi/button_soundclose.png
     [exec]   signing: res/drawable-mdpi/button_soundclose_disable.png
     [exec]   signing: res/drawable-mdpi/button_soundclose_high.png
     [exec]   signing: res/drawable-mdpi/button_soundopen.png
     [exec]   signing: res/drawable-mdpi/button_soundopen_disable.png
     [exec]   signing: res/drawable-mdpi/button_soundopen_high.png
     [exec]   signing: res/drawable-mdpi/button_status.png
     [exec]   signing: res/drawable-mdpi/button_status_disable.png
     [exec]   signing: res/drawable-mdpi/button_status_event.png
     [exec]   signing: res/drawable-mdpi/button_status_event_disable.png
     [exec]   signing: res/drawable-mdpi/button_status_event_high.png
     [exec]   signing: res/drawable-mdpi/button_status_high.png
     [exec]   signing: res/drawable-mdpi/button_stream_00.png
     [exec]   signing: res/drawable-mdpi/button_stream_00_disable.png
     [exec]   signing: res/drawable-mdpi/button_stream_00_high.png
     [exec]   signing: res/drawable-mdpi/button_stream_01.png
     [exec]   signing: res/drawable-mdpi/button_stream_01_disable.png
     [exec]   signing: res/drawable-mdpi/button_stream_01_high.png
     [exec]   signing: res/drawable-mdpi/button_timeplay.png
     [exec]   signing: res/drawable-mdpi/button_timeplay_disable.png
     [exec]   signing: res/drawable-mdpi/button_timeplay_high.png
     [exec]   signing: res/drawable-mdpi/button_videoloss.png
     [exec]   signing: res/drawable-mdpi/button_videoloss_disable.png
     [exec]   signing: res/drawable-mdpi/button_videoloss_high.png
     [exec]   signing: res/drawable-mdpi/button_zoom.png
     [exec]   signing: res/drawable-mdpi/button_zoom_disable.png
     [exec]   signing: res/drawable-mdpi/button_zoom_high.png
     [exec]   signing: res/drawable-mdpi/dvricon_04.png
     [exec]   signing: res/drawable-mdpi/dvricon_08.png
     [exec]   signing: res/drawable-mdpi/dvricon_09.png
     [exec]   signing: res/drawable-mdpi/dvricon_10.png
     [exec]   signing: res/drawable-mdpi/dvricon_16.png
     [exec]   signing: res/drawable-mdpi/dvricon_20.png
     [exec]   signing: res/drawable-mdpi/dvricon_32.png
     [exec]   signing: res/drawable-mdpi/dvricon_unknow.png
     [exec]   signing: res/drawable-mdpi/ic_launcher.png
     [exec]   signing: res/drawable-mdpi/ic_launcher_actionbar.png
     [exec]   signing: res/layout-land/actionbar.xml
     [exec]   signing: res/layout-land/actionbar_home.xml
     [exec]   signing: res/layout-land/main.xml
     [exec]   signing: res/layout-land/page_play.xml
     [exec]   signing: res/layout-land/page_ptz.xml
     [exec]   signing: res/layout-land/page_relay.xml
     [exec]   signing: res/layout-land/panel_live.xml
     [exec]   signing: res/layout-land/panel_play.xml
     [exec]   signing: res/layout-land/panel_ptz.xml
     [exec]   signing: res/layout-land/panel_relay.xml
     [exec]   signing: res/layout-land/popup_1x1.xml
     [exec]   signing: res/layout-land/popup_2x2.xml
     [exec]   signing: res/layout-land/popup_status.xml
     [exec]   signing: res/layout-port/actionbar.xml
     [exec]   signing: res/layout-port/actionbar_home.xml
     [exec]   signing: res/layout-port/main.xml
     [exec]   signing: res/layout-port/page_play.xml
     [exec]   signing: res/layout-port/page_ptz.xml
     [exec]   signing: res/layout-port/page_relay.xml
     [exec]   signing: res/layout-port/panel_live.xml
     [exec]   signing: res/layout-port/panel_play.xml
     [exec]   signing: res/layout-port/panel_ptz.xml
     [exec]   signing: res/layout-port/panel_relay.xml
     [exec]   signing: res/layout-port/popup_1x1.xml
     [exec]   signing: res/layout-port/popup_2x2.xml
     [exec]   signing: res/layout-port/popup_status.xml
     [exec]   signing: classes.dex
     [exec]   signing: lib/armeabi/libP2PTunnelAPIs.so
     [exec]   signing: lib/armeabi/libpeersdk-jni.so

zipalign-apk:
     [echo] ========================================
     [echo] Zipaligning signed apk....
     [echo] ========================================
     [exec] Verifying alignment of /home/rd/share/autobuild_android-apk_11298/iWatchDVR2/bin/iViewDVR4G.apk (4)...
     [exec]       50 META-INF/MANIFEST.MF (OK - compressed)
     [exec]    17772 META-INF/ICATCH.SF (OK - compressed)
     [exec]    35995 META-INF/ICATCH.RSA (OK - compressed)
     [exec]    37136 res/anim/disappear.xml (OK - compressed)
     [exec]    37449 res/anim/grow_from_bottom.xml (OK - compressed)
     [exec]    37901 res/anim/grow_from_bottomleft_to_topright.xml (OK - compressed)
     [exec]    38351 res/anim/grow_from_bottomright_to_topleft.xml (OK - compressed)
     [exec]    38784 res/anim/grow_from_top.xml (OK - compressed)
     [exec]    39234 res/anim/grow_from_topleft_to_bottomright.xml (OK - compressed)
     [exec]    39680 res/anim/grow_from_topright_to_bottomleft.xml (OK - compressed)
     [exec]    40108 res/anim/pump_bottom.xml (OK - compressed)
     [exec]    40537 res/anim/pump_top.xml (OK - compressed)
     [exec]    40960 res/anim/rail.xml (OK - compressed)
     [exec]    41240 res/anim/shrink_from_bottom.xml (OK - compressed)
     [exec]    41694 res/anim/shrink_from_bottomleft_to_topright.xml (OK - compressed)
     [exec]    42147 res/anim/shrink_from_bottomright_to_topleft.xml (OK - compressed)
     [exec]    42578 res/anim/shrink_from_top.xml (OK - compressed)
     [exec]    43033 res/anim/shrink_from_topleft_to_bottomright.xml (OK - compressed)
     [exec]    43484 res/anim/shrink_from_topright_to_bottomleft.xml (OK - compressed)
     [exec]    43920 res/drawable/action_item_btn.xml (OK - compressed)
     [exec]    44328 res/drawable/action_item_selected.9.png (OK)
     [exec]    45068 res/drawable/arrow_down.png (OK)
     [exec]    45968 res/drawable/arrow_up.png (OK)
     [exec]    46880 res/drawable/background.9.png (OK)
     [exec]    47224 res/drawable/background_wheel.xml (OK - compressed)
     [exec]    47800 res/drawable/ic_launcher.png (OK)
     [exec]    55468 res/drawable/point_center.png (OK)
     [exec]    55608 res/drawable/popup.9.png (OK)
     [exec]    56232 res/drawable/rect.9.png (OK)
     [exec]    56480 res/drawable/rect_center.png (OK)
     [exec]    56631 res/drawable/selector_action_item.xml (OK - compressed)
     [exec]    57037 res/drawable/selector_button_1sec.xml (OK - compressed)
     [exec]    57437 res/drawable/selector_button_1x1.xml (OK - compressed)
     [exec]    57841 res/drawable/selector_button_1x1_ptz.xml (OK - compressed)
     [exec]    58241 res/drawable/selector_button_2x2.xml (OK - compressed)
     [exec]    58643 res/drawable/selector_button_3sec.xml (OK - compressed)
     [exec]    59044 res/drawable/selector_button_3x3.xml (OK - compressed)
     [exec]    59445 res/drawable/selector_button_4x4.xml (OK - compressed)
     [exec]    59846 res/drawable/selector_button_5sec.xml (OK - compressed)
     [exec]    60248 res/drawable/selector_button_8sec.xml (OK - compressed)
     [exec]    60652 res/drawable/selector_button_backup.xml (OK - compressed)
     [exec]    61057 res/drawable/selector_button_division.xml (OK - compressed)
     [exec]    61464 res/drawable/selector_button_eventplay.xml (OK - compressed)
     [exec]    61869 res/drawable/selector_button_focusin.xml (OK - compressed)
     [exec]    62276 res/drawable/selector_button_focusout.xml (OK - compressed)
     [exec]    62682 res/drawable/selector_button_forward.xml (OK - compressed)
     [exec]    63088 res/drawable/selector_button_go_preset.xml (OK - compressed)
     [exec]    63494 res/drawable/selector_button_gobackup.xml (OK - compressed)
     [exec]    63901 res/drawable/selector_button_iris_close.xml (OK - compressed)
     [exec]    64307 res/drawable/selector_button_iris_open.xml (OK - compressed)
     [exec]    64713 res/drawable/selector_button_mainstream.xml (OK - compressed)
     [exec]    65118 res/drawable/selector_button_markin.xml (OK - compressed)
     [exec]    65522 res/drawable/selector_button_markout.xml (OK - compressed)
     [exec]    65925 res/drawable/selector_button_motion.xml (OK - compressed)
     [exec]    66330 res/drawable/selector_button_muteoff.xml (OK - compressed)
     [exec]    66735 res/drawable/selector_button_muteon.xml (OK - compressed)
     [exec]    67135 res/drawable/selector_button_nc.xml (OK - compressed)
     [exec]    67534 res/drawable/selector_button_no.xml (OK - compressed)
     [exec]    67942 res/drawable/selector_button_notifyoff.xml (OK - compressed)
     [exec]    68349 res/drawable/selector_button_notifyon.xml (OK - compressed)
     [exec]    68751 res/drawable/selector_button_pause.xml (OK - compressed)
     [exec]    69152 res/drawable/selector_button_play.xml (OK - compressed)
     [exec]    69562 res/drawable/selector_button_pop_controls.xml (OK - compressed)
     [exec]    69969 res/drawable/selector_button_pop_search.xml (OK - compressed)
     [exec]    70370 res/drawable/selector_button_ptz.xml (OK - compressed)
     [exec]    70765 res/drawable/selector_button_relay.xml (OK - compressed)
     [exec]    71170 res/drawable/selector_button_relayauto.xml (OK - compressed)
     [exec]    71573 res/drawable/selector_button_rewind.xml (OK - compressed)
     [exec]    71976 res/drawable/selector_button_seek.xml (OK - compressed)
     [exec]    72384 res/drawable/selector_button_set_preset.xml (OK - compressed)
     [exec]    72787 res/drawable/selector_button_status.xml (OK - compressed)
     [exec]    73199 res/drawable/selector_button_status_event.xml (OK - compressed)
     [exec]    73602 res/drawable/selector_button_step.xml (OK - compressed)
     [exec]    74008 res/drawable/selector_button_substream.xml (OK - compressed)
     [exec]    74418 res/drawable/selector_button_time_search.xml (OK - compressed)
     [exec]    74826 res/drawable/selector_button_videoloss.xml (OK - compressed)
     [exec]    75229 res/drawable/selector_button_zoom.xml (OK - compressed)
     [exec]    75633 res/drawable/selector_button_zoomin.xml (OK - compressed)
     [exec]    76037 res/drawable/selector_button_zoomout.xml (OK - compressed)
     [exec]    76435 res/drawable/selector_calendar.xml (OK - compressed)
     [exec]    76896 res/drawable/selector_calendar_event.xml (OK - compressed)
     [exec]    77355 res/drawable/selector_calendar_mark.xml (OK - compressed)
     [exec]    77804 res/drawable/shape_wheel.xml (OK - compressed)
     [exec]    78207 res/layout/calendar_view.xml (OK - compressed)
     [exec]    79276 res/layout/clock.xml (OK - compressed)
     [exec]    79916 res/layout/clock_time.xml (OK - compressed)
     [exec]    80578 res/layout/dialog_1x1.xml (OK - compressed)
     [exec]    81048 res/layout/dialog_backup_datetime.xml (OK - compressed)
     [exec]    81561 res/layout/dialog_divide.xml (OK - compressed)
     [exec]    82030 res/layout/dialog_divide_gridcontent.xml (OK - compressed)
     [exec]    82421 res/layout/dialog_ptz_preset.xml (OK - compressed)
     [exec]    82879 res/layout/fragment_stack.xml (OK - compressed)
     [exec]    83276 res/layout/fragment_tabs_pager.xml (OK - compressed)
     [exec]    83762 res/layout/gridview_item_gopreset.xml (OK - compressed)
     [exec]    84059 res/layout/gridview_item_setpreset.xml (OK - compressed)
     [exec]    84352 res/layout/listiview_row_login.xml (OK - compressed)
     [exec]    85031 res/layout/listview_row_backup.xml (OK - compressed)
     [exec]    85814 res/layout/listview_row_backup_channels.xml (OK - compressed)
     [exec]    86381 res/layout/listview_row_backup_files.xml (OK - compressed)
     [exec]    87004 res/layout/listview_row_backup_folder.xml (OK - compressed)
     [exec]    87399 res/layout/listview_row_log.xml (OK - compressed)
     [exec]    88212 res/layout/listview_row_login_dvr.xml (OK - compressed)
     [exec]    88980 res/layout/page_about.xml (OK - compressed)
     [exec]    89484 res/layout/page_backup.xml (OK - compressed)
     [exec]    91288 res/layout/page_backup_files.xml (OK - compressed)
     [exec]    91944 res/layout/page_backup_list.xml (OK - compressed)
     [exec]    92454 res/layout/page_backup_time_calendar.xml (OK - compressed)
     [exec]    93204 res/layout/page_edit_dvr_info.xml (OK - compressed)
     [exec]    94083 res/layout/page_hello.xml (OK - compressed)
     [exec]    94446 res/layout/page_log_search.xml (OK - compressed)
     [exec]    95763 res/layout/page_log_search_result.xml (OK - compressed)
     [exec]    96431 res/layout/page_login.xml (OK - compressed)
     [exec]    97062 res/layout/page_time_search.xml (OK - compressed)
     [exec]    97997 res/layout/page_zoom.xml (OK - compressed)
     [exec]    98356 res/layout/panel_live_landscape.xml (OK - compressed)
     [exec]    99039 res/layout/panel_live_portrait.xml (OK - compressed)
     [exec]    99760 res/layout/panel_play_landscape.xml (OK - compressed)
     [exec]   100411 res/layout/panel_play_portrait.xml (OK - compressed)
     [exec]   101121 res/layout/popup_4x4.xml (OK - compressed)
     [exec]   101901 res/layout/popup_8ch.xml (OK - compressed)
     [exec]   102707 res/layout/popup_backup.xml (OK - compressed)
     [exec]   103509 res/layout/popup_control.xml (OK - compressed)
     [exec]   104357 res/layout/popup_division.xml (OK - compressed)
     [exec]   105178 res/layout/popup_relay_pole.xml (OK - compressed)
     [exec]   105986 res/layout/popup_relay_second.xml (OK - compressed)
     [exec]   106805 res/layout/popup_search.xml (OK - compressed)
     [exec]   107588 res/layout/popup_stream.xml (OK - compressed)
     [exec]   108477 res/layout/preference_category.xml (OK - compressed)
     [exec]   108759 res/layout/preset_dialog.xml (OK - compressed)
     [exec]   109105 res/layout/preset_picker.xml (OK - compressed)
     [exec]   109619 res/layout/seekbar_preference.xml (OK - compressed)
     [exec]   110325 res/xml/backup.xml (OK - compressed)
     [exec]   111083 AndroidManifest.xml (OK - compressed)
     [exec]   113008 resources.arsc (OK)
     [exec]   203220 res/drawable-hdpi/background_actionbar.png (OK)
     [exec]   203540 res/drawable-hdpi/button_back.png (OK)
     [exec]   205216 res/drawable-hdpi/button_backup.png (OK)
     [exec]   210524 res/drawable-hdpi/button_backup_disable.png (OK)
     [exec]   215632 res/drawable-hdpi/button_backup_gobackup.png (OK)
     [exec]   218212 res/drawable-hdpi/button_backup_gobackup_disable.png (OK)
     [exec]   220672 res/drawable-hdpi/button_backup_gobackup_high.png (OK)
     [exec]   224636 res/drawable-hdpi/button_backup_high.png (OK)
     [exec]   231984 res/drawable-hdpi/button_backup_markin.png (OK)
     [exec]   236576 res/drawable-hdpi/button_backup_markin_disable.png (OK)
     [exec]   240948 res/drawable-hdpi/button_backup_markin_high.png (OK)
     [exec]   246420 res/drawable-hdpi/button_backup_markout.png (OK)
     [exec]   251192 res/drawable-hdpi/button_backup_markout_disable.png (OK)
     [exec]   255744 res/drawable-hdpi/button_backup_markout_high.png (OK)
     [exec]   261356 res/drawable-hdpi/button_div1.png (OK)
     [exec]   263716 res/drawable-hdpi/button_div16.png (OK)
     [exec]   267168 res/drawable-hdpi/button_div16_disable.png (OK)
     [exec]   270372 res/drawable-hdpi/button_div16_high.png (OK)
     [exec]   274612 res/drawable-hdpi/button_div1_disable.png (OK)
     [exec]   276908 res/drawable-hdpi/button_div1_high.png (OK)
     [exec]   280304 res/drawable-hdpi/button_div1_ptz.png (OK)
     [exec]   283808 res/drawable-hdpi/button_div1_ptz_disable.png (OK)
     [exec]   287092 res/drawable-hdpi/button_div1_ptz_high.png (OK)
     [exec]   291568 res/drawable-hdpi/button_div4.png (OK)
     [exec]   294292 res/drawable-hdpi/button_div4_disable.png (OK)
     [exec]   296800 res/drawable-hdpi/button_div4_high.png (OK)
     [exec]   300568 res/drawable-hdpi/button_div9.png (OK)
     [exec]   303532 res/drawable-hdpi/button_div9_disable.png (OK)
     [exec]   306248 res/drawable-hdpi/button_div9_high.png (OK)
     [exec]   310644 res/drawable-hdpi/button_division.png (OK)
     [exec]   316772 res/drawable-hdpi/button_division_disable.png (OK)
     [exec]   322100 res/drawable-hdpi/button_division_high.png (OK)
     [exec]   327732 res/drawable-hdpi/button_eventplay.png (OK)
     [exec]   332508 res/drawable-hdpi/button_eventplay_disable.png (OK)
     [exec]   337072 res/drawable-hdpi/button_eventplay_high.png (OK)
     [exec]   344084 res/drawable-hdpi/button_home.png (OK)
     [exec]   346164 res/drawable-hdpi/button_motion.png (OK)
     [exec]   349604 res/drawable-hdpi/button_motion_disable.png (OK)
     [exec]   352828 res/drawable-hdpi/button_motion_high.png (OK)
     [exec]   357476 res/drawable-hdpi/button_nc.png (OK)
     [exec]   359328 res/drawable-hdpi/button_nc_disable.png (OK)
     [exec]   361128 res/drawable-hdpi/button_nc_high.png (OK)
     [exec]   363780 res/drawable-hdpi/button_no.png (OK)
     [exec]   366308 res/drawable-hdpi/button_no_disable.png (OK)
     [exec]   368748 res/drawable-hdpi/button_no_high.png (OK)
     [exec]   372920 res/drawable-hdpi/button_notificationoff.png (OK)
     [exec]   377944 res/drawable-hdpi/button_notificationoff_disable.png (OK)
     [exec]   382968 res/drawable-hdpi/button_notificationoff_high.png (OK)
     [exec]   390408 res/drawable-hdpi/button_notificationon.png (OK)
     [exec]   395560 res/drawable-hdpi/button_notificationon_disable.png (OK)
     [exec]   400580 res/drawable-hdpi/button_notificationon_high.png (OK)
     [exec]   408020 res/drawable-hdpi/button_play_forward.png (OK)
     [exec]   410920 res/drawable-hdpi/button_play_forward_disable.png (OK)
     [exec]   413648 res/drawable-hdpi/button_play_forward_high.png (OK)
     [exec]   417684 res/drawable-hdpi/button_play_pause.png (OK)
     [exec]   419116 res/drawable-hdpi/button_play_pause_disable.png (OK)
     [exec]   420456 res/drawable-hdpi/button_play_pause_high.png (OK)
     [exec]   422444 res/drawable-hdpi/button_play_playing.png (OK)
     [exec]   424360 res/drawable-hdpi/button_play_playing_disable.png (OK)
     [exec]   426212 res/drawable-hdpi/button_play_playing_high.png (OK)
     [exec]   428892 res/drawable-hdpi/button_play_rewind.png (OK)
     [exec]   431596 res/drawable-hdpi/button_play_rewind_disable.png (OK)
     [exec]   434176 res/drawable-hdpi/button_play_rewind_high.png (OK)
     [exec]   438144 res/drawable-hdpi/button_play_seek.png (OK)
     [exec]   442196 res/drawable-hdpi/button_play_seek_disable.png (OK)
     [exec]   446128 res/drawable-hdpi/button_play_seek_high.png (OK)
     [exec]   451928 res/drawable-hdpi/button_play_step.png (OK)
     [exec]   454356 res/drawable-hdpi/button_play_step_disable.png (OK)
     [exec]   456608 res/drawable-hdpi/button_play_step_high.png (OK)
     [exec]   460172 res/drawable-hdpi/button_pop_controls.png (OK)
     [exec]   465208 res/drawable-hdpi/button_pop_controls_disable.png (OK)
     [exec]   470188 res/drawable-hdpi/button_pop_controls_high.png (OK)
     [exec]   476032 res/drawable-hdpi/button_pop_search.png (OK)
     [exec]   480096 res/drawable-hdpi/button_pop_search_disable.png (OK)
     [exec]   484100 res/drawable-hdpi/button_pop_search_high.png (OK)
     [exec]   488532 res/drawable-hdpi/button_ptz.png (OK)
     [exec]   491812 res/drawable-hdpi/button_ptz_disable.png (OK)
     [exec]   495008 res/drawable-hdpi/button_ptz_focusin.png (OK)
     [exec]   498372 res/drawable-hdpi/button_ptz_focusin_disable.png (OK)
     [exec]   501500 res/drawable-hdpi/button_ptz_focusin_high.png (OK)
     [exec]   505928 res/drawable-hdpi/button_ptz_focusout.png (OK)
     [exec]   508912 res/drawable-hdpi/button_ptz_focusout_disable.png (OK)
     [exec]   511708 res/drawable-hdpi/button_ptz_focusout_high.png (OK)
     [exec]   515896 res/drawable-hdpi/button_ptz_gopreset.png (OK)
     [exec]   519484 res/drawable-hdpi/button_ptz_gopreset_disable.png (OK)
     [exec]   522996 res/drawable-hdpi/button_ptz_gopreset_high.png (OK)
     [exec]   528496 res/drawable-hdpi/button_ptz_high.png (OK)
     [exec]   533012 res/drawable-hdpi/button_ptz_irisclose.png (OK)
     [exec]   540404 res/drawable-hdpi/button_ptz_irisclose_disable.png (OK)
     [exec]   547488 res/drawable-hdpi/button_ptz_irisclose_high.png (OK)
     [exec]   556312 res/drawable-hdpi/button_ptz_irisopen.png (OK)
     [exec]   563848 res/drawable-hdpi/button_ptz_irisopen_disable.png (OK)
     [exec]   571088 res/drawable-hdpi/button_ptz_irisopen_high.png (OK)
     [exec]   579944 res/drawable-hdpi/button_ptz_setpreset.png (OK)
     [exec]   582828 res/drawable-hdpi/button_ptz_setpreset_disable.png (OK)
     [exec]   585668 res/drawable-hdpi/button_ptz_setpreset_high.png (OK)
     [exec]   590300 res/drawable-hdpi/button_ptz_zoomin.png (OK)
     [exec]   595068 res/drawable-hdpi/button_ptz_zoomin_disable.png (OK)
     [exec]   599724 res/drawable-hdpi/button_ptz_zoomin_high.png (OK)
     [exec]   606768 res/drawable-hdpi/button_ptz_zoomout.png (OK)
     [exec]   611336 res/drawable-hdpi/button_ptz_zoomout_disable.png (OK)
     [exec]   615808 res/drawable-hdpi/button_ptz_zoomout_high.png (OK)
     [exec]   622484 res/drawable-hdpi/button_relay.png (OK)
     [exec]   624412 res/drawable-hdpi/button_relay_disable.png (OK)
     [exec]   626252 res/drawable-hdpi/button_relay_high.png (OK)
     [exec]   629308 res/drawable-hdpi/button_relayauto.png (OK)
     [exec]   632756 res/drawable-hdpi/button_relayauto_disable.png (OK)
     [exec]   636084 res/drawable-hdpi/button_relayauto_high.png (OK)
     [exec]   641944 res/drawable-hdpi/button_sec_01.png (OK)
     [exec]   644536 res/drawable-hdpi/button_sec_01_disable.png (OK)
     [exec]   647060 res/drawable-hdpi/button_sec_01_high.png (OK)
     [exec]   651660 res/drawable-hdpi/button_sec_03.png (OK)
     [exec]   655168 res/drawable-hdpi/button_sec_03_disable.png (OK)
     [exec]   658612 res/drawable-hdpi/button_sec_03_high.png (OK)
     [exec]   664624 res/drawable-hdpi/button_sec_05.png (OK)
     [exec]   668412 res/drawable-hdpi/button_sec_05_disable.png (OK)
     [exec]   672012 res/drawable-hdpi/button_sec_05_high.png (OK)
     [exec]   678104 res/drawable-hdpi/button_sec_08.png (OK)
     [exec]   682424 res/drawable-hdpi/button_sec_08_disable.png (OK)
     [exec]   686368 res/drawable-hdpi/button_sec_08_high.png (OK)
     [exec]   692908 res/drawable-hdpi/button_soundclose.png (OK)
     [exec]   698060 res/drawable-hdpi/button_soundclose_disable.png (OK)
     [exec]   703212 res/drawable-hdpi/button_soundclose_high.png (OK)
     [exec]   710484 res/drawable-hdpi/button_soundopen.png (OK)
     [exec]   715712 res/drawable-hdpi/button_soundopen_disable.png (OK)
     [exec]   720860 res/drawable-hdpi/button_soundopen_high.png (OK)
     [exec]   728132 res/drawable-hdpi/button_status.png (OK)
     [exec]   734272 res/drawable-hdpi/button_status_disable.png (OK)
     [exec]   740088 res/drawable-hdpi/button_status_event.png (OK)
     [exec]   746736 res/drawable-hdpi/button_status_event_disable.png (OK)
     [exec]   753164 res/drawable-hdpi/button_status_event_high.png (OK)
     [exec]   760232 res/drawable-hdpi/button_status_high.png (OK)
     [exec]   766928 res/drawable-hdpi/button_stream_00.png (OK)
     [exec]   772448 res/drawable-hdpi/button_stream_00_disable.png (OK)
     [exec]   777728 res/drawable-hdpi/button_stream_00_high.png (OK)
     [exec]   785844 res/drawable-hdpi/button_stream_01.png (OK)
     [exec]   791532 res/drawable-hdpi/button_stream_01_disable.png (OK)
     [exec]   797016 res/drawable-hdpi/button_stream_01_high.png (OK)
     [exec]   805432 res/drawable-hdpi/button_timeplay.png (OK)
     [exec]   810588 res/drawable-hdpi/button_timeplay_disable.png (OK)
     [exec]   815528 res/drawable-hdpi/button_timeplay_high.png (OK)
     [exec]   823240 res/drawable-hdpi/button_videoloss.png (OK)
     [exec]   828680 res/drawable-hdpi/button_videoloss_disable.png (OK)
     [exec]   834180 res/drawable-hdpi/button_videoloss_high.png (OK)
     [exec]   840748 res/drawable-hdpi/button_zoom.png (OK)
     [exec]   845196 res/drawable-hdpi/button_zoom_disable.png (OK)
     [exec]   849560 res/drawable-hdpi/button_zoom_high.png (OK)
     [exec]   856132 res/drawable-hdpi/dvricon_04.png (OK)
     [exec]   860680 res/drawable-hdpi/dvricon_08.png (OK)
     [exec]   865788 res/drawable-hdpi/dvricon_09.png (OK)
     [exec]   870876 res/drawable-hdpi/dvricon_10.png (OK)
     [exec]   877040 res/drawable-hdpi/dvricon_16.png (OK)
     [exec]   883408 res/drawable-hdpi/dvricon_20.png (OK)
     [exec]   888688 res/drawable-hdpi/dvricon_32.png (OK)
     [exec]   895316 res/drawable-hdpi/dvricon_unknow.png (OK)
     [exec]   900184 res/drawable-hdpi/ic_launcher.png (OK)
     [exec]   907868 res/drawable-hdpi/ic_launcher_actionbar.png (OK)
     [exec]   910468 res/drawable-ldpi/background_actionbar.png (OK)
     [exec]   910748 res/drawable-ldpi/button_back.png (OK)
     [exec]   912140 res/drawable-ldpi/button_backup.png (OK)
     [exec]   914604 res/drawable-ldpi/button_backup_disable.png (OK)
     [exec]   916992 res/drawable-ldpi/button_backup_gobackup.png (OK)
     [exec]   918388 res/drawable-ldpi/button_backup_gobackup_disable.png (OK)
     [exec]   919680 res/drawable-ldpi/button_backup_gobackup_high.png (OK)
     [exec]   921448 res/drawable-ldpi/button_backup_high.png (OK)
     [exec]   924272 res/drawable-ldpi/button_backup_markin.png (OK)
     [exec]   926340 res/drawable-ldpi/button_backup_markin_disable.png (OK)
     [exec]   928248 res/drawable-ldpi/button_backup_markin_high.png (OK)
     [exec]   930472 res/drawable-ldpi/button_backup_markout.png (OK)
     [exec]   932600 res/drawable-ldpi/button_backup_markout_disable.png (OK)
     [exec]   933956 res/drawable-ldpi/button_backup_markout_high.png (OK)
     [exec]   936276 res/drawable-ldpi/button_div1.png (OK)
     [exec]   937792 res/drawable-ldpi/button_div16.png (OK)
     [exec]   939848 res/drawable-ldpi/button_div16_disable.png (OK)
     [exec]   941764 res/drawable-ldpi/button_div16_high.png (OK)
     [exec]   943976 res/drawable-ldpi/button_div1_disable.png (OK)
     [exec]   945372 res/drawable-ldpi/button_div1_high.png (OK)
     [exec]   947092 res/drawable-ldpi/button_div1_ptz.png (OK)
     [exec]   949104 res/drawable-ldpi/button_div1_ptz_disable.png (OK)
     [exec]   950924 res/drawable-ldpi/button_div1_ptz_high.png (OK)
     [exec]   953136 res/drawable-ldpi/button_div4.png (OK)
     [exec]   954828 res/drawable-ldpi/button_div4_disable.png (OK)
     [exec]   956360 res/drawable-ldpi/button_div4_high.png (OK)
     [exec]   958320 res/drawable-ldpi/button_div9.png (OK)
     [exec]   960344 res/drawable-ldpi/button_div9_disable.png (OK)
     [exec]   962192 res/drawable-ldpi/button_div9_high.png (OK)
     [exec]   964380 res/drawable-ldpi/button_division.png (OK)
     [exec]   967344 res/drawable-ldpi/button_division_disable.png (OK)
     [exec]   970176 res/drawable-ldpi/button_division_high.png (OK)
     [exec]   973092 res/drawable-ldpi/button_eventplay.png (OK)
     [exec]   975488 res/drawable-ldpi/button_eventplay_diable.png (OK)
     [exec]   977780 res/drawable-ldpi/button_eventplay_disable.png (OK)
     [exec]   980068 res/drawable-ldpi/button_eventplay_high.png (OK)
     [exec]   982848 res/drawable-ldpi/button_home.png (OK)
     [exec]   984116 res/drawable-ldpi/button_motion.png (OK)
     [exec]   986104 res/drawable-ldpi/button_motion_disable.png (OK)
     [exec]   988020 res/drawable-ldpi/button_motion_high.png (OK)
     [exec]   990304 res/drawable-ldpi/button_nc.png (OK)
     [exec]   991660 res/drawable-ldpi/button_nc_disable.png (OK)
     [exec]   993072 res/drawable-ldpi/button_nc_high.png (OK)
     [exec]   994272 res/drawable-ldpi/button_no.png (OK)
     [exec]   995632 res/drawable-ldpi/button_no_disable.png (OK)
     [exec]   996948 res/drawable-ldpi/button_no_high.png (OK)
     [exec]   998940 res/drawable-ldpi/button_notification_disable.png (OK)
     [exec]  1001076 res/drawable-ldpi/button_notificationoff.png (OK)
     [exec]  1003220 res/drawable-ldpi/button_notificationoff_disable.png (OK)
     [exec]  1005360 res/drawable-ldpi/button_notificationoff_high.png (OK)
     [exec]  1008044 res/drawable-ldpi/button_notificationon.png (OK)
     [exec]  1010212 res/drawable-ldpi/button_notificationon_high.png (OK)
     [exec]  1012892 res/drawable-ldpi/button_play_forward.png (OK)
     [exec]  1014432 res/drawable-ldpi/button_play_forward_disable.png (OK)
     [exec]  1015920 res/drawable-ldpi/button_play_forward_high.png (OK)
     [exec]  1017804 res/drawable-ldpi/button_play_pause.png (OK)
     [exec]  1018744 res/drawable-ldpi/button_play_pause_disable.png (OK)
     [exec]  1020436 res/drawable-ldpi/button_play_pause_high.png (OK)
     [exec]  1021584 res/drawable-ldpi/button_play_playing.png (OK)
     [exec]  1023120 res/drawable-ldpi/button_play_playing_disable.png (OK)
     [exec]  1024644 res/drawable-ldpi/button_play_playing_high.png (OK)
     [exec]  1025912 res/drawable-ldpi/button_play_rewind.png (OK)
     [exec]  1027468 res/drawable-ldpi/button_play_rewind_disable.png (OK)
     [exec]  1028928 res/drawable-ldpi/button_play_rewind_high.png (OK)
     [exec]  1030760 res/drawable-ldpi/button_play_seek.png (OK)
     [exec]  1032600 res/drawable-ldpi/button_play_seek_disable.png (OK)
     [exec]  1034380 res/drawable-ldpi/button_play_seek_high.png (OK)
     [exec]  1036740 res/drawable-ldpi/button_play_step.png (OK)
     [exec]  1038188 res/drawable-ldpi/button_play_step_disable.png (OK)
     [exec]  1039540 res/drawable-ldpi/button_play_step_high.png (OK)
     [exec]  1041328 res/drawable-ldpi/button_pop_controls.png (OK)
     [exec]  1043612 res/drawable-ldpi/button_pop_controls_disable.png (OK)
     [exec]  1045796 res/drawable-ldpi/button_pop_controls_high.png (OK)
     [exec]  1048148 res/drawable-ldpi/button_pop_search.png (OK)
     [exec]  1050232 res/drawable-ldpi/button_pop_search_disable.png (OK)
     [exec]  1052264 res/drawable-ldpi/button_pop_search_high.png (OK)
     [exec]  1054296 res/drawable-ldpi/button_ptz.png (OK)
     [exec]  1056000 res/drawable-ldpi/button_ptz_disable.png (OK)
     [exec]  1057656 res/drawable-ldpi/button_ptz_focusin.png (OK)
     [exec]  1059480 res/drawable-ldpi/button_ptz_focusin_disable.png (OK)
     [exec]  1061232 res/drawable-ldpi/button_ptz_focusin_high.png (OK)
     [exec]  1063292 res/drawable-ldpi/button_ptz_focusout.png (OK)
     [exec]  1064892 res/drawable-ldpi/button_ptz_focusout_disable.png (OK)
     [exec]  1066400 res/drawable-ldpi/button_ptz_focusout_high.png (OK)
     [exec]  1068376 res/drawable-ldpi/button_ptz_gopreset.png (OK)
     [exec]  1070172 res/drawable-ldpi/button_ptz_gopreset_disable.png (OK)
     [exec]  1071916 res/drawable-ldpi/button_ptz_gopreset_high.png (OK)
     [exec]  1074136 res/drawable-ldpi/button_ptz_high.png (OK)
     [exec]  1076104 res/drawable-ldpi/button_ptz_irisclose.png (OK)
     [exec]  1079096 res/drawable-ldpi/button_ptz_irisclose_disable.png (OK)
     [exec]  1081984 res/drawable-ldpi/button_ptz_irisclose_high.png (OK)
     [exec]  1085168 res/drawable-ldpi/button_ptz_irisopen.png (OK)
     [exec]  1088128 res/drawable-ldpi/button_ptz_irisopen_disable.png (OK)
     [exec]  1090984 res/drawable-ldpi/button_ptz_irisopen_high.png (OK)
     [exec]  1094212 res/drawable-ldpi/button_ptz_setpreset.png (OK)
     [exec]  1095740 res/drawable-ldpi/button_ptz_setpreset_disable.png (OK)
     [exec]  1097248 res/drawable-ldpi/button_ptz_setpreset_high.png (OK)
     [exec]  1099136 res/drawable-ldpi/button_ptz_zoomin.png (OK)
     [exec]  1101452 res/drawable-ldpi/button_ptz_zoomin_disable.png (OK)
     [exec]  1103728 res/drawable-ldpi/button_ptz_zoomin_high.png (OK)
     [exec]  1106360 res/drawable-ldpi/button_ptz_zoomout.png (OK)
     [exec]  1108496 res/drawable-ldpi/button_ptz_zoomout_disable.png (OK)
     [exec]  1110560 res/drawable-ldpi/button_ptz_zoomout_high.png (OK)
     [exec]  1113080 res/drawable-ldpi/button_relay.png (OK)
     [exec]  1114500 res/drawable-ldpi/button_relay_disable.png (OK)
     [exec]  1115940 res/drawable-ldpi/button_relay_high.png (OK)
     [exec]  1117352 res/drawable-ldpi/button_relayauto.png (OK)
     [exec]  1119172 res/drawable-ldpi/button_relayauto_disable.png (OK)
     [exec]  1120932 res/drawable-ldpi/button_relayauto_high.png (OK)
     [exec]  1123284 res/drawable-ldpi/button_sec_01.png (OK)
     [exec]  1124756 res/drawable-ldpi/button_sec_01_disable.png (OK)
     [exec]  1126172 res/drawable-ldpi/button_sec_01_high.png (OK)
     [exec]  1128148 res/drawable-ldpi/button_sec_03.png (OK)
     [exec]  1130040 res/drawable-ldpi/button_sec_03_disable.png (OK)
     [exec]  1131892 res/drawable-ldpi/button_sec_03_high.png (OK)
     [exec]  1134344 res/drawable-ldpi/button_sec_05.png (OK)
     [exec]  1136280 res/drawable-ldpi/button_sec_05_disable.png (OK)
     [exec]  1138184 res/drawable-ldpi/button_sec_05_high.png (OK)
     [exec]  1140592 res/drawable-ldpi/button_sec_08.png (OK)
     [exec]  1142676 res/drawable-ldpi/button_sec_08_disable.png (OK)
     [exec]  1144680 res/drawable-ldpi/button_sec_08_high.png (OK)
     [exec]  1147200 res/drawable-ldpi/button_soundclose.png (OK)
     [exec]  1149268 res/drawable-ldpi/button_soundclose_disable.png (OK)
     [exec]  1151332 res/drawable-ldpi/button_soundclose_high.png (OK)
     [exec]  1153804 res/drawable-ldpi/button_soundopen.png (OK)
     [exec]  1155912 res/drawable-ldpi/button_soundopen_disable.png (OK)
     [exec]  1157976 res/drawable-ldpi/button_soundopen_high.png (OK)
     [exec]  1160444 res/drawable-ldpi/button_status.png (OK)
     [exec]  1163364 res/drawable-ldpi/button_status_disable.png (OK)
     [exec]  1166216 res/drawable-ldpi/button_status_event.png (OK)
     [exec]  1169344 res/drawable-ldpi/button_status_event_disable.png (OK)
     [exec]  1172440 res/drawable-ldpi/button_status_event_high.png (OK)
     [exec]  1175524 res/drawable-ldpi/button_status_high.png (OK)
     [exec]  1178412 res/drawable-ldpi/button_stream_00.png (OK)
     [exec]  1181016 res/drawable-ldpi/button_stream_00_disable.png (OK)
     [exec]  1183532 res/drawable-ldpi/button_stream_00_high.png (OK)
     [exec]  1186836 res/drawable-ldpi/button_stream_01.png (OK)
     [exec]  1189492 res/drawable-ldpi/button_stream_01_disable.png (OK)
     [exec]  1192052 res/drawable-ldpi/button_stream_01_high.png (OK)
     [exec]  1195340 res/drawable-ldpi/button_timeplay.png (OK)
     [exec]  1197672 res/drawable-ldpi/button_timeplay_disable.png (OK)
     [exec]  1199940 res/drawable-ldpi/button_timeplay_high.png (OK)
     [exec]  1202928 res/drawable-ldpi/button_videoloss.png (OK)
     [exec]  1205088 res/drawable-ldpi/button_videoloss_disable.png (OK)
     [exec]  1207220 res/drawable-ldpi/button_videoloss_high.png (OK)
     [exec]  1209680 res/drawable-ldpi/button_zoom.png (OK)
     [exec]  1211688 res/drawable-ldpi/button_zoom_disable.png (OK)
     [exec]  1213672 res/drawable-ldpi/button_zoom_high.png (OK)
     [exec]  1216116 res/drawable-ldpi/dvricon_04.png (OK)
     [exec]  1218388 res/drawable-ldpi/dvricon_08.png (OK)
     [exec]  1220904 res/drawable-ldpi/dvricon_09.png (OK)
     [exec]  1223432 res/drawable-ldpi/dvricon_10.png (OK)
     [exec]  1226276 res/drawable-ldpi/dvricon_16.png (OK)
     [exec]  1229160 res/drawable-ldpi/dvricon_20.png (OK)
     [exec]  1231936 res/drawable-ldpi/dvricon_32.png (OK)
     [exec]  1234916 res/drawable-ldpi/dvricon_unknow.png (OK)
     [exec]  1237268 res/drawable-ldpi/ic_launcher.png (OK)
     [exec]  1239876 res/drawable-ldpi/ic_launcher_actionbar.png (OK)
     [exec]  1241300 res/drawable-mdpi/background_actionbar.png (OK)
     [exec]  1241620 res/drawable-mdpi/button_back.png (OK)
     [exec]  1242992 res/drawable-mdpi/button_backup.png (OK)
     [exec]  1246364 res/drawable-mdpi/button_backup_disable.png (OK)
     [exec]  1249636 res/drawable-mdpi/button_backup_gobackup.png (OK)
     [exec]  1251296 res/drawable-mdpi/button_backup_gobackup_disable.png (OK)
     [exec]  1252888 res/drawable-mdpi/button_backup_gobackup_high.png (OK)
     [exec]  1255284 res/drawable-mdpi/button_backup_high.png (OK)
     [exec]  1259580 res/drawable-mdpi/button_backup_markin.png (OK)
     [exec]  1262328 res/drawable-mdpi/button_backup_markin_disable.png (OK)
     [exec]  1264928 res/drawable-mdpi/button_backup_markin_high.png (OK)
     [exec]  1268060 res/drawable-mdpi/button_backup_markout.png (OK)
     [exec]  1270908 res/drawable-mdpi/button_backup_markout_disable.png (OK)
     [exec]  1272664 res/drawable-mdpi/button_backup_markout_high.png (OK)
     [exec]  1275960 res/drawable-mdpi/button_div1.png (OK)
     [exec]  1277752 res/drawable-mdpi/button_div16.png (OK)
     [exec]  1280136 res/drawable-mdpi/button_div16_disable.png (OK)
     [exec]  1282376 res/drawable-mdpi/button_div16_high.png (OK)
     [exec]  1285172 res/drawable-mdpi/button_div1_disable.png (OK)
     [exec]  1286800 res/drawable-mdpi/button_div1_high.png (OK)
     [exec]  1288972 res/drawable-mdpi/button_div1_ptz.png (OK)
     [exec]  1291412 res/drawable-mdpi/button_div1_ptz_disable.png (OK)
     [exec]  1293620 res/drawable-mdpi/button_div1_ptz_high.png (OK)
     [exec]  1296596 res/drawable-mdpi/button_div4.png (OK)
     [exec]  1298580 res/drawable-mdpi/button_div4_disable.png (OK)
     [exec]  1300416 res/drawable-mdpi/button_div4_high.png (OK)
     [exec]  1302880 res/drawable-mdpi/button_div9.png (OK)
     [exec]  1305212 res/drawable-mdpi/button_div9_disable.png (OK)
     [exec]  1307388 res/drawable-mdpi/button_div9_high.png (OK)
     [exec]  1310132 res/drawable-mdpi/button_division.png (OK)
     [exec]  1313928 res/drawable-mdpi/button_division_disable.png (OK)
     [exec]  1317564 res/drawable-mdpi/button_division_high.png (OK)
     [exec]  1321432 res/drawable-mdpi/button_eventplay.png (OK)
     [exec]  1324500 res/drawable-mdpi/button_eventplay_disable.png (OK)
     [exec]  1327468 res/drawable-mdpi/button_eventplay_high.png (OK)
     [exec]  1331652 res/drawable-mdpi/button_home.png (OK)
     [exec]  1333332 res/drawable-mdpi/button_motion.png (OK)
     [exec]  1335812 res/drawable-mdpi/button_motion_disable.png (OK)
     [exec]  1338208 res/drawable-mdpi/button_motion_high.png (OK)
     [exec]  1341360 res/drawable-mdpi/button_nc.png (OK)
     [exec]  1342580 res/drawable-mdpi/button_nc_disable.png (OK)
     [exec]  1343788 res/drawable-mdpi/button_nc_high.png (OK)
     [exec]  1345452 res/drawable-mdpi/button_no.png (OK)
     [exec]  1347192 res/drawable-mdpi/button_no_disable.png (OK)
     [exec]  1348840 res/drawable-mdpi/button_no_high.png (OK)
     [exec]  1351552 res/drawable-mdpi/button_notificationoff.png (OK)
     [exec]  1354732 res/drawable-mdpi/button_notificationoff_disable.png (OK)
     [exec]  1357908 res/drawable-mdpi/button_notificationoff_high.png (OK)
     [exec]  1362076 res/drawable-mdpi/button_notificationon.png (OK)
     [exec]  1365360 res/drawable-mdpi/button_notificationon_disable.png (OK)
     [exec]  1368536 res/drawable-mdpi/button_notificationon_high.png (OK)
     [exec]  1372700 res/drawable-mdpi/button_play_forward.png (OK)
     [exec]  1374716 res/drawable-mdpi/button_play_forward_disable.png (OK)
     [exec]  1376632 res/drawable-mdpi/button_play_forward_high.png (OK)
     [exec]  1379236 res/drawable-mdpi/button_play_pause.png (OK)
     [exec]  1380304 res/drawable-mdpi/button_play_pause_disable.png (OK)
     [exec]  1381288 res/drawable-mdpi/button_play_pause_high.png (OK)
     [exec]  1382704 res/drawable-mdpi/button_play_playing.png (OK)
     [exec]  1384028 res/drawable-mdpi/button_play_playing_disable.png (OK)
     [exec]  1385336 res/drawable-mdpi/button_play_playing_high.png (OK)
     [exec]  1387052 res/drawable-mdpi/button_play_rewind.png (OK)
     [exec]  1389004 res/drawable-mdpi/button_play_rewind_disable.png (OK)
     [exec]  1390852 res/drawable-mdpi/button_play_rewind_high.png (OK)
     [exec]  1393348 res/drawable-mdpi/button_play_seek.png (OK)
     [exec]  1395828 res/drawable-mdpi/button_play_seek_disable.png (OK)
     [exec]  1398256 res/drawable-mdpi/button_play_seek_high.png (OK)
     [exec]  1401792 res/drawable-mdpi/button_play_step.png (OK)
     [exec]  1403568 res/drawable-mdpi/button_play_step_disable.png (OK)
     [exec]  1405200 res/drawable-mdpi/button_play_step_high.png (OK)
     [exec]  1407588 res/drawable-mdpi/button_pop_controls.png (OK)
     [exec]  1410808 res/drawable-mdpi/button_pop_controls_disable.png (OK)
     [exec]  1413972 res/drawable-mdpi/button_pop_controls_high.png (OK)
     [exec]  1417500 res/drawable-mdpi/button_pop_search.png (OK)
     [exec]  1420236 res/drawable-mdpi/button_pop_search_disable.png (OK)
     [exec]  1422924 res/drawable-mdpi/button_pop_search_high.png (OK)
     [exec]  1425704 res/drawable-mdpi/button_ptz.png (OK)
     [exec]  1427880 res/drawable-mdpi/button_ptz_disable.png (OK)
     [exec]  1430020 res/drawable-mdpi/button_ptz_focusin.png (OK)
     [exec]  1432316 res/drawable-mdpi/button_ptz_focusin_disable.png (OK)
     [exec]  1434468 res/drawable-mdpi/button_ptz_focusin_high.png (OK)
     [exec]  1437320 res/drawable-mdpi/button_ptz_focusout.png (OK)
     [exec]  1439316 res/drawable-mdpi/button_ptz_focusout_disable.png (OK)
     [exec]  1441212 res/drawable-mdpi/button_ptz_focusout_high.png (OK)
     [exec]  1443828 res/drawable-mdpi/button_ptz_gopreset.png (OK)
     [exec]  1446180 res/drawable-mdpi/button_ptz_gopreset_disable.png (OK)
     [exec]  1448472 res/drawable-mdpi/button_ptz_gopreset_high.png (OK)
     [exec]  1451720 res/drawable-mdpi/button_ptz_high.png (OK)
     [exec]  1454464 res/drawable-mdpi/button_ptz_irisclose.png (OK)
     [exec]  1458784 res/drawable-mdpi/button_ptz_irisclose_disable.png (OK)
     [exec]  1462960 res/drawable-mdpi/button_ptz_irisclose_high.png (OK)
     [exec]  1467928 res/drawable-mdpi/button_ptz_irisopen.png (OK)
     [exec]  1472288 res/drawable-mdpi/button_ptz_irisopen_disable.png (OK)
     [exec]  1476508 res/drawable-mdpi/button_ptz_irisopen_high.png (OK)
     [exec]  1481476 res/drawable-mdpi/button_ptz_setpreset.png (OK)
     [exec]  1483476 res/drawable-mdpi/button_ptz_setpreset_disable.png (OK)
     [exec]  1485436 res/drawable-mdpi/button_ptz_setpreset_high.png (OK)
     [exec]  1488112 res/drawable-mdpi/button_ptz_zoomin.png (OK)
     [exec]  1491332 res/drawable-mdpi/button_ptz_zoomin_disable.png (OK)
     [exec]  1494496 res/drawable-mdpi/button_ptz_zoomin_high.png (OK)
     [exec]  1498540 res/drawable-mdpi/button_ptz_zoomout.png (OK)
     [exec]  1501468 res/drawable-mdpi/button_ptz_zoomout_disable.png (OK)
     [exec]  1504332 res/drawable-mdpi/button_ptz_zoomout_high.png (OK)
     [exec]  1508136 res/drawable-mdpi/button_relay.png (OK)
     [exec]  1509408 res/drawable-mdpi/button_relay_disable.png (OK)
     [exec]  1510660 res/drawable-mdpi/button_relay_high.png (OK)
     [exec]  1512628 res/drawable-mdpi/button_relayauto.png (OK)
     [exec]  1514964 res/drawable-mdpi/button_relayauto_disable.png (OK)
     [exec]  1517216 res/drawable-mdpi/button_relayauto_high.png (OK)
     [exec]  1520712 res/drawable-mdpi/button_sec_01.png (OK)
     [exec]  1522568 res/drawable-mdpi/button_sec_01_disable.png (OK)
     [exec]  1524332 res/drawable-mdpi/button_sec_01_high.png (OK)
     [exec]  1527168 res/drawable-mdpi/button_sec_03.png (OK)
     [exec]  1529564 res/drawable-mdpi/button_sec_03_disable.png (OK)
     [exec]  1531928 res/drawable-mdpi/button_sec_03_high.png (OK)
     [exec]  1535516 res/drawable-mdpi/button_sec_05.png (OK)
     [exec]  1538036 res/drawable-mdpi/button_sec_05_disable.png (OK)
     [exec]  1540476 res/drawable-mdpi/button_sec_05_high.png (OK)
     [exec]  1544028 res/drawable-mdpi/button_sec_08.png (OK)
     [exec]  1546768 res/drawable-mdpi/button_sec_08_disable.png (OK)
     [exec]  1549388 res/drawable-mdpi/button_sec_08_high.png (OK)
     [exec]  1553132 res/drawable-mdpi/button_soundclose.png (OK)
     [exec]  1556120 res/drawable-mdpi/button_soundclose_disable.png (OK)
     [exec]  1559104 res/drawable-mdpi/button_soundclose_high.png (OK)
     [exec]  1562948 res/drawable-mdpi/button_soundopen.png (OK)
     [exec]  1565972 res/drawable-mdpi/button_soundopen_disable.png (OK)
     [exec]  1568956 res/drawable-mdpi/button_soundopen_high.png (OK)
     [exec]  1572800 res/drawable-mdpi/button_status.png (OK)
     [exec]  1576732 res/drawable-mdpi/button_status_disable.png (OK)
     [exec]  1580504 res/drawable-mdpi/button_status_event.png (OK)
     [exec]  1584772 res/drawable-mdpi/button_status_event_disable.png (OK)
     [exec]  1588916 res/drawable-mdpi/button_status_event_high.png (OK)
     [exec]  1593204 res/drawable-mdpi/button_status_high.png (OK)
     [exec]  1597184 res/drawable-mdpi/button_stream_00.png (OK)
     [exec]  1600828 res/drawable-mdpi/button_stream_00_disable.png (OK)
     [exec]  1604340 res/drawable-mdpi/button_stream_00_high.png (OK)
     [exec]  1609416 res/drawable-mdpi/button_stream_01.png (OK)
     [exec]  1613168 res/drawable-mdpi/button_stream_01_disable.png (OK)
     [exec]  1616772 res/drawable-mdpi/button_stream_01_high.png (OK)
     [exec]  1621924 res/drawable-mdpi/button_timeplay.png (OK)
     [exec]  1625064 res/drawable-mdpi/button_timeplay_disable.png (OK)
     [exec]  1628156 res/drawable-mdpi/button_timeplay_high.png (OK)
     [exec]  1632612 res/drawable-mdpi/button_videoloss.png (OK)
     [exec]  1635656 res/drawable-mdpi/button_videoloss_disable.png (OK)
     [exec]  1638680 res/drawable-mdpi/button_videoloss_high.png (OK)
     [exec]  1642140 res/drawable-mdpi/button_zoom.png (OK)
     [exec]  1644928 res/drawable-mdpi/button_zoom_disable.png (OK)
     [exec]  1647672 res/drawable-mdpi/button_zoom_high.png (OK)
     [exec]  1651392 res/drawable-mdpi/dvricon_04.png (OK)
     [exec]  1654280 res/drawable-mdpi/dvricon_08.png (OK)
     [exec]  1657496 res/drawable-mdpi/dvricon_09.png (OK)
     [exec]  1660768 res/drawable-mdpi/dvricon_10.png (OK)
     [exec]  1664632 res/drawable-mdpi/dvricon_16.png (OK)
     [exec]  1668600 res/drawable-mdpi/dvricon_20.png (OK)
     [exec]  1672212 res/drawable-mdpi/dvricon_32.png (OK)
     [exec]  1676352 res/drawable-mdpi/dvricon_unknow.png (OK)
     [exec]  1679448 res/drawable-mdpi/ic_launcher.png (OK)
     [exec]  1683460 res/drawable-mdpi/ic_launcher_actionbar.png (OK)
     [exec]  1684905 res/layout-land/actionbar.xml (OK - compressed)
     [exec]  1685495 res/layout-land/actionbar_home.xml (OK - compressed)
     [exec]  1686072 res/layout-land/main.xml (OK - compressed)
     [exec]  1686657 res/layout-land/page_play.xml (OK - compressed)
     [exec]  1687233 res/layout-land/page_ptz.xml (OK - compressed)
     [exec]  1687671 res/layout-land/page_relay.xml (OK - compressed)
     [exec]  1688111 res/layout-land/panel_live.xml (OK - compressed)
     [exec]  1688896 res/layout-land/panel_play.xml (OK - compressed)
     [exec]  1689619 res/layout-land/panel_ptz.xml (OK - compressed)
     [exec]  1690425 res/layout-land/panel_relay.xml (OK - compressed)
     [exec]  1691009 res/layout-land/popup_1x1.xml (OK - compressed)
     [exec]  1692256 res/layout-land/popup_2x2.xml (OK - compressed)
     [exec]  1693124 res/layout-land/popup_status.xml (OK - compressed)
     [exec]  1695684 res/layout-port/actionbar.xml (OK - compressed)
     [exec]  1696270 res/layout-port/actionbar_home.xml (OK - compressed)
     [exec]  1696844 res/layout-port/main.xml (OK - compressed)
     [exec]  1697469 res/layout-port/page_play.xml (OK - compressed)
     [exec]  1698093 res/layout-port/page_ptz.xml (OK - compressed)
     [exec]  1698580 res/layout-port/page_relay.xml (OK - compressed)
     [exec]  1699038 res/layout-port/panel_live.xml (OK - compressed)
     [exec]  1699815 res/layout-port/panel_play.xml (OK - compressed)
     [exec]  1700575 res/layout-port/panel_ptz.xml (OK - compressed)
     [exec]  1701197 res/layout-port/panel_relay.xml (OK - compressed)
     [exec]  1701811 res/layout-port/popup_1x1.xml (OK - compressed)
     [exec]  1703109 res/layout-port/popup_2x2.xml (OK - compressed)
     [exec]  1704004 res/layout-port/popup_status.xml (OK - compressed)
     [exec]  1706546 classes.dex (OK - compressed)
     [exec]  1954722 lib/armeabi/libP2PTunnelAPIs.so (OK - compressed)
     [exec]  2021118 lib/armeabi/libpeersdk-jni.so (OK - compressed)
     [exec] Verification succesful
   [delete] Deleting: /home/rd/share/autobuild_android-apk_11298/iWatchDVR2/bin/unzipalign_iViewDVR4G.apk
   [delete] Deleting: /home/rd/share/autobuild_android-apk_11298/iWatchDVR2/bin/unsigned_iViewDVR4G.apk

availableReleaseDir:

mkReleaseDir:

release:
     [copy] Copying 1 file to /home/rd/share/autobuild_android-apk_11298/release

BUILD SUCCESSFUL
Total time: 29 seconds
