Buildfile: /home/rd/share/autobuild_android-apk_11298/iWatchDVR2/build.xml

pre-setup:
     [echo] ========================================
     [echo] Deleting output directories...
   [delete] Deleting directory /home/rd/share/autobuild_android-apk_11298/iWatchDVR2/bin
     [echo] ========================================

build-setup:
     [echo] ========================================
     [echo] Creating output directories...
    [mkdir] Created dir: /home/rd/share/autobuild_android-apk_11298/iWatchDVR2/bin
    [mkdir] Created dir: /home/rd/share/autobuild_android-apk_11298/iWatchDVR2/bin/classes
     [echo] ========================================

compile-resource:
     [echo] ========================================
     [echo] Compiling R.java....
     [echo] ========================================
    [javac] /home/rd/share/autobuild_android-apk_11298/iWatchDVR2/build.xml:136: warning: 'includeantruntime' was not set, defaulting to build.sysclasspath=last; set to false for repeatable builds
    [javac] Compiling 3 source files to /home/rd/share/autobuild_android-apk_11298/iWatchDVR2/bin/classes
    [javac] 
    [javac]           WARNING
    [javac] 
    [javac] The -source switch defaults to 1.7 in JDK 1.7.
    [javac] If you specify -target 1.5 you now must also specify -source 1.5.
    [javac] Ant will implicitly add -source 1.5 for you.  Please change your build file.

compile-source:
     [echo] ========================================
     [echo] Compiling *.java else....
     [echo] ========================================
    [javac] /home/rd/share/autobuild_android-apk_11298/iWatchDVR2/build.xml:146: warning: 'includeantruntime' was not set, defaulting to build.sysclasspath=last; set to false for repeatable builds
    [javac] Compiling 132 source files to /home/rd/share/autobuild_android-apk_11298/iWatchDVR2/bin/classes
    [javac] 
    [javac]           WARNING
    [javac] 
    [javac] The -source switch defaults to 1.7 in JDK 1.7.
    [javac] If you specify -target 1.5 you now must also specify -source 1.5.
    [javac] Ant will implicitly add -source 1.5 for you.  Please change your build file.
    [javac] Note: /home/rd/share/autobuild_android-apk_11298/iWatchDVR2/src/remote/iWatchDVR/ZoomActivity.java uses or overrides a deprecated API.
    [javac] Note: Recompile with -Xlint:deprecation for details.
    [javac] Note: Some input files use unchecked or unsafe operations.
    [javac] Note: Recompile with -Xlint:unchecked for details.

pack-jar:
     [echo] ========================================
     [echo] Creating library output jar file....
     [echo] ========================================
      [jar] Building jar: /home/rd/share/autobuild_android-apk_11298/iWatchDVR2/bin/classes.jar

gen-dex:
     [echo] ========================================
     [echo] Generating dalvik bytecodes....
     [echo] ========================================

package-resources:
     [echo] ========================================
     [echo] Packaging resources....
     [echo] ========================================

pack-apk:
     [echo] ========================================
     [echo] Packaging unsigned apk....
     [echo] ========================================
     [exec] 
     [exec] THIS TOOL IS DEPRECATED. See --help for more information.
     [exec] 

sign-apk:
     [echo] ========================================
     [echo] Signing apk....
     [echo] ========================================
     [exec]    adding: META-INF/MANIFEST.MF
     [exec]    adding: META-INF/ICATCH.SF
     [exec]    adding: META-INF/ICATCH.RSA
     [exec]   signing: res/anim/disappear.xml
     [exec]   signing: res/anim/grow_from_bottom.xml
     [exec]   signing: res/anim/grow_from_bottomleft_to_topright.xml
     [exec]   signing: res/anim/grow_from_bottomright_to_topleft.xml
     [exec]   signing: res/anim/grow_from_top.xml
     [exec]   signing: res/anim/grow_from_topleft_to_bottomright.xml
     [exec]   signing: res/anim/grow_from_topright_to_bottomleft.xml
     [exec]   signing: res/anim/pump_bottom.xml
     [exec]   signing: res/anim/pump_top.xml
     [exec]   signing: res/anim/rail.xml
     [exec]   signing: res/anim/shrink_from_bottom.xml
     [exec]   signing: res/anim/shrink_from_bottomleft_to_topright.xml
     [exec]   signing: res/anim/shrink_from_bottomright_to_topleft.xml
     [exec]   signing: res/anim/shrink_from_top.xml
     [exec]   signing: res/anim/shrink_from_topleft_to_bottomright.xml
     [exec]   signing: res/anim/shrink_from_topright_to_bottomleft.xml
     [exec]   signing: res/drawable/action_item_btn.xml
     [exec]   signing: res/drawable/action_item_selected.9.png
     [exec]   signing: res/drawable/arrow_down.png
     [exec]   signing: res/drawable/arrow_up.png
     [exec]   signing: res/drawable/background.9.png
     [exec]   signing: res/drawable/background_wheel.xml
     [exec]   signing: res/drawable/ic_launcher.png
     [exec]   signing: res/drawable/point_center.png
     [exec]   signing: res/drawable/popup.9.png
     [exec]   signing: res/drawable/rect.9.png
     [exec]   signing: res/drawable/rect_center.png
     [exec]   signing: res/drawable/selector_action_item.xml
     [exec]   signing: res/drawable/selector_button_1sec.xml
     [exec]   signing: res/drawable/selector_button_1x1.xml
     [exec]   signing: res/drawable/selector_button_1x1_ptz.xml
     [exec]   signing: res/drawable/selector_button_2x2.xml
     [exec]   signing: res/drawable/selector_button_3sec.xml
     [exec]   signing: res/drawable/selector_button_3x3.xml
     [exec]   signing: res/drawable/selector_button_4x4.xml
     [exec]   signing: res/drawable/selector_button_5sec.xml
     [exec]   signing: res/drawable/selector_button_8sec.xml
     [exec]   signing: res/drawable/selector_button_backup.xml
     [exec]   signing: res/drawable/selector_button_division.xml
     [exec]   signing: res/drawable/selector_button_eventplay.xml
     [exec]   signing: res/drawable/selector_button_focusin.xml
     [exec]   signing: res/drawable/selector_button_focusout.xml
     [exec]   signing: res/drawable/selector_button_forward.xml
     [exec]   signing: res/drawable/selector_button_go_preset.xml
     [exec]   signing: res/drawable/selector_button_gobackup.xml
     [exec]   signing: res/drawable/selector_button_iris_close.xml
     [exec]   signing: res/drawable/selector_button_iris_open.xml
     [exec]   signing: res/drawable/selector_button_mainstream.xml
     [exec]   signing: res/drawable/selector_button_markin.xml
     [exec]   signing: res/drawable/selector_button_markout.xml
     [exec]   signing: res/drawable/selector_button_motion.xml
     [exec]   signing: res/drawable/selector_button_muteoff.xml
     [exec]   signing: res/drawable/selector_button_muteon.xml
     [exec]   signing: res/drawable/selector_button_nc.xml
     [exec]   signing: res/drawable/selector_button_no.xml
     [exec]   signing: res/drawable/selector_button_notifyoff.xml
     [exec]   signing: res/drawable/selector_button_notifyon.xml
     [exec]   signing: res/drawable/selector_button_pause.xml
     [exec]   signing: res/drawable/selector_button_play.xml
     [exec]   signing: res/drawable/selector_button_pop_controls.xml
     [exec]   signing: res/drawable/selector_button_pop_search.xml
     [exec]   signing: res/drawable/selector_button_ptz.xml
     [exec]   signing: res/drawable/selector_button_relay.xml
     [exec]   signing: res/drawable/selector_button_relayauto.xml
     [exec]   signing: res/drawable/selector_button_rewind.xml
     [exec]   signing: res/drawable/selector_button_seek.xml
     [exec]   signing: res/drawable/selector_button_set_preset.xml
     [exec]   signing: res/drawable/selector_button_status.xml
     [exec]   signing: res/drawable/selector_button_status_event.xml
     [exec]   signing: res/drawable/selector_button_step.xml
     [exec]   signing: res/drawable/selector_button_substream.xml
     [exec]   signing: res/drawable/selector_button_time_search.xml
     [exec]   signing: res/drawable/selector_button_videoloss.xml
     [exec]   signing: res/drawable/selector_button_zoom.xml
     [exec]   signing: res/drawable/selector_button_zoomin.xml
     [exec]   signing: res/drawable/selector_button_zoomout.xml
     [exec]   signing: res/drawable/selector_calendar.xml
     [exec]   signing: res/drawable/selector_calendar_event.xml
     [exec]   signing: res/drawable/selector_calendar_mark.xml
     [exec]   signing: res/drawable/shape_wheel.xml
     [exec]   signing: res/layout/calendar_view.xml
     [exec]   signing: res/layout/clock.xml
     [exec]   signing: res/layout/clock_time.xml
     [exec]   signing: res/layout/dialog_1x1.xml
     [exec]   signing: res/layout/dialog_backup_datetime.xml
     [exec]   signing: res/layout/dialog_divide.xml
     [exec]   signing: res/layout/dialog_divide_gridcontent.xml
     [exec]   signing: res/layout/dialog_ptz_preset.xml
     [exec]   signing: res/layout/fragment_stack.xml
     [exec]   signing: res/layout/fragment_tabs_pager.xml
     [exec]   signing: res/layout/gridview_item_gopreset.xml
     [exec]   signing: res/layout/gridview_item_setpreset.xml
     [exec]   signing: res/layout/listiview_row_login.xml
     [exec]   signing: res/layout/listview_row_backup.xml
     [exec]   signing: res/layout/listview_row_backup_channels.xml
     [exec]   signing: res/layout/listview_row_backup_files.xml
     [exec]   signing: res/layout/listview_row_backup_folder.xml
     [exec]   signing: res/layout/listview_row_log.xml
     [exec]   signing: res/layout/listview_row_login_dvr.xml
     [exec]   signing: res/layout/page_about.xml
     [exec]   signing: res/layout/page_backup.xml
     [exec]   signing: res/layout/page_backup_files.xml
     [exec]   signing: res/layout/page_backup_list.xml
     [exec]   signing: res/layout/page_backup_time_calendar.xml
     [exec]   signing: res/layout/page_edit_dvr_info.xml
     [exec]   signing: res/layout/page_hello.xml
     [exec]   signing: res/layout/page_log_search.xml
     [exec]   signing: res/layout/page_log_search_result.xml
     [exec]   signing: res/layout/page_login.xml
     [exec]   signing: res/layout/page_time_search.xml
     [exec]   signing: res/layout/page_zoom.xml
     [exec]   signing: res/layout/panel_live_landscape.xml
     [exec]   signing: res/layout/panel_live_portrait.xml
     [exec]   signing: res/layout/panel_play_landscape.xml
     [exec]   signing: res/layout/panel_play_portrait.xml
     [exec]   signing: res/layout/popup_4x4.xml
     [exec]   signing: res/layout/popup_8ch.xml
     [exec]   signing: res/layout/popup_backup.xml
     [exec]   signing: res/layout/popup_control.xml
     [exec]   signing: res/layout/popup_division.xml
     [exec]   signing: res/layout/popup_relay_pole.xml
     [exec]   signing: res/layout/popup_relay_second.xml
     [exec]   signing: res/layout/popup_search.xml
     [exec]   signing: res/layout/popup_stream.xml
     [exec]   signing: res/layout/preference_category.xml
     [exec]   signing: res/layout/preset_dialog.xml
     [exec]   signing: res/layout/preset_picker.xml
     [exec]   signing: res/layout/seekbar_preference.xml
     [exec]   signing: res/xml/backup.xml
     [exec]   signing: AndroidManifest.xml
     [exec]   signing: resources.arsc
     [exec]   signing: res/drawable-hdpi/background_actionbar.png
     [exec]   signing: res/drawable-hdpi/button_back.png
     [exec]   signing: res/drawable-hdpi/button_backup.png
     [exec]   signing: res/drawable-hdpi/button_backup_disable.png
     [exec]   signing: res/drawable-hdpi/button_backup_gobackup.png
     [exec]   signing: res/drawable-hdpi/button_backup_gobackup_disable.png
     [exec]   signing: res/drawable-hdpi/button_backup_gobackup_high.png
     [exec]   signing: res/drawable-hdpi/button_backup_high.png
     [exec]   signing: res/drawable-hdpi/button_backup_markin.png
     [exec]   signing: res/drawable-hdpi/button_backup_markin_disable.png
     [exec]   signing: res/drawable-hdpi/button_backup_markin_high.png
     [exec]   signing: res/drawable-hdpi/button_backup_markout.png
     [exec]   signing: res/drawable-hdpi/button_backup_markout_disable.png
     [exec]   signing: res/drawable-hdpi/button_backup_markout_high.png
     [exec]   signing: res/drawable-hdpi/button_div1.png
     [exec]   signing: res/drawable-hdpi/button_div16.png
     [exec]   signing: res/drawable-hdpi/button_div16_disable.png
     [exec]   signing: res/drawable-hdpi/button_div16_high.png
     [exec]   signing: res/drawable-hdpi/button_div1_disable.png
     [exec]   signing: res/drawable-hdpi/button_div1_high.png
     [exec]   signing: res/drawable-hdpi/button_div1_ptz.png
     [exec]   signing: res/drawable-hdpi/button_div1_ptz_disable.png
     [exec]   signing: res/drawable-hdpi/button_div1_ptz_high.png
     [exec]   signing: res/drawable-hdpi/button_div4.png
     [exec]   signing: res/drawable-hdpi/button_div4_disable.png
     [exec]   signing: res/drawable-hdpi/button_div4_high.png
     [exec]   signing: res/drawable-hdpi/button_div9.png
     [exec]   signing: res/drawable-hdpi/button_div9_disable.png
     [exec]   signing: res/drawable-hdpi/button_div9_high.png
     [exec]   signing: res/drawable-hdpi/button_division.png
     [exec]   signing: res/drawable-hdpi/button_division_disable.png
     [exec]   signing: res/drawable-hdpi/button_division_high.png
     [exec]   signing: res/drawable-hdpi/button_eventplay.png
     [exec]   signing: res/drawable-hdpi/button_eventplay_disable.png
     [exec]   signing: res/drawable-hdpi/button_eventplay_high.png
     [exec]   signing: res/drawable-hdpi/button_home.png
     [exec]   signing: res/drawable-hdpi/button_motion.png
     [exec]   signing: res/drawable-hdpi/button_motion_disable.png
     [exec]   signing: res/drawable-hdpi/button_motion_high.png
     [exec]   signing: res/drawable-hdpi/button_nc.png
     [exec]   signing: res/drawable-hdpi/button_nc_disable.png
     [exec]   signing: res/drawable-hdpi/button_nc_high.png
     [exec]   signing: res/drawable-hdpi/button_no.png
     [exec]   signing: res/drawable-hdpi/button_no_disable.png
     [exec]   signing: res/drawable-hdpi/button_no_high.png
     [exec]   signing: res/drawable-hdpi/button_notificationoff.png
     [exec]   signing: res/drawable-hdpi/button_notificationoff_disable.png
     [exec]   signing: res/drawable-hdpi/button_notificationoff_high.png
     [exec]   signing: res/drawable-hdpi/button_notificationon.png
     [exec]   signing: res/drawable-hdpi/button_notificationon_disable.png
     [exec]   signing: res/drawable-hdpi/button_notificationon_high.png
     [exec]   signing: res/drawable-hdpi/button_play_forward.png
     [exec]   signing: res/drawable-hdpi/button_play_forward_disable.png
     [exec]   signing: res/drawable-hdpi/button_play_forward_high.png
     [exec]   signing: res/drawable-hdpi/button_play_pause.png
     [exec]   signing: res/drawable-hdpi/button_play_pause_disable.png
     [exec]   signing: res/drawable-hdpi/button_play_pause_high.png
     [exec]   signing: res/drawable-hdpi/button_play_playing.png
     [exec]   signing: res/drawable-hdpi/button_play_playing_disable.png
     [exec]   signing: res/drawable-hdpi/button_play_playing_high.png
     [exec]   signing: res/drawable-hdpi/button_play_rewind.png
     [exec]   signing: res/drawable-hdpi/button_play_rewind_disable.png
     [exec]   signing: res/drawable-hdpi/button_play_rewind_high.png
     [exec]   signing: res/drawable-hdpi/button_play_seek.png
     [exec]   signing: res/drawable-hdpi/button_play_seek_disable.png
     [exec]   signing: res/drawable-hdpi/button_play_seek_high.png
     [exec]   signing: res/drawable-hdpi/button_play_step.png
     [exec]   signing: res/drawable-hdpi/button_play_step_disable.png
     [exec]   signing: res/drawable-hdpi/button_play_step_high.png
     [exec]   signing: res/drawable-hdpi/button_pop_controls.png
     [exec]   signing: res/drawable-hdpi/button_pop_controls_disable.png
     [exec]   signing: res/drawable-hdpi/button_pop_controls_high.png
     [exec]   signing: res/drawable-hdpi/button_pop_search.png
     [exec]   signing: res/drawable-hdpi/button_pop_search_disable.png
     [exec]   signing: res/drawable-hdpi/button_pop_search_high.png
     [exec]   signing: res/drawable-hdpi/button_ptz.png
     [exec]   signing: res/drawable-hdpi/button_ptz_disable.png
     [exec]   signing: res/drawable-hdpi/button_ptz_focusin.png
     [exec]   signing: res/drawable-hdpi/button_ptz_focusin_disable.png
     [exec]   signing: res/drawable-hdpi/button_ptz_focusin_high.png
     [exec]   signing: res/drawable-hdpi/button_ptz_focusout.png
     [exec]   signing: res/drawable-hdpi/button_ptz_focusout_disable.png
     [exec]   signing: res/drawable-hdpi/button_ptz_focusout_high.png
     [exec]   signing: res/drawable-hdpi/button_ptz_gopreset.png
     [exec]   signing: res/drawable-hdpi/button_ptz_gopreset_disable.png
     [exec]   signing: res/drawable-hdpi/button_ptz_gopreset_high.png
     [exec]   signing: res/drawable-hdpi/button_ptz_high.png
     [exec]   signing: res/drawable-hdpi/button_ptz_irisclose.png
     [exec]   signing: res/drawable-hdpi/button_ptz_irisclose_disable.png
     [exec]   signing: res/drawable-hdpi/button_ptz_irisclose_high.png
     [exec]   signing: res/drawable-hdpi/button_ptz_irisopen.png
     [exec]   signing: res/drawable-hdpi/button_ptz_irisopen_disable.png
     [exec]   signing: res/drawable-hdpi/button_ptz_irisopen_high.png
     [exec]   signing: res/drawable-hdpi/button_ptz_setpreset.png
     [exec]   signing: res/drawable-hdpi/button_ptz_setpreset_disable.png
     [exec]   signing: res/drawable-hdpi/button_ptz_setpreset_high.png
     [exec]   signing: res/drawable-hdpi/button_ptz_zoomin.png
     [exec]   signing: res/drawable-hdpi/button_ptz_zoomin_disable.png
     [exec]   signing: res/drawable-hdpi/button_ptz_zoomin_high.png
     [exec]   signing: res/drawable-hdpi/button_ptz_zoomout.png
     [exec]   signing: res/drawable-hdpi/button_ptz_zoomout_disable.png
     [exec]   signing: res/drawable-hdpi/button_ptz_zoomout_high.png
     [exec]   signing: res/drawable-hdpi/button_relay.png
     [exec]   signing: res/drawable-hdpi/button_relay_disable.png
     [exec]   signing: res/drawable-hdpi/button_relay_high.png
     [exec]   signing: res/drawable-hdpi/button_relayauto.png
     [exec]   signing: res/drawable-hdpi/button_relayauto_disable.png
     [exec]   signing: res/drawable-hdpi/button_relayauto_high.png
     [exec]   signing: res/drawable-hdpi/button_sec_01.png
     [exec]   signing: res/drawable-hdpi/button_sec_01_disable.png
     [exec]   signing: res/drawable-hdpi/button_sec_01_high.png
     [exec]   signing: res/drawable-hdpi/button_sec_03.png
     [exec]   signing: res/drawable-hdpi/button_sec_03_disable.png
     [exec]   signing: res/drawable-hdpi/button_sec_03_high.png
     [exec]   signing: res/drawable-hdpi/button_sec_05.png
     [exec]   signing: res/drawable-hdpi/button_sec_05_disable.png
     [exec]   signing: res/drawable-hdpi/button_sec_05_high.png
     [exec]   signing: res/drawable-hdpi/button_sec_08.png
     [exec]   signing: res/drawable-hdpi/button_sec_08_disable.png
     [exec]   signing: res/drawable-hdpi/button_sec_08_high.png
     [exec]   signing: res/drawable-hdpi/button_soundclose.png
     [exec]   signing: res/drawable-hdpi/button_soundclose_disable.png
     [exec]   signing: res/drawable-hdpi/button_soundclose_high.png
     [exec]   signing: res/drawable-hdpi/button_soundopen.png
     [exec]   signing: res/drawable-hdpi/button_soundopen_disable.png
     [exec]   signing: res/drawable-hdpi/button_soundopen_high.png
     [exec]   signing: res/drawable-hdpi/button_status.png
     [exec]   signing: res/drawable-hdpi/button_status_disable.png
     [exec]   signing: res/drawable-hdpi/button_status_event.png
     [exec]   signing: res/drawable-hdpi/button_status_event_disable.png
     [exec]   signing: res/drawable-hdpi/button_status_event_high.png
     [exec]   signing: res/drawable-hdpi/button_status_high.png
     [exec]   signing: res/drawable-hdpi/button_stream_00.png
     [exec]   signing: res/drawable-hdpi/button_stream_00_disable.png
     [exec]   signing: res/drawable-hdpi/button_stream_00_high.png
     [exec]   signing: res/drawable-hdpi/button_stream_01.png
     [exec]   signing: res/drawable-hdpi/button_stream_01_disable.png
     [exec]   signing: res/drawable-hdpi/button_stream_01_high.png
     [exec]   signing: res/drawable-hdpi/button_timeplay.png
     [exec]   signing: res/drawable-hdpi/button_timeplay_disable.png
     [exec]   signing: res/drawable-hdpi/button_timeplay_high.png
     [exec]   signing: res/drawable-hdpi/button_videoloss.png
     [exec]   signing: res/drawable-hdpi/button_videoloss_disable.png
     [exec]   signing: res/drawable-hdpi/button_videoloss_high.png
     [exec]   signing: res/drawable-hdpi/button_zoom.png
     [exec]   signing: res/drawable-hdpi/button_zoom_disable.png
     [exec]   signing: res/drawable-hdpi/button_zoom_high.png
     [exec]   signing: res/drawable-hdpi/dvricon_04.png
     [exec]   signing: res/drawable-hdpi/dvricon_08.png
     [exec]   signing: res/drawable-hdpi/dvricon_09.png
     [exec]   signing: res/drawable-hdpi/dvricon_10.png
     [exec]   signing: res/drawable-hdpi/dvricon_16.png
     [exec]   signing: res/drawable-hdpi/dvricon_20.png
     [exec]   signing: res/drawable-hdpi/dvricon_32.png
     [exec]   signing: res/drawable-hdpi/dvricon_unknow.png
     [exec]   signing: res/drawable-hdpi/ic_launcher.png
     [exec]   signing: res/drawable-hdpi/ic_launcher_actionbar.png
     [exec]   signing: res/drawable-ldpi/background_actionbar.png
     [exec]   signing: res/drawable-ldpi/button_back.png
     [exec]   signing: res/drawable-ldpi/button_backup.png
     [exec]   signing: res/drawable-ldpi/button_backup_disable.png
     [exec]   signing: res/drawable-ldpi/button_backup_gobackup.png
     [exec]   signing: res/drawable-ldpi/button_backup_gobackup_disable.png
     [exec]   signing: res/drawable-ldpi/button_backup_gobackup_high.png
     [exec]   signing: res/drawable-ldpi/button_backup_high.png
     [exec]   signing: res/drawable-ldpi/button_backup_markin.png
     [exec]   signing: res/drawable-ldpi/button_backup_markin_disable.png
     [exec]   signing: res/drawable-ldpi/button_backup_markin_high.png
     [exec]   signing: res/drawable-ldpi/button_backup_markout.png
     [exec]   signing: res/drawable-ldpi/button_backup_markout_disable.png
     [exec]   signing: res/drawable-ldpi/button_backup_markout_high.png
     [exec]   signing: res/drawable-ldpi/button_div1.png
     [exec]   signing: res/drawable-ldpi/button_div16.png
     [exec]   signing: res/drawable-ldpi/button_div16_disable.png
     [exec]   signing: res/drawable-ldpi/button_div16_high.png
     [exec]   signing: res/drawable-ldpi/button_div1_disable.png
     [exec]   signing: res/drawable-ldpi/button_div1_high.png
     [exec]   signing: res/drawable-ldpi/button_div1_ptz.png
     [exec]   signing: res/drawable-ldpi/button_div1_ptz_disable.png
     [exec]   signing: res/drawable-ldpi/button_div1_ptz_high.png
     [exec]   signing: res/drawable-ldpi/button_div4.png
     [exec]   signing: res/drawable-ldpi/button_div4_disable.png
     [exec]   signing: res/drawable-ldpi/button_div4_high.png
     [exec]   signing: res/drawable-ldpi/button_div9.png
     [exec]   signing: res/drawable-ldpi/button_div9_disable.png
     [exec]   signing: res/drawable-ldpi/button_div9_high.png
     [exec]   signing: res/drawable-ldpi/button_division.png
     [exec]   signing: res/drawable-ldpi/button_division_disable.png
     [exec]   signing: res/drawable-ldpi/button_division_high.png
     [exec]   signing: res/drawable-ldpi/button_eventplay.png
     [exec]   signing: res/drawable-ldpi/button_eventplay_diable.png
     [exec]   signing: res/drawable-ldpi/button_eventplay_disable.png
     [exec]   signing: res/drawable-ldpi/button_eventplay_high.png
     [exec]   signing: res/drawable-ldpi/button_home.png
     [exec]   signing: res/drawable-ldpi/button_motion.png
     [exec]   signing: res/drawable-ldpi/button_motion_disable.png
     [exec]   signing: res/drawable-ldpi/button_motion_high.png
     [exec]   signing: res/drawable-ldpi/button_nc.png
     [exec]   signing: res/drawable-ldpi/button_nc_disable.png
     [exec]   signing: res/drawable-ldpi/button_nc_high.png
     [exec]   signing: res/drawable-ldpi/button_no.png
     [exec]   signing: res/drawable-ldpi/button_no_disable.png
     [exec]   signing: res/drawable-ldpi/button_no_high.png
     [exec]   signing: res/drawable-ldpi/button_notification_disable.png
     [exec]   signing: res/drawable-ldpi/button_notificationoff.png
     [exec]   signing: res/drawable-ldpi/button_notificationoff_disable.png
     [exec]   signing: res/drawable-ldpi/button_notificationoff_high.png
     [exec]   signing: res/drawable-ldpi/button_notificationon.png
     [exec]   signing: res/drawable-ldpi/button_notificationon_high.png
     [exec]   signing: res/drawable-ldpi/button_play_forward.png
     [exec]   signing: res/drawable-ldpi/button_play_forward_disable.png
     [exec]   signing: res/drawable-ldpi/button_play_forward_high.png
     [exec]   signing: res/drawable-ldpi/button_play_pause.png
     [exec]   signing: res/drawable-ldpi/button_play_pause_disable.png
     [exec]   signing: res/drawable-ldpi/button_play_pause_high.png
     [exec]   signing: res/drawable-ldpi/button_play_playing.png
     [exec]   signing: res/drawable-ldpi/button_play_playing_disable.png
     [exec]   signing: res/drawable-ldpi/button_play_playing_high.png
     [exec]   signing: res/drawable-ldpi/button_play_rewind.png
     [exec]   signing: res/drawable-ldpi/button_play_rewind_disable.png
     [exec]   signing: res/drawable-ldpi/button_play_rewind_high.png
     [exec]   signing: res/drawable-ldpi/button_play_seek.png
     [exec]   signing: res/drawable-ldpi/button_play_seek_disable.png
     [exec]   signing: res/drawable-ldpi/button_play_seek_high.png
     [exec]   signing: res/drawable-ldpi/button_play_step.png
     [exec]   signing: res/drawable-ldpi/button_play_step_disable.png
     [exec]   signing: res/drawable-ldpi/button_play_step_high.png
     [exec]   signing: res/drawable-ldpi/button_pop_controls.png
     [exec]   signing: res/drawable-ldpi/button_pop_controls_disable.png
     [exec]   signing: res/drawable-ldpi/button_pop_controls_high.png
     [exec]   signing: res/drawable-ldpi/button_pop_search.png
     [exec]   signing: res/drawable-ldpi/button_pop_search_disable.png
     [exec]   signing: res/drawable-ldpi/button_pop_search_high.png
     [exec]   signing: res/drawable-ldpi/button_ptz.png
     [exec]   signing: res/drawable-ldpi/button_ptz_disable.png
     [exec]   signing: res/drawable-ldpi/button_ptz_focusin.png
     [exec]   signing: res/drawable-ldpi/button_ptz_focusin_disable.png
     [exec]   signing: res/drawable-ldpi/button_ptz_focusin_high.png
     [exec]   signing: res/drawable-ldpi/button_ptz_focusout.png
     [exec]   signing: res/drawable-ldpi/button_ptz_focusout_disable.png
     [exec]   signing: res/drawable-ldpi/button_ptz_focusout_high.png
     [exec]   signing: res/drawable-ldpi/button_ptz_gopreset.png
     [exec]   signing: res/drawable-ldpi/button_ptz_gopreset_disable.png
     [exec]   signing: res/drawable-ldpi/button_ptz_gopreset_high.png
     [exec]   signing: res/drawable-ldpi/button_ptz_high.png
     [exec]   signing: res/drawable-ldpi/button_ptz_irisclose.png
     [exec]   signing: res/drawable-ldpi/button_ptz_irisclose_disable.png
     [exec]   signing: res/drawable-ldpi/button_ptz_irisclose_high.png
     [exec]   signing: res/drawable-ldpi/button_ptz_irisopen.png
     [exec]   signing: res/drawable-ldpi/button_ptz_irisopen_disable.png
     [exec]   signing: res/drawable-ldpi/button_ptz_irisopen_high.png
     [exec]   signing: res/drawable-ldpi/button_ptz_setpreset.png
     [exec]   signing: res/drawable-ldpi/button_ptz_setpreset_disable.png
     [exec]   signing: res/drawable-ldpi/button_ptz_setpreset_high.png
     [exec]   signing: res/drawable-ldpi/button_ptz_zoomin.png
     [exec]   signing: res/drawable-ldpi/button_ptz_zoomin_disable.png
     [exec]   signing: res/drawable-ldpi/button_ptz_zoomin_high.png
     [exec]   signing: res/drawable-ldpi/button_ptz_zoomout.png
     [exec]   signing: res/drawable-ldpi/button_ptz_zoomout_disable.png
     [exec]   signing: res/drawable-ldpi/button_ptz_zoomout_high.png
     [exec]   signing: res/drawable-ldpi/button_relay.png
     [exec]   signing: res/drawable-ldpi/button_relay_disable.png
     [exec]   signing: res/drawable-ldpi/button_relay_high.png
     [exec]   signing: res/drawable-ldpi/button_relayauto.png
     [exec]   signing: res/drawable-ldpi/button_relayauto_disable.png
     [exec]   signing: res/drawable-ldpi/button_relayauto_high.png
     [exec]   signing: res/drawable-ldpi/button_sec_01.png
     [exec]   signing: res/drawable-ldpi/button_sec_01_disable.png
     [exec]   signing: res/drawable-ldpi/button_sec_01_high.png
     [exec]   signing: res/drawable-ldpi/button_sec_03.png
     [exec]   signing: res/drawable-ldpi/button_sec_03_disable.png
     [exec]   signing: res/drawable-ldpi/button_sec_03_high.png
     [exec]   signing: res/drawable-ldpi/button_sec_05.png
     [exec]   signing: res/drawable-ldpi/button_sec_05_disable.png
     [exec]   signing: res/drawable-ldpi/button_sec_05_high.png
     [exec]   signing: res/drawable-ldpi/button_sec_08.png
     [exec]   signing: res/drawable-ldpi/button_sec_08_disable.png
     [exec]   signing: res/drawable-ldpi/button_sec_08_high.png
     [exec]   signing: res/drawable-ldpi/button_soundclose.png
     [exec]   signing: res/drawable-ldpi/button_soundclose_disable.png
     [exec]   signing: res/drawable-ldpi/button_soundclose_high.png
     [exec]   signing: res/drawable-ldpi/button_soundopen.png
     [exec]   signing: res/drawable-ldpi/button_soundopen_disable.png
     [exec]   signing: res/drawable-ldpi/button_soundopen_high.png
     [exec]   signing: res/drawable-ldpi/button_status.png
     [exec]   signing: res/drawable-ldpi/button_status_disable.png
     [exec]   signing: res/drawable-ldpi/button_status_event.png
     [exec]   signing: res/drawable-ldpi/button_status_event_disable.png
     [exec]   signing: res/drawable-ldpi/button_status_event_high.png
     [exec]   signing: res/drawable-ldpi/button_status_high.png
     [exec]   signing: res/drawable-ldpi/button_stream_00.png
     [exec]   signing: res/drawable-ldpi/button_stream_00_disable.png
     [exec]   signing: res/drawable-ldpi/button_stream_00_high.png
     [exec]   signing: res/drawable-ldpi/button_stream_01.png
     [exec]   signing: res/drawable-ldpi/button_stream_01_disable.png
     [exec]   signing: res/drawable-ldpi/button_stream_01_high.png
     [exec]   signing: res/drawable-ldpi/button_timeplay.png
     [exec]   signing: res/drawable-ldpi/button_timeplay_disable.png
     [exec]   signing: res/drawable-ldpi/button_timeplay_high.png
     [exec]   signing: res/drawable-ldpi/button_videoloss.png
     [exec]   signing: res/drawable-ldpi/button_videoloss_disable.png
     [exec]   signing: res/drawable-ldpi/button_videoloss_high.png
     [exec]   signing: res/drawable-ldpi/button_zoom.png
     [exec]   signing: res/drawable-ldpi/button_zoom_disable.png
     [exec]   signing: res/drawable-ldpi/button_zoom_high.png
     [exec]   signing: res/drawable-ldpi/dvricon_04.png
     [exec]   signing: res/drawable-ldpi/dvricon_08.png
     [exec]   signing: res/drawable-ldpi/dvricon_09.png
     [exec]   signing: res/drawable-ldpi/dvricon_10.png
     [exec]   signing: res/drawable-ldpi/dvricon_16.png
     [exec]   signing: res/drawable-ldpi/dvricon_20.png
     [exec]   signing: res/drawable-ldpi/dvricon_32.png
     [exec]   signing: res/drawable-ldpi/dvricon_unknow.png
     [exec]   signing: res/drawable-ldpi/ic_launcher.png
     [exec]   signing: res/drawable-ldpi/ic_launcher_actionbar.png
     [exec]   signing: res/drawable-mdpi/background_actionbar.png
     [exec]   signing: res/drawable-mdpi/button_back.png
     [exec]   signing: res/drawable-mdpi/button_backup.png
     [exec]   signing: res/drawable-mdpi/button_backup_disable.png
     [exec]   signing: res/drawable-mdpi/button_backup_gobackup.png
     [exec]   signing: res/drawable-mdpi/button_backup_gobackup_disable.png
     [exec]   signing: res/drawable-mdpi/button_backup_gobackup_high.png
     [exec]   signing: res/drawable-mdpi/button_backup_high.png
     [exec]   signing: res/drawable-mdpi/button_backup_markin.png
     [exec]   signing: res/drawable-mdpi/button_backup_markin_disable.png
     [exec]   signing: res/drawable-mdpi/button_backup_markin_high.png
     [exec]   signing: res/drawable-mdpi/button_backup_markout.png
     [exec]   signing: res/drawable-mdpi/button_backup_markout_disable.png
     [exec]   signing: res/drawable-mdpi/button_backup_markout_high.png
     [exec]   signing: res/drawable-mdpi/button_div1.png
     [exec]   signing: res/drawable-mdpi/button_div16.png
     [exec]   signing: res/drawable-mdpi/button_div16_disable.png
     [exec]   signing: res/drawable-mdpi/button_div16_high.png
     [exec]   signing: res/drawable-mdpi/button_div1_disable.png
     [exec]   signing: res/drawable-mdpi/button_div1_high.png
     [exec]   signing: res/drawable-mdpi/button_div1_ptz.png
     [exec]   signing: res/drawable-mdpi/button_div1_ptz_disable.png
     [exec]   signing: res/drawable-mdpi/button_div1_ptz_high.png
     [exec]   signing: res/drawable-mdpi/button_div4.png
     [exec]   signing: res/drawable-mdpi/button_div4_disable.png
     [exec]   signing: res/drawable-mdpi/button_div4_high.png
     [exec]   signing: res/drawable-mdpi/button_div9.png
     [exec]   signing: res/drawable-mdpi/button_div9_disable.png
     [exec]   signing: res/drawable-mdpi/button_div9_high.png
     [exec]   signing: res/drawable-mdpi/button_division.png
     [exec]   signing: res/drawable-mdpi/button_division_disable.png
     [exec]   signing: res/drawable-mdpi/button_division_high.png
     [exec]   signing: res/drawable-mdpi/button_eventplay.png
     [exec]   signing: res/drawable-mdpi/button_eventplay_disable.png
     [exec]   signing: res/drawable-mdpi/button_eventplay_high.png
     [exec]   signing: res/drawable-mdpi/button_home.png
     [exec]   signing: res/drawable-mdpi/button_motion.png
     [exec]   signing: res/drawable-mdpi/button_motion_disable.png
     [exec]   signing: res/drawable-mdpi/button_motion_high.png
     [exec]   signing: res/drawable-mdpi/button_nc.png
     [exec]   signing: res/drawable-mdpi/button_nc_disable.png
     [exec]   signing: res/drawable-mdpi/button_nc_high.png
     [exec]   signing: res/drawable-mdpi/button_no.png
     [exec]   signing: res/drawable-mdpi/button_no_disable.png
     [exec]   signing: res/drawable-mdpi/button_no_high.png
     [exec]   signing: res/drawable-mdpi/button_notificationoff.png
     [exec]   signing: res/drawable-mdpi/button_notificationoff_disable.png
     [exec]   signing: res/drawable-mdpi/button_notificationoff_high.png
     [exec]   signing: res/drawable-mdpi/button_notificationon.png
     [exec]   signing: res/drawable-mdpi/button_notificationon_disable.png
     [exec]   signing: res/drawable-mdpi/button_notificationon_high.png
     [exec]   signing: res/drawable-mdpi/button_play_forward.png
     [exec]   signing: res/drawable-mdpi/button_play_forward_disable.png
     [exec]   signing: res/drawable-mdpi/button_play_forward_high.png
     [exec]   signing: res/drawable-mdpi/button_play_pause.png
     [exec]   signing: res/drawable-mdpi/button_play_pause_disable.png
     [exec]   signing: res/drawable-mdpi/button_play_pause_high.png
     [exec]   signing: res/drawable-mdpi/button_play_playing.png
     [exec]   signing: res/drawable-mdpi/button_play_playing_disable.png
     [exec]   signing: res/drawable-mdpi/button_play_playing_high.png
     [exec]   signing: res/drawable-mdpi/button_play_rewind.png
     [exec]   signing: res/drawable-mdpi/button_play_rewind_disable.png
     [exec]   signing: res/drawable-mdpi/button_play_rewind_high.png
     [exec]   signing: res/drawable-mdpi/button_play_seek.png
     [exec]   signing: res/drawable-mdpi/button_play_seek_disable.png
     [exec]   signing: res/drawable-mdpi/button_play_seek_high.png
     [exec]   signing: res/drawable-mdpi/button_play_step.png
     [exec]   signing: res/drawable-mdpi/button_play_step_disable.png
     [exec]   signing: res/drawable-mdpi/button_play_step_high.png
     [exec]   signing: res/drawable-mdpi/button_pop_controls.png
     [exec]   signing: res/drawable-mdpi/button_pop_controls_disable.png
     [exec]   signing: res/drawable-mdpi/button_pop_controls_high.png
     [exec]   signing: res/drawable-mdpi/button_pop_search.png
     [exec]   signing: res/drawable-mdpi/button_pop_search_disable.png
     [exec]   signing: res/drawable-mdpi/button_pop_search_high.png
     [exec]   signing: res/drawable-mdpi/button_ptz.png
     [exec]   signing: res/drawable-mdpi/button_ptz_disable.png
     [exec]   signing: res/drawable-mdpi/button_ptz_focusin.png
     [exec]   signing: res/drawable-mdpi/button_ptz_focusin_disable.png
     [exec]   signing: res/drawable-mdpi/button_ptz_focusin_high.png
     [exec]   signing: res/drawable-mdpi/button_ptz_focusout.png
     [exec]   signing: res/drawable-mdpi/button_ptz_focusout_disable.png
     [exec]   signing: res/drawable-mdpi/button_ptz_focusout_high.png
     [exec]   signing: res/drawable-mdpi/button_ptz_gopreset.png
     [exec]   signing: res/drawable-mdpi/button_ptz_gopreset_disable.png
     [exec]   signing: res/drawable-mdpi/button_ptz_gopreset_high.png
     [exec]   signing: res/drawable-mdpi/button_ptz_high.png
     [exec]   signing: res/drawable-mdpi/button_ptz_irisclose.png
     [exec]   signing: res/drawable-mdpi/button_ptz_irisclose_disable.png
     [exec]   signing: res/drawable-mdpi/button_ptz_irisclose_high.png
     [exec]   signing: res/drawable-mdpi/button_ptz_irisopen.png
     [exec]   signing: res/drawable-mdpi/button_ptz_irisopen_disable.png
     [exec]   signing: res/drawable-mdpi/button_ptz_irisopen_high.png
     [exec]   signing: res/drawable-mdpi/button_ptz_setpreset.png
     [exec]   signing: res/drawable-mdpi/button_ptz_setpreset_disable.png
     [exec]   signing: res/drawable-mdpi/button_ptz_setpreset_high.png
     [exec]   signing: res/drawable-mdpi/button_ptz_zoomin.png
     [exec]   signing: res/drawable-mdpi/button_ptz_zoomin_disable.png
     [exec]   signing: res/drawable-mdpi/button_ptz_zoomin_high.png
     [exec]   signing: res/drawable-mdpi/button_ptz_zoomout.png
     [exec]   signing: res/drawable-mdpi/button_ptz_zoomout_disable.png
     [exec]   signing: res/drawable-mdpi/button_ptz_zoomout_high.png
     [exec]   signing: res/drawable-mdpi/button_relay.png
     [exec]   signing: res/drawable-mdpi/button_relay_disable.png
     [exec]   signing: res/drawable-mdpi/button_relay_high.png
     [exec]   signing: res/drawable-mdpi/button_relayauto.png
     [exec]   signing: res/drawable-mdpi/button_relayauto_disable.png
     [exec]   signing: res/drawable-mdpi/button_relayauto_high.png
     [exec]   signing: res/drawable-mdpi/button_sec_01.png
     [exec]   signing: res/drawable-mdpi/button_sec_01_disable.png
     [exec]   signing: res/drawable-mdpi/button_sec_01_high.png
     [exec]   signing: res/drawable-mdpi/button_sec_03.png
     [exec]   signing: res/drawable-mdpi/button_sec_03_disable.png
     [exec]   signing: res/drawable-mdpi/button_sec_03_high.png
     [exec]   signing: res/drawable-mdpi/button_sec_05.png
     [exec]   signing: res/drawable-mdpi/button_sec_05_disable.png
     [exec]   signing: res/drawable-mdpi/button_sec_05_high.png
     [exec]   signing: res/drawable-mdpi/button_sec_08.png
     [exec]   signing: res/drawable-mdpi/button_sec_08_disable.png
     [exec]   signing: res/drawable-mdpi/button_sec_08_high.png
     [exec]   signing: res/drawable-mdpi/button_soundclose.png
     [exec]   signing: res/drawable-mdpi/button_soundclose_disable.png
     [exec]   signing: res/drawable-mdpi/button_soundclose_high.png
     [exec]   signing: res/drawable-mdpi/button_soundopen.png
     [exec]   signing: res/drawable-mdpi/button_soundopen_disable.png
     [exec]   signing: res/drawable-mdpi/button_soundopen_high.png
     [exec]   signing: res/drawable-mdpi/button_status.png
     [exec]   signing: res/drawable-mdpi/button_status_disable.png
     [exec]   signing: res/drawable-mdpi/button_status_event.png
     [exec]   signing: res/drawable-mdpi/button_status_event_disable.png
     [exec]   signing: res/drawable-mdpi/button_status_event_high.png
     [exec]   signing: res/drawable-mdpi/button_status_high.png
     [exec]   signing: res/drawable-mdpi/button_stream_00.png
     [exec]   signing: res/drawable-mdpi/button_stream_00_disable.png
     [exec]   signing: res/drawable-mdpi/button_stream_00_high.png
     [exec]   signing: res/drawable-mdpi/button_stream_01.png
     [exec]   signing: res/drawable-mdpi/button_stream_01_disable.png
     [exec]   signing: res/drawable-mdpi/button_stream_01_high.png
     [exec]   signing: res/drawable-mdpi/button_timeplay.png
     [exec]   signing: res/drawable-mdpi/button_timeplay_disable.png
     [exec]   signing: res/drawable-mdpi/button_timeplay_high.png
     [exec]   signing: res/drawable-mdpi/button_videoloss.png
     [exec]   signing: res/drawable-mdpi/button_videoloss_disable.png
     [exec]   signing: res/drawable-mdpi/button_videoloss_high.png
     [exec]   signing: res/drawable-mdpi/button_zoom.png
     [exec]   signing: res/drawable-mdpi/button_zoom_disable.png
     [exec]   signing: res/drawable-mdpi/button_zoom_high.png
     [exec]   signing: res/drawable-mdpi/dvricon_04.png
     [exec]   signing: res/drawable-mdpi/dvricon_08.png
     [exec]   signing: res/drawable-mdpi/dvricon_09.png
     [exec]   signing: res/drawable-mdpi/dvricon_10.png
     [exec]   signing: res/drawable-mdpi/dvricon_16.png
     [exec]   signing: res/drawable-mdpi/dvricon_20.png
     [exec]   signing: res/drawable-mdpi/dvricon_32.png
     [exec]   signing: res/drawable-mdpi/dvricon_unknow.png
     [exec]   signing: res/drawable-mdpi/ic_launcher.png
     [exec]   signing: res/drawable-mdpi/ic_launcher_actionbar.png
     [exec]   signing: res/layout-land/actionbar.xml
     [exec]   signing: res/layout-land/actionbar_home.xml
     [exec]   signing: res/layout-land/main.xml
     [exec]   signing: res/layout-land/page_play.xml
     [exec]   signing: res/layout-land/page_ptz.xml
     [exec]   signing: res/layout-land/page_relay.xml
     [exec]   signing: res/layout-land/panel_live.xml
     [exec]   signing: res/layout-land/panel_play.xml
     [exec]   signing: res/layout-land/panel_ptz.xml
     [exec]   signing: res/layout-land/panel_relay.xml
     [exec]   signing: res/layout-land/popup_1x1.xml
     [exec]   signing: res/layout-land/popup_2x2.xml
     [exec]   signing: res/layout-land/popup_status.xml
     [exec]   signing: res/layout-port/actionbar.xml
     [exec]   signing: res/layout-port/actionbar_home.xml
     [exec]   signing: res/layout-port/main.xml
     [exec]   signing: res/layout-port/page_play.xml
     [exec]   signing: res/layout-port/page_ptz.xml
     [exec]   signing: res/layout-port/page_relay.xml
     [exec]   signing: res/layout-port/panel_live.xml
     [exec]   signing: res/layout-port/panel_play.xml
     [exec]   signing: res/layout-port/panel_ptz.xml
     [exec]   signing: res/layout-port/panel_relay.xml
     [exec]   signing: res/layout-port/popup_1x1.xml
     [exec]   signing: res/layout-port/popup_2x2.xml
     [exec]   signing: res/layout-port/popup_status.xml
     [exec]   signing: classes.dex
     [exec]   signing: lib/armeabi/libP2PTunnelAPIs.so
     [exec]   signing: lib/armeabi/libpeersdk-jni.so

zipalign-apk:
     [echo] ========================================
     [echo] Zipaligning signed apk....
     [echo] ========================================
     [exec] Verifying alignment of /home/rd/share/autobuild_android-apk_11298/iWatchDVR2/bin/iWatchDVR2.apk (4)...
     [exec]       50 META-INF/MANIFEST.MF (OK - compressed)
     [exec]    17764 META-INF/ICATCH.SF (OK - compressed)
     [exec]    35993 META-INF/ICATCH.RSA (OK - compressed)
     [exec]    37135 res/anim/disappear.xml (OK - compressed)
     [exec]    37448 res/anim/grow_from_bottom.xml (OK - compressed)
     [exec]    37900 res/anim/grow_from_bottomleft_to_topright.xml (OK - compressed)
     [exec]    38350 res/anim/grow_from_bottomright_to_topleft.xml (OK - compressed)
     [exec]    38783 res/anim/grow_from_top.xml (OK - compressed)
     [exec]    39233 res/anim/grow_from_topleft_to_bottomright.xml (OK - compressed)
     [exec]    39679 res/anim/grow_from_topright_to_bottomleft.xml (OK - compressed)
     [exec]    40107 res/anim/pump_bottom.xml (OK - compressed)
     [exec]    40536 res/anim/pump_top.xml (OK - compressed)
     [exec]    40959 res/anim/rail.xml (OK - compressed)
     [exec]    41239 res/anim/shrink_from_bottom.xml (OK - compressed)
     [exec]    41693 res/anim/shrink_from_bottomleft_to_topright.xml (OK - compressed)
     [exec]    42146 res/anim/shrink_from_bottomright_to_topleft.xml (OK - compressed)
     [exec]    42577 res/anim/shrink_from_top.xml (OK - compressed)
     [exec]    43032 res/anim/shrink_from_topleft_to_bottomright.xml (OK - compressed)
     [exec]    43483 res/anim/shrink_from_topright_to_bottomleft.xml (OK - compressed)
     [exec]    43919 res/drawable/action_item_btn.xml (OK - compressed)
     [exec]    44328 res/drawable/action_item_selected.9.png (OK)
     [exec]    45068 res/drawable/arrow_down.png (OK)
     [exec]    45968 res/drawable/arrow_up.png (OK)
     [exec]    46880 res/drawable/background.9.png (OK)
     [exec]    47224 res/drawable/background_wheel.xml (OK - compressed)
     [exec]    47800 res/drawable/ic_launcher.png (OK)
     [exec]    57744 res/drawable/point_center.png (OK)
     [exec]    57884 res/drawable/popup.9.png (OK)
     [exec]    58508 res/drawable/rect.9.png (OK)
     [exec]    58756 res/drawable/rect_center.png (OK)
     [exec]    58907 res/drawable/selector_action_item.xml (OK - compressed)
     [exec]    59313 res/drawable/selector_button_1sec.xml (OK - compressed)
     [exec]    59713 res/drawable/selector_button_1x1.xml (OK - compressed)
     [exec]    60117 res/drawable/selector_button_1x1_ptz.xml (OK - compressed)
     [exec]    60517 res/drawable/selector_button_2x2.xml (OK - compressed)
     [exec]    60919 res/drawable/selector_button_3sec.xml (OK - compressed)
     [exec]    61320 res/drawable/selector_button_3x3.xml (OK - compressed)
     [exec]    61721 res/drawable/selector_button_4x4.xml (OK - compressed)
     [exec]    62122 res/drawable/selector_button_5sec.xml (OK - compressed)
     [exec]    62524 res/drawable/selector_button_8sec.xml (OK - compressed)
     [exec]    62928 res/drawable/selector_button_backup.xml (OK - compressed)
     [exec]    63333 res/drawable/selector_button_division.xml (OK - compressed)
     [exec]    63740 res/drawable/selector_button_eventplay.xml (OK - compressed)
     [exec]    64145 res/drawable/selector_button_focusin.xml (OK - compressed)
     [exec]    64552 res/drawable/selector_button_focusout.xml (OK - compressed)
     [exec]    64958 res/drawable/selector_button_forward.xml (OK - compressed)
     [exec]    65364 res/drawable/selector_button_go_preset.xml (OK - compressed)
     [exec]    65770 res/drawable/selector_button_gobackup.xml (OK - compressed)
     [exec]    66177 res/drawable/selector_button_iris_close.xml (OK - compressed)
     [exec]    66583 res/drawable/selector_button_iris_open.xml (OK - compressed)
     [exec]    66989 res/drawable/selector_button_mainstream.xml (OK - compressed)
     [exec]    67394 res/drawable/selector_button_markin.xml (OK - compressed)
     [exec]    67798 res/drawable/selector_button_markout.xml (OK - compressed)
     [exec]    68201 res/drawable/selector_button_motion.xml (OK - compressed)
     [exec]    68606 res/drawable/selector_button_muteoff.xml (OK - compressed)
     [exec]    69011 res/drawable/selector_button_muteon.xml (OK - compressed)
     [exec]    69411 res/drawable/selector_button_nc.xml (OK - compressed)
     [exec]    69810 res/drawable/selector_button_no.xml (OK - compressed)
     [exec]    70218 res/drawable/selector_button_notifyoff.xml (OK - compressed)
     [exec]    70625 res/drawable/selector_button_notifyon.xml (OK - compressed)
     [exec]    71027 res/drawable/selector_button_pause.xml (OK - compressed)
     [exec]    71428 res/drawable/selector_button_play.xml (OK - compressed)
     [exec]    71838 res/drawable/selector_button_pop_controls.xml (OK - compressed)
     [exec]    72245 res/drawable/selector_button_pop_search.xml (OK - compressed)
     [exec]    72646 res/drawable/selector_button_ptz.xml (OK - compressed)
     [exec]    73041 res/drawable/selector_button_relay.xml (OK - compressed)
     [exec]    73446 res/drawable/selector_button_relayauto.xml (OK - compressed)
     [exec]    73849 res/drawable/selector_button_rewind.xml (OK - compressed)
     [exec]    74252 res/drawable/selector_button_seek.xml (OK - compressed)
     [exec]    74660 res/drawable/selector_button_set_preset.xml (OK - compressed)
     [exec]    75063 res/drawable/selector_button_status.xml (OK - compressed)
     [exec]    75475 res/drawable/selector_button_status_event.xml (OK - compressed)
     [exec]    75878 res/drawable/selector_button_step.xml (OK - compressed)
     [exec]    76284 res/drawable/selector_button_substream.xml (OK - compressed)
     [exec]    76694 res/drawable/selector_button_time_search.xml (OK - compressed)
     [exec]    77102 res/drawable/selector_button_videoloss.xml (OK - compressed)
     [exec]    77505 res/drawable/selector_button_zoom.xml (OK - compressed)
     [exec]    77909 res/drawable/selector_button_zoomin.xml (OK - compressed)
     [exec]    78313 res/drawable/selector_button_zoomout.xml (OK - compressed)
     [exec]    78711 res/drawable/selector_calendar.xml (OK - compressed)
     [exec]    79172 res/drawable/selector_calendar_event.xml (OK - compressed)
     [exec]    79631 res/drawable/selector_calendar_mark.xml (OK - compressed)
     [exec]    80080 res/drawable/shape_wheel.xml (OK - compressed)
     [exec]    80483 res/layout/calendar_view.xml (OK - compressed)
     [exec]    81552 res/layout/clock.xml (OK - compressed)
     [exec]    82192 res/layout/clock_time.xml (OK - compressed)
     [exec]    82854 res/layout/dialog_1x1.xml (OK - compressed)
     [exec]    83324 res/layout/dialog_backup_datetime.xml (OK - compressed)
     [exec]    83837 res/layout/dialog_divide.xml (OK - compressed)
     [exec]    84306 res/layout/dialog_divide_gridcontent.xml (OK - compressed)
     [exec]    84697 res/layout/dialog_ptz_preset.xml (OK - compressed)
     [exec]    85155 res/layout/fragment_stack.xml (OK - compressed)
     [exec]    85552 res/layout/fragment_tabs_pager.xml (OK - compressed)
     [exec]    86038 res/layout/gridview_item_gopreset.xml (OK - compressed)
     [exec]    86335 res/layout/gridview_item_setpreset.xml (OK - compressed)
     [exec]    86628 res/layout/listiview_row_login.xml (OK - compressed)
     [exec]    87307 res/layout/listview_row_backup.xml (OK - compressed)
     [exec]    88090 res/layout/listview_row_backup_channels.xml (OK - compressed)
     [exec]    88657 res/layout/listview_row_backup_files.xml (OK - compressed)
     [exec]    89280 res/layout/listview_row_backup_folder.xml (OK - compressed)
     [exec]    89675 res/layout/listview_row_log.xml (OK - compressed)
     [exec]    90488 res/layout/listview_row_login_dvr.xml (OK - compressed)
     [exec]    91256 res/layout/page_about.xml (OK - compressed)
     [exec]    91760 res/layout/page_backup.xml (OK - compressed)
     [exec]    93564 res/layout/page_backup_files.xml (OK - compressed)
     [exec]    94220 res/layout/page_backup_list.xml (OK - compressed)
     [exec]    94730 res/layout/page_backup_time_calendar.xml (OK - compressed)
     [exec]    95480 res/layout/page_edit_dvr_info.xml (OK - compressed)
     [exec]    96359 res/layout/page_hello.xml (OK - compressed)
     [exec]    96722 res/layout/page_log_search.xml (OK - compressed)
     [exec]    98039 res/layout/page_log_search_result.xml (OK - compressed)
     [exec]    98707 res/layout/page_login.xml (OK - compressed)
     [exec]    99338 res/layout/page_time_search.xml (OK - compressed)
     [exec]   100273 res/layout/page_zoom.xml (OK - compressed)
     [exec]   100632 res/layout/panel_live_landscape.xml (OK - compressed)
     [exec]   101315 res/layout/panel_live_portrait.xml (OK - compressed)
     [exec]   102036 res/layout/panel_play_landscape.xml (OK - compressed)
     [exec]   102687 res/layout/panel_play_portrait.xml (OK - compressed)
     [exec]   103397 res/layout/popup_4x4.xml (OK - compressed)
     [exec]   104177 res/layout/popup_8ch.xml (OK - compressed)
     [exec]   104983 res/layout/popup_backup.xml (OK - compressed)
     [exec]   105785 res/layout/popup_control.xml (OK - compressed)
     [exec]   106633 res/layout/popup_division.xml (OK - compressed)
     [exec]   107454 res/layout/popup_relay_pole.xml (OK - compressed)
     [exec]   108262 res/layout/popup_relay_second.xml (OK - compressed)
     [exec]   109081 res/layout/popup_search.xml (OK - compressed)
     [exec]   109864 res/layout/popup_stream.xml (OK - compressed)
     [exec]   110753 res/layout/preference_category.xml (OK - compressed)
     [exec]   111035 res/layout/preset_dialog.xml (OK - compressed)
     [exec]   111381 res/layout/preset_picker.xml (OK - compressed)
     [exec]   111895 res/layout/seekbar_preference.xml (OK - compressed)
     [exec]   112601 res/xml/backup.xml (OK - compressed)
     [exec]   113359 AndroidManifest.xml (OK - compressed)
     [exec]   115276 resources.arsc (OK)
     [exec]   205440 res/drawable-hdpi/background_actionbar.png (OK)
     [exec]   205760 res/drawable-hdpi/button_back.png (OK)
     [exec]   207436 res/drawable-hdpi/button_backup.png (OK)
     [exec]   212744 res/drawable-hdpi/button_backup_disable.png (OK)
     [exec]   217852 res/drawable-hdpi/button_backup_gobackup.png (OK)
     [exec]   220432 res/drawable-hdpi/button_backup_gobackup_disable.png (OK)
     [exec]   222892 res/drawable-hdpi/button_backup_gobackup_high.png (OK)
     [exec]   226856 res/drawable-hdpi/button_backup_high.png (OK)
     [exec]   234204 res/drawable-hdpi/button_backup_markin.png (OK)
     [exec]   238796 res/drawable-hdpi/button_backup_markin_disable.png (OK)
     [exec]   243168 res/drawable-hdpi/button_backup_markin_high.png (OK)
     [exec]   248640 res/drawable-hdpi/button_backup_markout.png (OK)
     [exec]   253412 res/drawable-hdpi/button_backup_markout_disable.png (OK)
     [exec]   257964 res/drawable-hdpi/button_backup_markout_high.png (OK)
     [exec]   263576 res/drawable-hdpi/button_div1.png (OK)
     [exec]   265936 res/drawable-hdpi/button_div16.png (OK)
     [exec]   269388 res/drawable-hdpi/button_div16_disable.png (OK)
     [exec]   272592 res/drawable-hdpi/button_div16_high.png (OK)
     [exec]   276832 res/drawable-hdpi/button_div1_disable.png (OK)
     [exec]   279128 res/drawable-hdpi/button_div1_high.png (OK)
     [exec]   282524 res/drawable-hdpi/button_div1_ptz.png (OK)
     [exec]   286028 res/drawable-hdpi/button_div1_ptz_disable.png (OK)
     [exec]   289312 res/drawable-hdpi/button_div1_ptz_high.png (OK)
     [exec]   293788 res/drawable-hdpi/button_div4.png (OK)
     [exec]   296512 res/drawable-hdpi/button_div4_disable.png (OK)
     [exec]   299020 res/drawable-hdpi/button_div4_high.png (OK)
     [exec]   302788 res/drawable-hdpi/button_div9.png (OK)
     [exec]   305752 res/drawable-hdpi/button_div9_disable.png (OK)
     [exec]   308468 res/drawable-hdpi/button_div9_high.png (OK)
     [exec]   312864 res/drawable-hdpi/button_division.png (OK)
     [exec]   318992 res/drawable-hdpi/button_division_disable.png (OK)
     [exec]   324320 res/drawable-hdpi/button_division_high.png (OK)
     [exec]   329952 res/drawable-hdpi/button_eventplay.png (OK)
     [exec]   334728 res/drawable-hdpi/button_eventplay_disable.png (OK)
     [exec]   339292 res/drawable-hdpi/button_eventplay_high.png (OK)
     [exec]   346304 res/drawable-hdpi/button_home.png (OK)
     [exec]   348384 res/drawable-hdpi/button_motion.png (OK)
     [exec]   351824 res/drawable-hdpi/button_motion_disable.png (OK)
     [exec]   355048 res/drawable-hdpi/button_motion_high.png (OK)
     [exec]   359696 res/drawable-hdpi/button_nc.png (OK)
     [exec]   361548 res/drawable-hdpi/button_nc_disable.png (OK)
     [exec]   363348 res/drawable-hdpi/button_nc_high.png (OK)
     [exec]   366000 res/drawable-hdpi/button_no.png (OK)
     [exec]   368528 res/drawable-hdpi/button_no_disable.png (OK)
     [exec]   370968 res/drawable-hdpi/button_no_high.png (OK)
     [exec]   375140 res/drawable-hdpi/button_notificationoff.png (OK)
     [exec]   380164 res/drawable-hdpi/button_notificationoff_disable.png (OK)
     [exec]   385188 res/drawable-hdpi/button_notificationoff_high.png (OK)
     [exec]   392628 res/drawable-hdpi/button_notificationon.png (OK)
     [exec]   397780 res/drawable-hdpi/button_notificationon_disable.png (OK)
     [exec]   402800 res/drawable-hdpi/button_notificationon_high.png (OK)
     [exec]   410240 res/drawable-hdpi/button_play_forward.png (OK)
     [exec]   413140 res/drawable-hdpi/button_play_forward_disable.png (OK)
     [exec]   415868 res/drawable-hdpi/button_play_forward_high.png (OK)
     [exec]   419904 res/drawable-hdpi/button_play_pause.png (OK)
     [exec]   421336 res/drawable-hdpi/button_play_pause_disable.png (OK)
     [exec]   422676 res/drawable-hdpi/button_play_pause_high.png (OK)
     [exec]   424664 res/drawable-hdpi/button_play_playing.png (OK)
     [exec]   426580 res/drawable-hdpi/button_play_playing_disable.png (OK)
     [exec]   428432 res/drawable-hdpi/button_play_playing_high.png (OK)
     [exec]   431112 res/drawable-hdpi/button_play_rewind.png (OK)
     [exec]   433816 res/drawable-hdpi/button_play_rewind_disable.png (OK)
     [exec]   436396 res/drawable-hdpi/button_play_rewind_high.png (OK)
     [exec]   440364 res/drawable-hdpi/button_play_seek.png (OK)
     [exec]   444416 res/drawable-hdpi/button_play_seek_disable.png (OK)
     [exec]   448348 res/drawable-hdpi/button_play_seek_high.png (OK)
     [exec]   454148 res/drawable-hdpi/button_play_step.png (OK)
     [exec]   456576 res/drawable-hdpi/button_play_step_disable.png (OK)
     [exec]   458828 res/drawable-hdpi/button_play_step_high.png (OK)
     [exec]   462392 res/drawable-hdpi/button_pop_controls.png (OK)
     [exec]   467428 res/drawable-hdpi/button_pop_controls_disable.png (OK)
     [exec]   472408 res/drawable-hdpi/button_pop_controls_high.png (OK)
     [exec]   478252 res/drawable-hdpi/button_pop_search.png (OK)
     [exec]   482316 res/drawable-hdpi/button_pop_search_disable.png (OK)
     [exec]   486320 res/drawable-hdpi/button_pop_search_high.png (OK)
     [exec]   490752 res/drawable-hdpi/button_ptz.png (OK)
     [exec]   494032 res/drawable-hdpi/button_ptz_disable.png (OK)
     [exec]   497228 res/drawable-hdpi/button_ptz_focusin.png (OK)
     [exec]   500592 res/drawable-hdpi/button_ptz_focusin_disable.png (OK)
     [exec]   503720 res/drawable-hdpi/button_ptz_focusin_high.png (OK)
     [exec]   508148 res/drawable-hdpi/button_ptz_focusout.png (OK)
     [exec]   511132 res/drawable-hdpi/button_ptz_focusout_disable.png (OK)
     [exec]   513928 res/drawable-hdpi/button_ptz_focusout_high.png (OK)
     [exec]   518116 res/drawable-hdpi/button_ptz_gopreset.png (OK)
     [exec]   521704 res/drawable-hdpi/button_ptz_gopreset_disable.png (OK)
     [exec]   525216 res/drawable-hdpi/button_ptz_gopreset_high.png (OK)
     [exec]   530716 res/drawable-hdpi/button_ptz_high.png (OK)
     [exec]   535232 res/drawable-hdpi/button_ptz_irisclose.png (OK)
     [exec]   542624 res/drawable-hdpi/button_ptz_irisclose_disable.png (OK)
     [exec]   549708 res/drawable-hdpi/button_ptz_irisclose_high.png (OK)
     [exec]   558532 res/drawable-hdpi/button_ptz_irisopen.png (OK)
     [exec]   566068 res/drawable-hdpi/button_ptz_irisopen_disable.png (OK)
     [exec]   573308 res/drawable-hdpi/button_ptz_irisopen_high.png (OK)
     [exec]   582164 res/drawable-hdpi/button_ptz_setpreset.png (OK)
     [exec]   585048 res/drawable-hdpi/button_ptz_setpreset_disable.png (OK)
     [exec]   587888 res/drawable-hdpi/button_ptz_setpreset_high.png (OK)
     [exec]   592520 res/drawable-hdpi/button_ptz_zoomin.png (OK)
     [exec]   597288 res/drawable-hdpi/button_ptz_zoomin_disable.png (OK)
     [exec]   601944 res/drawable-hdpi/button_ptz_zoomin_high.png (OK)
     [exec]   608988 res/drawable-hdpi/button_ptz_zoomout.png (OK)
     [exec]   613556 res/drawable-hdpi/button_ptz_zoomout_disable.png (OK)
     [exec]   618028 res/drawable-hdpi/button_ptz_zoomout_high.png (OK)
     [exec]   624704 res/drawable-hdpi/button_relay.png (OK)
     [exec]   626632 res/drawable-hdpi/button_relay_disable.png (OK)
     [exec]   628472 res/drawable-hdpi/button_relay_high.png (OK)
     [exec]   631528 res/drawable-hdpi/button_relayauto.png (OK)
     [exec]   634976 res/drawable-hdpi/button_relayauto_disable.png (OK)
     [exec]   638304 res/drawable-hdpi/button_relayauto_high.png (OK)
     [exec]   644164 res/drawable-hdpi/button_sec_01.png (OK)
     [exec]   646756 res/drawable-hdpi/button_sec_01_disable.png (OK)
     [exec]   649280 res/drawable-hdpi/button_sec_01_high.png (OK)
     [exec]   653880 res/drawable-hdpi/button_sec_03.png (OK)
     [exec]   657388 res/drawable-hdpi/button_sec_03_disable.png (OK)
     [exec]   660832 res/drawable-hdpi/button_sec_03_high.png (OK)
     [exec]   666844 res/drawable-hdpi/button_sec_05.png (OK)
     [exec]   670632 res/drawable-hdpi/button_sec_05_disable.png (OK)
     [exec]   674232 res/drawable-hdpi/button_sec_05_high.png (OK)
     [exec]   680324 res/drawable-hdpi/button_sec_08.png (OK)
     [exec]   684644 res/drawable-hdpi/button_sec_08_disable.png (OK)
     [exec]   688588 res/drawable-hdpi/button_sec_08_high.png (OK)
     [exec]   695128 res/drawable-hdpi/button_soundclose.png (OK)
     [exec]   700280 res/drawable-hdpi/button_soundclose_disable.png (OK)
     [exec]   705432 res/drawable-hdpi/button_soundclose_high.png (OK)
     [exec]   712704 res/drawable-hdpi/button_soundopen.png (OK)
     [exec]   717932 res/drawable-hdpi/button_soundopen_disable.png (OK)
     [exec]   723080 res/drawable-hdpi/button_soundopen_high.png (OK)
     [exec]   730352 res/drawable-hdpi/button_status.png (OK)
     [exec]   736492 res/drawable-hdpi/button_status_disable.png (OK)
     [exec]   742308 res/drawable-hdpi/button_status_event.png (OK)
     [exec]   748956 res/drawable-hdpi/button_status_event_disable.png (OK)
     [exec]   755384 res/drawable-hdpi/button_status_event_high.png (OK)
     [exec]   762452 res/drawable-hdpi/button_status_high.png (OK)
     [exec]   769148 res/drawable-hdpi/button_stream_00.png (OK)
     [exec]   774668 res/drawable-hdpi/button_stream_00_disable.png (OK)
     [exec]   779948 res/drawable-hdpi/button_stream_00_high.png (OK)
     [exec]   788064 res/drawable-hdpi/button_stream_01.png (OK)
     [exec]   793752 res/drawable-hdpi/button_stream_01_disable.png (OK)
     [exec]   799236 res/drawable-hdpi/button_stream_01_high.png (OK)
     [exec]   807652 res/drawable-hdpi/button_timeplay.png (OK)
     [exec]   812808 res/drawable-hdpi/button_timeplay_disable.png (OK)
     [exec]   817748 res/drawable-hdpi/button_timeplay_high.png (OK)
     [exec]   825460 res/drawable-hdpi/button_videoloss.png (OK)
     [exec]   830900 res/drawable-hdpi/button_videoloss_disable.png (OK)
     [exec]   836400 res/drawable-hdpi/button_videoloss_high.png (OK)
     [exec]   842968 res/drawable-hdpi/button_zoom.png (OK)
     [exec]   847416 res/drawable-hdpi/button_zoom_disable.png (OK)
     [exec]   851780 res/drawable-hdpi/button_zoom_high.png (OK)
     [exec]   858352 res/drawable-hdpi/dvricon_04.png (OK)
     [exec]   862900 res/drawable-hdpi/dvricon_08.png (OK)
     [exec]   868008 res/drawable-hdpi/dvricon_09.png (OK)
     [exec]   873096 res/drawable-hdpi/dvricon_10.png (OK)
     [exec]   879260 res/drawable-hdpi/dvricon_16.png (OK)
     [exec]   885628 res/drawable-hdpi/dvricon_20.png (OK)
     [exec]   890908 res/drawable-hdpi/dvricon_32.png (OK)
     [exec]   897536 res/drawable-hdpi/dvricon_unknow.png (OK)
     [exec]   902404 res/drawable-hdpi/ic_launcher.png (OK)
     [exec]   912364 res/drawable-hdpi/ic_launcher_actionbar.png (OK)
     [exec]   915452 res/drawable-ldpi/background_actionbar.png (OK)
     [exec]   915732 res/drawable-ldpi/button_back.png (OK)
     [exec]   917124 res/drawable-ldpi/button_backup.png (OK)
     [exec]   919588 res/drawable-ldpi/button_backup_disable.png (OK)
     [exec]   921976 res/drawable-ldpi/button_backup_gobackup.png (OK)
     [exec]   923372 res/drawable-ldpi/button_backup_gobackup_disable.png (OK)
     [exec]   924664 res/drawable-ldpi/button_backup_gobackup_high.png (OK)
     [exec]   926432 res/drawable-ldpi/button_backup_high.png (OK)
     [exec]   929256 res/drawable-ldpi/button_backup_markin.png (OK)
     [exec]   931324 res/drawable-ldpi/button_backup_markin_disable.png (OK)
     [exec]   933232 res/drawable-ldpi/button_backup_markin_high.png (OK)
     [exec]   935456 res/drawable-ldpi/button_backup_markout.png (OK)
     [exec]   937584 res/drawable-ldpi/button_backup_markout_disable.png (OK)
     [exec]   938940 res/drawable-ldpi/button_backup_markout_high.png (OK)
     [exec]   941260 res/drawable-ldpi/button_div1.png (OK)
     [exec]   942776 res/drawable-ldpi/button_div16.png (OK)
     [exec]   944832 res/drawable-ldpi/button_div16_disable.png (OK)
     [exec]   946748 res/drawable-ldpi/button_div16_high.png (OK)
     [exec]   948960 res/drawable-ldpi/button_div1_disable.png (OK)
     [exec]   950356 res/drawable-ldpi/button_div1_high.png (OK)
     [exec]   952076 res/drawable-ldpi/button_div1_ptz.png (OK)
     [exec]   954088 res/drawable-ldpi/button_div1_ptz_disable.png (OK)
     [exec]   955908 res/drawable-ldpi/button_div1_ptz_high.png (OK)
     [exec]   958120 res/drawable-ldpi/button_div4.png (OK)
     [exec]   959812 res/drawable-ldpi/button_div4_disable.png (OK)
     [exec]   961344 res/drawable-ldpi/button_div4_high.png (OK)
     [exec]   963304 res/drawable-ldpi/button_div9.png (OK)
     [exec]   965328 res/drawable-ldpi/button_div9_disable.png (OK)
     [exec]   967176 res/drawable-ldpi/button_div9_high.png (OK)
     [exec]   969364 res/drawable-ldpi/button_division.png (OK)
     [exec]   972328 res/drawable-ldpi/button_division_disable.png (OK)
     [exec]   975160 res/drawable-ldpi/button_division_high.png (OK)
     [exec]   978076 res/drawable-ldpi/button_eventplay.png (OK)
     [exec]   980472 res/drawable-ldpi/button_eventplay_diable.png (OK)
     [exec]   982764 res/drawable-ldpi/button_eventplay_disable.png (OK)
     [exec]   985052 res/drawable-ldpi/button_eventplay_high.png (OK)
     [exec]   987832 res/drawable-ldpi/button_home.png (OK)
     [exec]   989100 res/drawable-ldpi/button_motion.png (OK)
     [exec]   991088 res/drawable-ldpi/button_motion_disable.png (OK)
     [exec]   993004 res/drawable-ldpi/button_motion_high.png (OK)
     [exec]   995288 res/drawable-ldpi/button_nc.png (OK)
     [exec]   996644 res/drawable-ldpi/button_nc_disable.png (OK)
     [exec]   998056 res/drawable-ldpi/button_nc_high.png (OK)
     [exec]   999256 res/drawable-ldpi/button_no.png (OK)
     [exec]  1000616 res/drawable-ldpi/button_no_disable.png (OK)
     [exec]  1001932 res/drawable-ldpi/button_no_high.png (OK)
     [exec]  1003924 res/drawable-ldpi/button_notification_disable.png (OK)
     [exec]  1006060 res/drawable-ldpi/button_notificationoff.png (OK)
     [exec]  1008204 res/drawable-ldpi/button_notificationoff_disable.png (OK)
     [exec]  1010344 res/drawable-ldpi/button_notificationoff_high.png (OK)
     [exec]  1013028 res/drawable-ldpi/button_notificationon.png (OK)
     [exec]  1015196 res/drawable-ldpi/button_notificationon_high.png (OK)
     [exec]  1017876 res/drawable-ldpi/button_play_forward.png (OK)
     [exec]  1019416 res/drawable-ldpi/button_play_forward_disable.png (OK)
     [exec]  1020904 res/drawable-ldpi/button_play_forward_high.png (OK)
     [exec]  1022788 res/drawable-ldpi/button_play_pause.png (OK)
     [exec]  1023728 res/drawable-ldpi/button_play_pause_disable.png (OK)
     [exec]  1025420 res/drawable-ldpi/button_play_pause_high.png (OK)
     [exec]  1026568 res/drawable-ldpi/button_play_playing.png (OK)
     [exec]  1028104 res/drawable-ldpi/button_play_playing_disable.png (OK)
     [exec]  1029628 res/drawable-ldpi/button_play_playing_high.png (OK)
     [exec]  1030896 res/drawable-ldpi/button_play_rewind.png (OK)
     [exec]  1032452 res/drawable-ldpi/button_play_rewind_disable.png (OK)
     [exec]  1033912 res/drawable-ldpi/button_play_rewind_high.png (OK)
     [exec]  1035744 res/drawable-ldpi/button_play_seek.png (OK)
     [exec]  1037584 res/drawable-ldpi/button_play_seek_disable.png (OK)
     [exec]  1039364 res/drawable-ldpi/button_play_seek_high.png (OK)
     [exec]  1041724 res/drawable-ldpi/button_play_step.png (OK)
     [exec]  1043172 res/drawable-ldpi/button_play_step_disable.png (OK)
     [exec]  1044524 res/drawable-ldpi/button_play_step_high.png (OK)
     [exec]  1046312 res/drawable-ldpi/button_pop_controls.png (OK)
     [exec]  1048596 res/drawable-ldpi/button_pop_controls_disable.png (OK)
     [exec]  1050780 res/drawable-ldpi/button_pop_controls_high.png (OK)
     [exec]  1053132 res/drawable-ldpi/button_pop_search.png (OK)
     [exec]  1055216 res/drawable-ldpi/button_pop_search_disable.png (OK)
     [exec]  1057248 res/drawable-ldpi/button_pop_search_high.png (OK)
     [exec]  1059280 res/drawable-ldpi/button_ptz.png (OK)
     [exec]  1060984 res/drawable-ldpi/button_ptz_disable.png (OK)
     [exec]  1062640 res/drawable-ldpi/button_ptz_focusin.png (OK)
     [exec]  1064464 res/drawable-ldpi/button_ptz_focusin_disable.png (OK)
     [exec]  1066216 res/drawable-ldpi/button_ptz_focusin_high.png (OK)
     [exec]  1068276 res/drawable-ldpi/button_ptz_focusout.png (OK)
     [exec]  1069876 res/drawable-ldpi/button_ptz_focusout_disable.png (OK)
     [exec]  1071384 res/drawable-ldpi/button_ptz_focusout_high.png (OK)
     [exec]  1073360 res/drawable-ldpi/button_ptz_gopreset.png (OK)
     [exec]  1075156 res/drawable-ldpi/button_ptz_gopreset_disable.png (OK)
     [exec]  1076900 res/drawable-ldpi/button_ptz_gopreset_high.png (OK)
     [exec]  1079120 res/drawable-ldpi/button_ptz_high.png (OK)
     [exec]  1081088 res/drawable-ldpi/button_ptz_irisclose.png (OK)
     [exec]  1084080 res/drawable-ldpi/button_ptz_irisclose_disable.png (OK)
     [exec]  1086968 res/drawable-ldpi/button_ptz_irisclose_high.png (OK)
     [exec]  1090152 res/drawable-ldpi/button_ptz_irisopen.png (OK)
     [exec]  1093112 res/drawable-ldpi/button_ptz_irisopen_disable.png (OK)
     [exec]  1095968 res/drawable-ldpi/button_ptz_irisopen_high.png (OK)
     [exec]  1099196 res/drawable-ldpi/button_ptz_setpreset.png (OK)
     [exec]  1100724 res/drawable-ldpi/button_ptz_setpreset_disable.png (OK)
     [exec]  1102232 res/drawable-ldpi/button_ptz_setpreset_high.png (OK)
     [exec]  1104120 res/drawable-ldpi/button_ptz_zoomin.png (OK)
     [exec]  1106436 res/drawable-ldpi/button_ptz_zoomin_disable.png (OK)
     [exec]  1108712 res/drawable-ldpi/button_ptz_zoomin_high.png (OK)
     [exec]  1111344 res/drawable-ldpi/button_ptz_zoomout.png (OK)
     [exec]  1113480 res/drawable-ldpi/button_ptz_zoomout_disable.png (OK)
     [exec]  1115544 res/drawable-ldpi/button_ptz_zoomout_high.png (OK)
     [exec]  1118064 res/drawable-ldpi/button_relay.png (OK)
     [exec]  1119484 res/drawable-ldpi/button_relay_disable.png (OK)
     [exec]  1120924 res/drawable-ldpi/button_relay_high.png (OK)
     [exec]  1122336 res/drawable-ldpi/button_relayauto.png (OK)
     [exec]  1124156 res/drawable-ldpi/button_relayauto_disable.png (OK)
     [exec]  1125916 res/drawable-ldpi/button_relayauto_high.png (OK)
     [exec]  1128268 res/drawable-ldpi/button_sec_01.png (OK)
     [exec]  1129740 res/drawable-ldpi/button_sec_01_disable.png (OK)
     [exec]  1131156 res/drawable-ldpi/button_sec_01_high.png (OK)
     [exec]  1133132 res/drawable-ldpi/button_sec_03.png (OK)
     [exec]  1135024 res/drawable-ldpi/button_sec_03_disable.png (OK)
     [exec]  1136876 res/drawable-ldpi/button_sec_03_high.png (OK)
     [exec]  1139328 res/drawable-ldpi/button_sec_05.png (OK)
     [exec]  1141264 res/drawable-ldpi/button_sec_05_disable.png (OK)
     [exec]  1143168 res/drawable-ldpi/button_sec_05_high.png (OK)
     [exec]  1145576 res/drawable-ldpi/button_sec_08.png (OK)
     [exec]  1147660 res/drawable-ldpi/button_sec_08_disable.png (OK)
     [exec]  1149664 res/drawable-ldpi/button_sec_08_high.png (OK)
     [exec]  1152184 res/drawable-ldpi/button_soundclose.png (OK)
     [exec]  1154252 res/drawable-ldpi/button_soundclose_disable.png (OK)
     [exec]  1156316 res/drawable-ldpi/button_soundclose_high.png (OK)
     [exec]  1158788 res/drawable-ldpi/button_soundopen.png (OK)
     [exec]  1160896 res/drawable-ldpi/button_soundopen_disable.png (OK)
     [exec]  1162960 res/drawable-ldpi/button_soundopen_high.png (OK)
     [exec]  1165428 res/drawable-ldpi/button_status.png (OK)
     [exec]  1168348 res/drawable-ldpi/button_status_disable.png (OK)
     [exec]  1171200 res/drawable-ldpi/button_status_event.png (OK)
     [exec]  1174328 res/drawable-ldpi/button_status_event_disable.png (OK)
     [exec]  1177424 res/drawable-ldpi/button_status_event_high.png (OK)
     [exec]  1180508 res/drawable-ldpi/button_status_high.png (OK)
     [exec]  1183396 res/drawable-ldpi/button_stream_00.png (OK)
     [exec]  1186000 res/drawable-ldpi/button_stream_00_disable.png (OK)
     [exec]  1188516 res/drawable-ldpi/button_stream_00_high.png (OK)
     [exec]  1191820 res/drawable-ldpi/button_stream_01.png (OK)
     [exec]  1194476 res/drawable-ldpi/button_stream_01_disable.png (OK)
     [exec]  1197036 res/drawable-ldpi/button_stream_01_high.png (OK)
     [exec]  1200324 res/drawable-ldpi/button_timeplay.png (OK)
     [exec]  1202656 res/drawable-ldpi/button_timeplay_disable.png (OK)
     [exec]  1204924 res/drawable-ldpi/button_timeplay_high.png (OK)
     [exec]  1207912 res/drawable-ldpi/button_videoloss.png (OK)
     [exec]  1210072 res/drawable-ldpi/button_videoloss_disable.png (OK)
     [exec]  1212204 res/drawable-ldpi/button_videoloss_high.png (OK)
     [exec]  1214664 res/drawable-ldpi/button_zoom.png (OK)
     [exec]  1216672 res/drawable-ldpi/button_zoom_disable.png (OK)
     [exec]  1218656 res/drawable-ldpi/button_zoom_high.png (OK)
     [exec]  1221100 res/drawable-ldpi/dvricon_04.png (OK)
     [exec]  1223372 res/drawable-ldpi/dvricon_08.png (OK)
     [exec]  1225888 res/drawable-ldpi/dvricon_09.png (OK)
     [exec]  1228416 res/drawable-ldpi/dvricon_10.png (OK)
     [exec]  1231260 res/drawable-ldpi/dvricon_16.png (OK)
     [exec]  1234144 res/drawable-ldpi/dvricon_20.png (OK)
     [exec]  1236920 res/drawable-ldpi/dvricon_32.png (OK)
     [exec]  1239900 res/drawable-ldpi/dvricon_unknow.png (OK)
     [exec]  1242252 res/drawable-ldpi/ic_launcher.png (OK)
     [exec]  1245284 res/drawable-ldpi/ic_launcher_actionbar.png (OK)
     [exec]  1246268 res/drawable-mdpi/background_actionbar.png (OK)
     [exec]  1246588 res/drawable-mdpi/button_back.png (OK)
     [exec]  1247960 res/drawable-mdpi/button_backup.png (OK)
     [exec]  1251332 res/drawable-mdpi/button_backup_disable.png (OK)
     [exec]  1254604 res/drawable-mdpi/button_backup_gobackup.png (OK)
     [exec]  1256264 res/drawable-mdpi/button_backup_gobackup_disable.png (OK)
     [exec]  1257856 res/drawable-mdpi/button_backup_gobackup_high.png (OK)
     [exec]  1260252 res/drawable-mdpi/button_backup_high.png (OK)
     [exec]  1264548 res/drawable-mdpi/button_backup_markin.png (OK)
     [exec]  1267296 res/drawable-mdpi/button_backup_markin_disable.png (OK)
     [exec]  1269896 res/drawable-mdpi/button_backup_markin_high.png (OK)
     [exec]  1273028 res/drawable-mdpi/button_backup_markout.png (OK)
     [exec]  1275876 res/drawable-mdpi/button_backup_markout_disable.png (OK)
     [exec]  1277632 res/drawable-mdpi/button_backup_markout_high.png (OK)
     [exec]  1280928 res/drawable-mdpi/button_div1.png (OK)
     [exec]  1282720 res/drawable-mdpi/button_div16.png (OK)
     [exec]  1285104 res/drawable-mdpi/button_div16_disable.png (OK)
     [exec]  1287344 res/drawable-mdpi/button_div16_high.png (OK)
     [exec]  1290140 res/drawable-mdpi/button_div1_disable.png (OK)
     [exec]  1291768 res/drawable-mdpi/button_div1_high.png (OK)
     [exec]  1293940 res/drawable-mdpi/button_div1_ptz.png (OK)
     [exec]  1296380 res/drawable-mdpi/button_div1_ptz_disable.png (OK)
     [exec]  1298588 res/drawable-mdpi/button_div1_ptz_high.png (OK)
     [exec]  1301564 res/drawable-mdpi/button_div4.png (OK)
     [exec]  1303548 res/drawable-mdpi/button_div4_disable.png (OK)
     [exec]  1305384 res/drawable-mdpi/button_div4_high.png (OK)
     [exec]  1307848 res/drawable-mdpi/button_div9.png (OK)
     [exec]  1310180 res/drawable-mdpi/button_div9_disable.png (OK)
     [exec]  1312356 res/drawable-mdpi/button_div9_high.png (OK)
     [exec]  1315100 res/drawable-mdpi/button_division.png (OK)
     [exec]  1318896 res/drawable-mdpi/button_division_disable.png (OK)
     [exec]  1322532 res/drawable-mdpi/button_division_high.png (OK)
     [exec]  1326400 res/drawable-mdpi/button_eventplay.png (OK)
     [exec]  1329468 res/drawable-mdpi/button_eventplay_disable.png (OK)
     [exec]  1332436 res/drawable-mdpi/button_eventplay_high.png (OK)
     [exec]  1336620 res/drawable-mdpi/button_home.png (OK)
     [exec]  1338300 res/drawable-mdpi/button_motion.png (OK)
     [exec]  1340780 res/drawable-mdpi/button_motion_disable.png (OK)
     [exec]  1343176 res/drawable-mdpi/button_motion_high.png (OK)
     [exec]  1346328 res/drawable-mdpi/button_nc.png (OK)
     [exec]  1347548 res/drawable-mdpi/button_nc_disable.png (OK)
     [exec]  1348756 res/drawable-mdpi/button_nc_high.png (OK)
     [exec]  1350420 res/drawable-mdpi/button_no.png (OK)
     [exec]  1352160 res/drawable-mdpi/button_no_disable.png (OK)
     [exec]  1353808 res/drawable-mdpi/button_no_high.png (OK)
     [exec]  1356520 res/drawable-mdpi/button_notificationoff.png (OK)
     [exec]  1359700 res/drawable-mdpi/button_notificationoff_disable.png (OK)
     [exec]  1362876 res/drawable-mdpi/button_notificationoff_high.png (OK)
     [exec]  1367044 res/drawable-mdpi/button_notificationon.png (OK)
     [exec]  1370328 res/drawable-mdpi/button_notificationon_disable.png (OK)
     [exec]  1373504 res/drawable-mdpi/button_notificationon_high.png (OK)
     [exec]  1377668 res/drawable-mdpi/button_play_forward.png (OK)
     [exec]  1379684 res/drawable-mdpi/button_play_forward_disable.png (OK)
     [exec]  1381600 res/drawable-mdpi/button_play_forward_high.png (OK)
     [exec]  1384204 res/drawable-mdpi/button_play_pause.png (OK)
     [exec]  1385272 res/drawable-mdpi/button_play_pause_disable.png (OK)
     [exec]  1386256 res/drawable-mdpi/button_play_pause_high.png (OK)
     [exec]  1387672 res/drawable-mdpi/button_play_playing.png (OK)
     [exec]  1388996 res/drawable-mdpi/button_play_playing_disable.png (OK)
     [exec]  1390304 res/drawable-mdpi/button_play_playing_high.png (OK)
     [exec]  1392020 res/drawable-mdpi/button_play_rewind.png (OK)
     [exec]  1393972 res/drawable-mdpi/button_play_rewind_disable.png (OK)
     [exec]  1395820 res/drawable-mdpi/button_play_rewind_high.png (OK)
     [exec]  1398316 res/drawable-mdpi/button_play_seek.png (OK)
     [exec]  1400796 res/drawable-mdpi/button_play_seek_disable.png (OK)
     [exec]  1403224 res/drawable-mdpi/button_play_seek_high.png (OK)
     [exec]  1406760 res/drawable-mdpi/button_play_step.png (OK)
     [exec]  1408536 res/drawable-mdpi/button_play_step_disable.png (OK)
     [exec]  1410168 res/drawable-mdpi/button_play_step_high.png (OK)
     [exec]  1412556 res/drawable-mdpi/button_pop_controls.png (OK)
     [exec]  1415776 res/drawable-mdpi/button_pop_controls_disable.png (OK)
     [exec]  1418940 res/drawable-mdpi/button_pop_controls_high.png (OK)
     [exec]  1422468 res/drawable-mdpi/button_pop_search.png (OK)
     [exec]  1425204 res/drawable-mdpi/button_pop_search_disable.png (OK)
     [exec]  1427892 res/drawable-mdpi/button_pop_search_high.png (OK)
     [exec]  1430672 res/drawable-mdpi/button_ptz.png (OK)
     [exec]  1432848 res/drawable-mdpi/button_ptz_disable.png (OK)
     [exec]  1434988 res/drawable-mdpi/button_ptz_focusin.png (OK)
     [exec]  1437284 res/drawable-mdpi/button_ptz_focusin_disable.png (OK)
     [exec]  1439436 res/drawable-mdpi/button_ptz_focusin_high.png (OK)
     [exec]  1442288 res/drawable-mdpi/button_ptz_focusout.png (OK)
     [exec]  1444284 res/drawable-mdpi/button_ptz_focusout_disable.png (OK)
     [exec]  1446180 res/drawable-mdpi/button_ptz_focusout_high.png (OK)
     [exec]  1448796 res/drawable-mdpi/button_ptz_gopreset.png (OK)
     [exec]  1451148 res/drawable-mdpi/button_ptz_gopreset_disable.png (OK)
     [exec]  1453440 res/drawable-mdpi/button_ptz_gopreset_high.png (OK)
     [exec]  1456688 res/drawable-mdpi/button_ptz_high.png (OK)
     [exec]  1459432 res/drawable-mdpi/button_ptz_irisclose.png (OK)
     [exec]  1463752 res/drawable-mdpi/button_ptz_irisclose_disable.png (OK)
     [exec]  1467928 res/drawable-mdpi/button_ptz_irisclose_high.png (OK)
     [exec]  1472896 res/drawable-mdpi/button_ptz_irisopen.png (OK)
     [exec]  1477256 res/drawable-mdpi/button_ptz_irisopen_disable.png (OK)
     [exec]  1481476 res/drawable-mdpi/button_ptz_irisopen_high.png (OK)
     [exec]  1486444 res/drawable-mdpi/button_ptz_setpreset.png (OK)
     [exec]  1488444 res/drawable-mdpi/button_ptz_setpreset_disable.png (OK)
     [exec]  1490404 res/drawable-mdpi/button_ptz_setpreset_high.png (OK)
     [exec]  1493080 res/drawable-mdpi/button_ptz_zoomin.png (OK)
     [exec]  1496300 res/drawable-mdpi/button_ptz_zoomin_disable.png (OK)
     [exec]  1499464 res/drawable-mdpi/button_ptz_zoomin_high.png (OK)
     [exec]  1503508 res/drawable-mdpi/button_ptz_zoomout.png (OK)
     [exec]  1506436 res/drawable-mdpi/button_ptz_zoomout_disable.png (OK)
     [exec]  1509300 res/drawable-mdpi/button_ptz_zoomout_high.png (OK)
     [exec]  1513104 res/drawable-mdpi/button_relay.png (OK)
     [exec]  1514376 res/drawable-mdpi/button_relay_disable.png (OK)
     [exec]  1515628 res/drawable-mdpi/button_relay_high.png (OK)
     [exec]  1517596 res/drawable-mdpi/button_relayauto.png (OK)
     [exec]  1519932 res/drawable-mdpi/button_relayauto_disable.png (OK)
     [exec]  1522184 res/drawable-mdpi/button_relayauto_high.png (OK)
     [exec]  1525680 res/drawable-mdpi/button_sec_01.png (OK)
     [exec]  1527536 res/drawable-mdpi/button_sec_01_disable.png (OK)
     [exec]  1529300 res/drawable-mdpi/button_sec_01_high.png (OK)
     [exec]  1532136 res/drawable-mdpi/button_sec_03.png (OK)
     [exec]  1534532 res/drawable-mdpi/button_sec_03_disable.png (OK)
     [exec]  1536896 res/drawable-mdpi/button_sec_03_high.png (OK)
     [exec]  1540484 res/drawable-mdpi/button_sec_05.png (OK)
     [exec]  1543004 res/drawable-mdpi/button_sec_05_disable.png (OK)
     [exec]  1545444 res/drawable-mdpi/button_sec_05_high.png (OK)
     [exec]  1548996 res/drawable-mdpi/button_sec_08.png (OK)
     [exec]  1551736 res/drawable-mdpi/button_sec_08_disable.png (OK)
     [exec]  1554356 res/drawable-mdpi/button_sec_08_high.png (OK)
     [exec]  1558100 res/drawable-mdpi/button_soundclose.png (OK)
     [exec]  1561088 res/drawable-mdpi/button_soundclose_disable.png (OK)
     [exec]  1564072 res/drawable-mdpi/button_soundclose_high.png (OK)
     [exec]  1567916 res/drawable-mdpi/button_soundopen.png (OK)
     [exec]  1570940 res/drawable-mdpi/button_soundopen_disable.png (OK)
     [exec]  1573924 res/drawable-mdpi/button_soundopen_high.png (OK)
     [exec]  1577768 res/drawable-mdpi/button_status.png (OK)
     [exec]  1581700 res/drawable-mdpi/button_status_disable.png (OK)
     [exec]  1585472 res/drawable-mdpi/button_status_event.png (OK)
     [exec]  1589740 res/drawable-mdpi/button_status_event_disable.png (OK)
     [exec]  1593884 res/drawable-mdpi/button_status_event_high.png (OK)
     [exec]  1598172 res/drawable-mdpi/button_status_high.png (OK)
     [exec]  1602152 res/drawable-mdpi/button_stream_00.png (OK)
     [exec]  1605796 res/drawable-mdpi/button_stream_00_disable.png (OK)
     [exec]  1609308 res/drawable-mdpi/button_stream_00_high.png (OK)
     [exec]  1614384 res/drawable-mdpi/button_stream_01.png (OK)
     [exec]  1618136 res/drawable-mdpi/button_stream_01_disable.png (OK)
     [exec]  1621740 res/drawable-mdpi/button_stream_01_high.png (OK)
     [exec]  1626892 res/drawable-mdpi/button_timeplay.png (OK)
     [exec]  1630032 res/drawable-mdpi/button_timeplay_disable.png (OK)
     [exec]  1633124 res/drawable-mdpi/button_timeplay_high.png (OK)
     [exec]  1637580 res/drawable-mdpi/button_videoloss.png (OK)
     [exec]  1640624 res/drawable-mdpi/button_videoloss_disable.png (OK)
     [exec]  1643648 res/drawable-mdpi/button_videoloss_high.png (OK)
     [exec]  1647108 res/drawable-mdpi/button_zoom.png (OK)
     [exec]  1649896 res/drawable-mdpi/button_zoom_disable.png (OK)
     [exec]  1652640 res/drawable-mdpi/button_zoom_high.png (OK)
     [exec]  1656360 res/drawable-mdpi/dvricon_04.png (OK)
     [exec]  1659248 res/drawable-mdpi/dvricon_08.png (OK)
     [exec]  1662464 res/drawable-mdpi/dvricon_09.png (OK)
     [exec]  1665736 res/drawable-mdpi/dvricon_10.png (OK)
     [exec]  1669600 res/drawable-mdpi/dvricon_16.png (OK)
     [exec]  1673568 res/drawable-mdpi/dvricon_20.png (OK)
     [exec]  1677180 res/drawable-mdpi/dvricon_32.png (OK)
     [exec]  1681320 res/drawable-mdpi/dvricon_unknow.png (OK)
     [exec]  1684416 res/drawable-mdpi/ic_launcher.png (OK)
     [exec]  1689388 res/drawable-mdpi/ic_launcher_actionbar.png (OK)
     [exec]  1690949 res/layout-land/actionbar.xml (OK - compressed)
     [exec]  1691539 res/layout-land/actionbar_home.xml (OK - compressed)
     [exec]  1692116 res/layout-land/main.xml (OK - compressed)
     [exec]  1692701 res/layout-land/page_play.xml (OK - compressed)
     [exec]  1693277 res/layout-land/page_ptz.xml (OK - compressed)
     [exec]  1693715 res/layout-land/page_relay.xml (OK - compressed)
     [exec]  1694155 res/layout-land/panel_live.xml (OK - compressed)
     [exec]  1694940 res/layout-land/panel_play.xml (OK - compressed)
     [exec]  1695663 res/layout-land/panel_ptz.xml (OK - compressed)
     [exec]  1696469 res/layout-land/panel_relay.xml (OK - compressed)
     [exec]  1697053 res/layout-land/popup_1x1.xml (OK - compressed)
     [exec]  1698300 res/layout-land/popup_2x2.xml (OK - compressed)
     [exec]  1699168 res/layout-land/popup_status.xml (OK - compressed)
     [exec]  1701728 res/layout-port/actionbar.xml (OK - compressed)
     [exec]  1702314 res/layout-port/actionbar_home.xml (OK - compressed)
     [exec]  1702888 res/layout-port/main.xml (OK - compressed)
     [exec]  1703513 res/layout-port/page_play.xml (OK - compressed)
     [exec]  1704137 res/layout-port/page_ptz.xml (OK - compressed)
     [exec]  1704624 res/layout-port/page_relay.xml (OK - compressed)
     [exec]  1705082 res/layout-port/panel_live.xml (OK - compressed)
     [exec]  1705859 res/layout-port/panel_play.xml (OK - compressed)
     [exec]  1706619 res/layout-port/panel_ptz.xml (OK - compressed)
     [exec]  1707241 res/layout-port/panel_relay.xml (OK - compressed)
     [exec]  1707855 res/layout-port/popup_1x1.xml (OK - compressed)
     [exec]  1709153 res/layout-port/popup_2x2.xml (OK - compressed)
     [exec]  1710048 res/layout-port/popup_status.xml (OK - compressed)
     [exec]  1712590 classes.dex (OK - compressed)
     [exec]  1960766 lib/armeabi/libP2PTunnelAPIs.so (OK - compressed)
     [exec]  2027162 lib/armeabi/libpeersdk-jni.so (OK - compressed)
     [exec] Verification succesful
   [delete] Deleting: /home/rd/share/autobuild_android-apk_11298/iWatchDVR2/bin/unzipalign_iWatchDVR2.apk
   [delete] Deleting: /home/rd/share/autobuild_android-apk_11298/iWatchDVR2/bin/unsigned_iWatchDVR2.apk

availableReleaseDir:

mkReleaseDir:

release:
     [copy] Copying 1 file to /home/rd/share/autobuild_android-apk_11298/release

BUILD SUCCESSFUL
Total time: 28 seconds
