Buildfile: /home/rd/share/autobuild_android-apk_11298/iWatchDVR2/build.xml

pre-setup:
     [echo] ========================================
     [echo] Deleting output directories...
   [delete] Deleting directory /home/rd/share/autobuild_android-apk_11298/iWatchDVR2/bin
     [echo] ========================================

build-setup:
     [echo] ========================================
     [echo] Creating output directories...
    [mkdir] Created dir: /home/rd/share/autobuild_android-apk_11298/iWatchDVR2/bin
    [mkdir] Created dir: /home/rd/share/autobuild_android-apk_11298/iWatchDVR2/bin/classes
     [echo] ========================================

compile-resource:
     [echo] ========================================
     [echo] Compiling R.java....
     [echo] ========================================
    [javac] /home/rd/share/autobuild_android-apk_11298/iWatchDVR2/build.xml:136: warning: 'includeantruntime' was not set, defaulting to build.sysclasspath=last; set to false for repeatable builds
    [javac] Compiling 3 source files to /home/rd/share/autobuild_android-apk_11298/iWatchDVR2/bin/classes
    [javac] 
    [javac]           WARNING
    [javac] 
    [javac] The -source switch defaults to 1.7 in JDK 1.7.
    [javac] If you specify -target 1.5 you now must also specify -source 1.5.
    [javac] Ant will implicitly add -source 1.5 for you.  Please change your build file.

compile-source:
     [echo] ========================================
     [echo] Compiling *.java else....
     [echo] ========================================
    [javac] /home/rd/share/autobuild_android-apk_11298/iWatchDVR2/build.xml:146: warning: 'includeantruntime' was not set, defaulting to build.sysclasspath=last; set to false for repeatable builds
    [javac] Compiling 132 source files to /home/rd/share/autobuild_android-apk_11298/iWatchDVR2/bin/classes
    [javac] 
    [javac]           WARNING
    [javac] 
    [javac] The -source switch defaults to 1.7 in JDK 1.7.
    [javac] If you specify -target 1.5 you now must also specify -source 1.5.
    [javac] Ant will implicitly add -source 1.5 for you.  Please change your build file.
    [javac] Note: /home/rd/share/autobuild_android-apk_11298/iWatchDVR2/src/remote/iWatchDVR/ZoomActivity.java uses or overrides a deprecated API.
    [javac] Note: Recompile with -Xlint:deprecation for details.
    [javac] Note: Some input files use unchecked or unsafe operations.
    [javac] Note: Recompile with -Xlint:unchecked for details.

pack-jar:
     [echo] ========================================
     [echo] Creating library output jar file....
     [echo] ========================================
      [jar] Building jar: /home/rd/share/autobuild_android-apk_11298/iWatchDVR2/bin/classes.jar

gen-dex:
     [echo] ========================================
     [echo] Generating dalvik bytecodes....
     [echo] ========================================

package-resources:
     [echo] ========================================
     [echo] Packaging resources....
     [echo] ========================================

pack-apk:
     [echo] ========================================
     [echo] Packaging unsigned apk....
     [echo] ========================================
     [exec] 
     [exec] THIS TOOL IS DEPRECATED. See --help for more information.
     [exec] 

sign-apk:
     [echo] ========================================
     [echo] Signing apk....
     [echo] ========================================
     [exec]    adding: META-INF/MANIFEST.MF
     [exec]    adding: META-INF/ICATCH.SF
     [exec]    adding: META-INF/ICATCH.RSA
     [exec]   signing: res/anim/disappear.xml
     [exec]   signing: res/anim/grow_from_bottom.xml
     [exec]   signing: res/anim/grow_from_bottomleft_to_topright.xml
     [exec]   signing: res/anim/grow_from_bottomright_to_topleft.xml
     [exec]   signing: res/anim/grow_from_top.xml
     [exec]   signing: res/anim/grow_from_topleft_to_bottomright.xml
     [exec]   signing: res/anim/grow_from_topright_to_bottomleft.xml
     [exec]   signing: res/anim/pump_bottom.xml
     [exec]   signing: res/anim/pump_top.xml
     [exec]   signing: res/anim/rail.xml
     [exec]   signing: res/anim/shrink_from_bottom.xml
     [exec]   signing: res/anim/shrink_from_bottomleft_to_topright.xml
     [exec]   signing: res/anim/shrink_from_bottomright_to_topleft.xml
     [exec]   signing: res/anim/shrink_from_top.xml
     [exec]   signing: res/anim/shrink_from_topleft_to_bottomright.xml
     [exec]   signing: res/anim/shrink_from_topright_to_bottomleft.xml
     [exec]   signing: res/drawable/action_item_btn.xml
     [exec]   signing: res/drawable/action_item_selected.9.png
     [exec]   signing: res/drawable/arrow_down.png
     [exec]   signing: res/drawable/arrow_up.png
     [exec]   signing: res/drawable/background.9.png
     [exec]   signing: res/drawable/background_wheel.xml
     [exec]   signing: res/drawable/ic_launcher.png
     [exec]   signing: res/drawable/point_center.png
     [exec]   signing: res/drawable/popup.9.png
     [exec]   signing: res/drawable/rect.9.png
     [exec]   signing: res/drawable/rect_center.png
     [exec]   signing: res/drawable/selector_action_item.xml
     [exec]   signing: res/drawable/selector_button_1sec.xml
     [exec]   signing: res/drawable/selector_button_1x
     [exec] 1.xml
     [exec]   signing: res/drawable/selector_button_1x1_ptz.xml
     [exec]   signing: res/drawable/selector_button_2x2.xml
     [exec]   signing: res/drawable/selector_button_3sec.xml
     [exec]   signing: res/drawable/selector_button_3x3.xml
     [exec]   signing: res/drawable/selector_button_4x4.xml
     [exec]   signing: res/drawable/selector_button_5sec.xml
     [exec]   signing: res/drawable/selector_button_8sec.xml
     [exec]   signing: res/drawable/selector_button_backup.xml
     [exec]   signing: res/drawable/selector_button_division.xml
     [exec]   signing: res/drawable/selector_button_eventplay.xml
     [exec]   signing: res/drawable/selector_button_focusin.xml
     [exec]   signing: res/drawable/selector_button_focusout.xml
     [exec]   signing: res/drawable/selector_button_forward.xml
     [exec]   signing: res/drawable/selector_button_go_preset.xml
     [exec]   signing: res/drawable/selector_button_gobackup.xml
     [exec]   signing: res/drawable/selector_button_iris_close.xml
     [exec]   signing: res/drawable/selector_button_iris_open.xml
     [exec]   signing: res/drawable/selector_button_mainstream.xml
     [exec]   signing: res/drawable/selector_button_markin.xml
     [exec]   signing: res/drawable/selector_button_markout.xml
     [exec]   signing: res/drawable/selector_button_motion.xml
     [exec]   signing: res/drawable/selector_button_muteoff.xml
     [exec]   signing: res/drawable/selector_button_muteon.xml
     [exec]   signing: res/drawable/selector_button_nc.xml
     [exec]   signing: res/drawable/selector_button_no.xml
     [exec]   signing: res/drawable/selector_button_notifyoff.xml
     [exec]   signing: res/drawable/selector_button_notifyon.xml
     [exec]   signing: res/drawable/selector_button_pause.xml
     [exec]   signing: res/drawable/selector_button_play.xml
     [exec]   signing: res/drawable/selector_button_pop_controls.xml
     [exec]   signing: res/drawable/selector_button_pop_search.xml
     [exec]   signing: res/drawable/selector_button_ptz.xml
     [exec]   signing: res/drawable/selector_button_relay.xml
     [exec]   signing: res/drawable/selector_button_relayauto.xml
     [exec]   signing: res/drawable/selector_button_rewind.xml
     [exec]   signing: res/drawable/selector_button_seek.xml
     [exec]   signing: res/drawable/selector_button_set_preset.xml
     [exec]   signing: res/drawable/selector_button_status.xml
     [exec]   signing: res/drawable/selector_button_status_event.xml
     [exec]   signing: res/drawable/selector_button_step.xml
     [exec]   signing: res/drawable/selector_button_substream.xml
     [exec]   signing: res/drawable/selector_button_time_search.xml
     [exec]   signing: res/drawable/selector_button_videoloss.xml
     [exec]   signing: res/drawable/selector_button_zoom.xml
     [exec]   signing: res/drawable/selector_button_zoomin.xml
     [exec]   signing: res/drawable/selector_button_zoomout.xml
     [exec]   signing: res/drawable/selector_calendar.xml
     [exec]   signing: res/drawable/selector_calendar_event.xml
     [exec]   signing: res/drawable/selector_calendar_mark.xml
     [exec]   signing: res/drawable/shape_wheel.xml
     [exec]   signing: res/layout/calendar_view.xml
     [exec]   signing: res/layout/clock.xml
     [exec]   signing: res/layout/clock_time.xml
     [exec]   signing: res/layout/dialog_1x1.xml
     [exec]   signing: res/layout/dialog_backup_datetime.xml
     [exec]   signing: res/layout/dialog_divide.xml
     [exec]   signing: res/layout/dialog_divide_gridcontent.xml
     [exec]   signing: res/layout/dialog_ptz_preset.xml
     [exec]   signing: res/layout/fragment_stack.xml
     [exec]   signing: res/layout/fragment_tabs_pager.xml
     [exec]   signing: res/layout/gridview_item_gopreset.xml
     [exec]   signing: res/layout/gridview_item_setpreset.xml
     [exec]   signing: res/layout/listiview_row_login.xml
     [exec]   signing: res/layout/listview_row_backup.xml
     [exec]   signing: res/layout/listview_row_backup_channels.xml
     [exec]   signing: res/layout/listview_row_backup_files.xml
     [exec]   signing: res/layout/listview_row_backup_folder.xml
     [exec]   signing: res/layout/listview_row_log.xml
     [exec]   signing: res/layout/listview_row_login_dvr.xml
     [exec]   signing: res/layout/page_about.xml
     [exec]   signing: res/layout/page_backup.xml
     [exec]   signing: res/layout/page_backup_files.xml
     [exec]   signing: res/layout/page_backup_list.xml
     [exec]   signing: res/layout/page_backup_time_calendar.xml
     [exec]   signing: res/layout/page_edit_dvr_info.xml
     [exec]   signing: res/layout/page_hello.xml
     [exec]   signing: res/layout/page_log_search.xml
     [exec]   signing: res/layout/page_log_search_result.xml
     [exec]   signing: res/layout/page_login.xml
     [exec]   signing: res/layout/page_time_search.xml
     [exec]   signing: res/layout/page_zoom.xml
     [exec]   signing: res/layout/panel_live_landscape.xml
     [exec]   signing: res/layout/panel_live_portrait.xml
     [exec]   signing: res/layout/panel_play_landscape.xml
     [exec]   signing: res/layout/panel_play_portrait.xml
     [exec]   signing: res/layout/popup_4x4.xml
     [exec]   signing: res/layout/popup_8ch.xml
     [exec]   signing: res/layout/popup_backup.xml
     [exec]   signing: res/layout/popup_control.xml
     [exec]   signing: res/layout/popup_division.xml
     [exec]   signing: res/layout/popup_relay_pole.xml
     [exec]   signing: res/layout/popup_relay_second.xml
     [exec]   signing: res/layout/popup_search.xml
     [exec]   signing: res/layout/popup_stream.xml
     [exec]   signing: res/layout/preference_category.xml
     [exec]   signing: res/layout/preset_dialog.xml
     [exec]   signing: res/layout/preset_picker.xml
     [exec]   signing: res/layout/seekbar_preference.xml
     [exec]   signing: res/xml/backup.xml
     [exec]   signing: AndroidManifest.xml
     [exec]   signing: resources.arsc
     [exec]   signing: res/drawable-hdpi/background_actionbar.png
     [exec]   signing: res/drawable-hdpi/button_back.png
     [exec]   signing: res/drawable-hdpi/button_backup.png
     [exec]   signing: res/drawable-hdpi/button_backup_disable.png
     [exec]   signing: res/drawable-hdpi/button_backup_gobackup.png
     [exec]   signing: res/drawable-hdpi/button_backup_gobackup_disable.png
     [exec]   signing: res/drawable-hdpi/button_backup_gobackup_high.png
     [exec]   signing: res/drawable-hdpi/button_backup_high.png
     [exec]   signing: res/drawable-hdpi/button_backup_markin.png
     [exec]   signing: res/drawable-hdpi/button_backup_markin_disable.png
     [exec]   signing: res/drawable-hdpi/button_backup_markin_high.png
     [exec]   signing: res/drawable-hdpi/button_backup_markout.png
     [exec]   signing: res/drawable-hdpi/button_backup_markout_disable.png
     [exec]   signing: res/drawable-hdpi/button_backup_markout_high.png
     [exec]   signing: res/drawable-hdpi/button_div1.png
     [exec]   signing: res/drawable-hdpi/button_div16.png
     [exec]   signing: res/drawable-hdpi/button_div16_disable.png
     [exec]   signing: res/drawable-hdpi/button_div16_high.png
     [exec]   signing: res/drawable-hdpi/button_div1_disable.png
     [exec]   signing: res/drawable-hdpi/button_div1_high.png
     [exec]   signing: res/drawable-hdpi/button_div1_ptz.png
     [exec]   signing: res/drawable-hdpi/button_div1_ptz_disable.png
     [exec]   signing: res/drawable-hdpi/button_div1_ptz_high.png
     [exec]   signing: res/drawable-hdpi/button_div4.png
     [exec]   signing: res/drawable-hdpi/button_div4_disable.png
     [exec]   signing: res/drawable-hdpi/button_div4_high.png
     [exec]   signing: res/drawable-hdpi/button_div9.png
     [exec]   signing: res/drawable-hdpi/button_div9_disable.png
     [exec]   signing: res/drawable-hdpi/button_div9_high.png
     [exec]   signing: res/drawable-hdpi/button_division.png
     [exec]   signing: res/drawable-hdpi/button_division_disable.png
     [exec]   signing: res/drawable-hdpi/button_division_high.png
     [exec]   signing: res/drawable-hdpi/button_eventplay.png
     [exec]   signing: res/drawable-hdpi/button_eventplay_disable.png
     [exec]   signing: res/drawable-hdpi/button_eventplay_high.png
     [exec]   signing: res/drawable-hdpi/button_home.png
     [exec]   signing: res/drawable-hdpi/button_motion.png
     [exec]   signing: res/drawable-hdpi/button_motion_disable.png
     [exec]   signing: res/drawable-hdpi/button_motion_high.png
     [exec]   signing: res/drawable-hdpi/button_nc.png
     [exec]   signing: res/drawable-hdpi/button_nc_disable.png
     [exec]   signing: res/drawable-hdpi/button_nc_high.png
     [exec]   signing: res/drawable-hdpi/button_no.png
     [exec]   signing: res/drawable-hdpi/button_no_disable.png
     [exec]   signing: res/drawable-hdpi/button_no_high.png
     [exec]   signing: res/drawable-hdpi/button_notificationoff.png
     [exec]   signing: res/drawable-hdpi/button_notificationoff_disable.png
     [exec]   signing: res/drawable-hdpi/button_notificationoff_high.png
     [exec]   signing: res/drawable-hdpi/button_notificationon.png
     [exec]   signing: res/drawable-hdpi/button_notificationon_disable.png
     [exec]   signing: res/drawable-hdpi/button_notificationon_high.png
     [exec]   signing: res/drawable-hdpi/button_play_forward.png
     [exec]   signing: res/drawable-hdpi/button_play_forward_disable.png
     [exec]   signing: res/drawable-hdpi/button_play_forward_high.png
     [exec]   signing: res/drawable-hdpi/button_play_pause.png
     [exec]   signing: res/drawable-hdpi/button_play_pause_disable.png
     [exec]   signing: res/drawable-hdpi/button_play_pause_high.png
     [exec]   signing: res/drawable-hdpi/button_play_playing.png
     [exec]   signing: res/drawable-hdpi/button_play_playing_disable.png
     [exec]   signing: res/drawable-hdpi/button_play_playing_high.png
     [exec]   signing: res/drawable-hdpi/button_play_rewind.png
     [exec]   signing: res/drawable-hdpi/button_play_rewind_disable.png
     [exec]   signing: res/drawable-hdpi/button_play_rewind_high.png
     [exec]   signing: res/drawable-hdpi/button_play_seek.png
     [exec]   signing: res/drawable-hdpi/button_play_seek_disable.png
     [exec]   signing: res/drawable-hdpi/button_play_seek_high.png
     [exec]   signing: res/drawable-hdpi/button_play_step.png
     [exec]   signing: res/drawable-hdpi/button_play_step_disable.png
     [exec]   signing: res/drawable-hdpi/button_play_step_high.png
     [exec]   signing: res/drawable-hdpi/button_pop_controls.png
     [exec]   signing: res/drawable-hdpi/button_pop_controls_disable.png
     [exec]   signing: res/drawable-hdpi/button_pop_controls_high.png
     [exec]   signing: res/drawable-hdpi/button_pop_search.png
     [exec]   signing: res/drawable-hdpi/button_pop_search_disable.png
     [exec]   signing: res/drawable-hdpi/button_pop_search_high.png
     [exec]   signing: res/drawable-hdpi/button_ptz.png
     [exec]   signing: res/drawable-hdpi/button_ptz_disable.png
     [exec]   signing: res/drawable-hdpi/button_ptz_focusin.png
     [exec]   signing: res/drawable-hdpi/button_ptz_focusin_disable.png
     [exec]   signing: res/drawable-hdpi/button_ptz_focusin_high.png
     [exec]   signing: res/drawable-hdpi/button_ptz_focusout.png
     [exec]   signing: res/drawable-hdpi/button_ptz_focusout_disable.png
     [exec]   signing: res/drawable-hdpi/button_ptz_focusout_high.png
     [exec]   signing: res/drawable-hdpi/button_ptz_gopreset.png
     [exec]   signing: res/drawable-hdpi/button_ptz_gopreset_disable.png
     [exec]   signing: res/drawable-hdpi/button_ptz_gopreset_high.png
     [exec]   signing: res/drawable-hdpi/button_ptz_high.png
     [exec]   signing: res/drawable-hdpi/button_ptz_irisclose.png
     [exec]   signing: res/drawable-hdpi/button_ptz_irisclose_disable.png
     [exec]   signing: res/drawable-hdpi/button_ptz_irisclose_high.png
     [exec]   signing: res/drawable-hdpi/button_ptz_irisopen.png
     [exec]   signing: res/drawable-hdpi/button_ptz_irisopen_disable.png
     [exec]   signing: res/drawable-hdpi/button_ptz_irisopen_high.png
     [exec]   signing: res/drawable-hdpi/button_ptz_setpreset.png
     [exec]   signing: res/drawable-hdpi/button_ptz_setpreset_disable.png
     [exec]   signing: res/drawable-hdpi/button_ptz_setpreset_high.png
     [exec]   signing: res/drawable-hdpi/button_ptz_zoomin.png
     [exec]   signing: res/drawable-hdpi/button_ptz_zoomin_disable.png
     [exec]   signing: res/drawable-hdpi/button_ptz_zoomin_high.png
     [exec]   signing: res/drawable-hdpi/button_ptz_zoomout.png
     [exec]   signing: res/drawable-hdpi/button_ptz_zoomout_disable.png
     [exec]   signing: res/drawable-hdpi/button_ptz_zoomout_high.png
     [exec]   signing: res/drawable-hdpi/button_relay.png
     [exec]   signing: res/drawable-hdpi/button_relay_disable.png
     [exec]   signing: res/drawable-hdpi/button_relay_high.png
     [exec]   signing: res/drawable-hdpi/button_relayauto.png
     [exec]   signing: res/drawable-hdpi/button_relayauto_disable.png
     [exec]   signing: res/drawable-hdpi/button_relayauto_high.png
     [exec]   signing: res/drawable-hdpi/button_sec_01.png
     [exec]   signing: res/drawable-hdpi/button_sec_01_disable.png
     [exec]   signing: res/drawable-hdpi/button_sec_01_high.png
     [exec]   signing: res/drawable-hdpi/button_sec_03.png
     [exec]   signing: res/drawable-hdpi/button_sec_03_disable.png
     [exec]   signing: res/drawable-hdpi/button_sec_03_high.png
     [exec]   signing: res/drawable-hdpi/button_sec_05.png
     [exec]   signing: res/drawable-hdpi/button_sec_05_disable.png
     [exec]   signing: res/drawable-hdpi/button_sec_05_high.png
     [exec]   signing: res/drawable-hdpi/button_sec_08.png
     [exec]   signing: res/drawable-hdpi/button_sec_08_disable.png
     [exec]   signing: res/drawable-hdpi/button_sec_08_high.png
     [exec]   signing: res/drawable-hdpi/button_soundclose.png
     [exec]   signing: res/drawable-hdpi/button_soundclose_disable.png
     [exec]   signing: res/drawable-hdpi/button_soundclose_high.png
     [exec]   signing: res/drawable-hdpi/button_soundopen.png
     [exec]   signing: res/drawable-hdpi/button_soundopen_disable.png
     [exec]   signing: res/drawable-hdpi/button_soundopen_high.png
     [exec]   signing: res/drawable-hdpi/button_status.png
     [exec]   signing: res/drawable-hdpi/button_status_disable.png
     [exec]   signing: res/drawable-hdpi/button_status_event.png
     [exec]   signing: res/drawable-hdpi/button_status_event_disable.png
     [exec]   signing: res/drawable-hdpi/button_status_event_high.png
     [exec]   signing: res/drawable-hdpi/button_status_high.png
     [exec]   signing: res/drawable-hdpi/button_stream_00.png
     [exec]   signing: res/drawable-hdpi/button_stream_00_disable.png
     [exec]   signing: res/drawable-hdpi/button_stream_00_high.png
     [exec]   signing: res/drawable-hdpi/button_stream_01.png
     [exec]   signing: res/drawable-hdpi/button_stream_01_disable.png
     [exec]   signing: res/drawable-hdpi/button_stream_01_high.png
     [exec]   signing: res/drawable-hdpi/button_timeplay.png
     [exec]   signing: res/drawable-hdpi/button_timeplay_disable.png
     [exec]   signing: res/drawable-hdpi/button_timeplay_high.png
     [exec]   signing: res/drawable-hdpi/button_videoloss.png
     [exec]   signing: res/drawable-hdpi/button_videoloss_disable.png
     [exec]   signing: res/drawable-hdpi/button_videoloss_high.png
     [exec]   signing: res/drawable-hdpi/button_zoom.png
     [exec]   signing: res/drawable-hdpi/button_zoom_disable.png
     [exec]   signing: res/drawable-hdpi/button_zoom_high.png
     [exec]   signing: res/drawable-hdpi/dvricon_04.png
     [exec]   signing: res/drawable-hdpi/dvricon_08.png
     [exec]   signing: res/drawable-hdpi/dvricon_09.png
     [exec]   signing: res/drawable-hdpi/dvricon_10.png
     [exec]   signing: res/drawable-hdpi/dvricon_16.png
     [exec]   signing: res/drawable-hdpi/dvricon_20.png
     [exec]   signing: res/drawable-hdpi/dvricon_32.png
     [exec]   signing: res/drawable-hdpi/dvricon_unknow.png
     [exec]   signing: res/drawable-hdpi/ic_launcher.png
     [exec]   signing: res/drawable-hdpi/ic_launcher_actionbar.png
     [exec]   signing: res/drawable-ldpi/background_actionbar.png
     [exec]   signing: res/drawable-ldpi/button_back.png
     [exec]   signing: res/drawable-ldpi/button_backup.png
     [exec]   signing: res/drawable-ldpi/button_backup_disable.png
     [exec]   signing: res/drawable-ldpi/button_backup_gobackup.png
     [exec]   signing: res/drawable-ldpi/button_backup_gobackup_disable.png
     [exec]   signing: res/drawable-ldpi/button_backup_gobackup_high.png
     [exec]   signing: res/drawable-ldpi/button_backup_high.png
     [exec]   signing: res/drawable-ldpi/button_backup_markin.png
     [exec]   signing: res/drawable-ldpi/button_backup_markin_disable.png
     [exec]   signing: res/drawable-ldpi/button_backup_markin_high.png
     [exec]   signing: res/drawable-ldpi/button_backup_markout.png
     [exec]   signing: res/drawable-ldpi/button_backup_markout_disable.png
     [exec]   signing: res/drawable-ldpi/button_backup_markout_high.png
     [exec]   signing: res/drawable-ldpi/button_div1.png
     [exec]   signing: res/drawable-ldpi/button_div16.png
     [exec]   signing: res/drawable-ldpi/button_div16_disable.png
     [exec]   signing: res/drawable-ldpi/button_div16_high.png
     [exec]   signing: res/drawable-ldpi/button_div1_disable.png
     [exec]   signing: res/drawable-ldpi/button_div1_high.png
     [exec]   signing: res/drawable-ldpi/button_div1_ptz.png
     [exec]   signing: res/drawable-ldpi/button_div1_ptz_disable.png
     [exec]   signing: res/drawable-ldpi/button_div1_ptz_high.png
     [exec]   signing: res/drawable-ldpi/button_div4.png
     [exec]   signing: res/drawable-ldpi/button_div4_disable.png
     [exec]   signing: res/drawable-ldpi/button_div4_high.png
     [exec]   signing: res/drawable-ldpi/button_div9.png
     [exec]   signing: res/drawable-ldpi/button_div9_disable.png
     [exec]   signing: res/drawable-ldpi/button_div9_high.png
     [exec]   signing: res/drawable-ldpi/button_division.png
     [exec]   signing: res/drawable-ldpi/button_division_disable.png
     [exec]   signing: res/drawable-ldpi/button_division_high.png
     [exec]   signing: res/drawable-ldpi/button_eventplay.png
     [exec]   signing: res/drawable-ldpi/button_eventplay_diable.png
     [exec]   signing: res/drawable-ldpi/button_eventplay_disable.png
     [exec]   signing: res/drawable-ldpi/button_eventplay_high.png
     [exec]   signing: res/drawable-ldpi/button_home.png
     [exec]   signing: res/drawable-ldpi/button_motion.png
     [exec]   signing: res/drawable-ldpi/button_motion_disable.png
     [exec]   signing: res/drawable-ldpi/button_motion_high.png
     [exec]   signing: res/drawable-ldpi/button_nc.png
     [exec]   signing: res/drawable-ldpi/button_nc_disable.png
     [exec]   signing: res/drawable-ldpi/button_nc_high.png
     [exec]   signing: res/drawable-ldpi/button_no.png
     [exec]   signing: res/drawable-ldpi/button_no_disable.png
     [exec]   signing: res/drawable-ldpi/button_no_high.png
     [exec]   signing: res/drawable-ldpi/button_notification_disable.png
     [exec]   signing: res/drawable-ldpi/button_notificationoff.png
     [exec]   signing: res/drawable-ldpi/button_notificationoff_disable.png
     [exec]   signing: res/drawable-ldpi/button_notificationoff_high.png
     [exec]   signing: res/drawable-ldpi/button_notificationon.png
     [exec]   signing: res/drawable-ldpi/button_notificationon_disable.png
     [exec]   signing: res/drawable-ldpi/button_notificationon_high.png
     [exec]   signing: res/drawable-ldpi/button_play_forward.png
     [exec]   signing: res/drawable-ldpi/button_play_forward_disable.png
     [exec]   signing: res/drawable-ldpi/button_play_forward_high.png
     [exec]   signing: res/drawable-ldpi/button_play_pause.png
     [exec]   signing: res/drawable-ldpi/button_play_pause_disable.png
     [exec]   signing: res/drawable-ldpi/button_play_pause_high.png
     [exec]   signing: res/drawable-ldpi/button_play_playing.png
     [exec]   signing: res/drawable-ldpi/button_play_playing_disable.png
     [exec]   signing: res/drawable-ldpi/button_play_playing_high.png
     [exec]   signing: res/drawable-ldpi/button_play_rewind.png
     [exec]   signing: res/drawable-ldpi/button_play_rewind_disable.png
     [exec]   signing: res/drawable-ldpi/button_play_rewind_high.png
     [exec]   signing: res/drawable-ldpi/button_play_seek.png
     [exec]   signing: res/drawable-ldpi/button_play_seek_disable.png
     [exec]   signing: res/drawable-ldpi/button_play_seek_high.png
     [exec]   signing: res/drawable-ldpi/button_play_step.png
     [exec]   signing: res/drawable-ldpi/button_play_step_disable.png
     [exec]   signing: res/drawable-ldpi/button_play_step_high.png
     [exec]   signing: res/drawable-ldpi/button_pop_controls.png
     [exec]   signing: res/drawable-ldpi/button_pop_controls_disable.png
     [exec]   signing: res/drawable-ldpi/button_pop_controls_high.png
     [exec]   signing: res/drawable-ldpi/button_pop_search.png
     [exec]   signing: res/drawable-ldpi/button_pop_search_disable.png
     [exec]   signing: res/drawable-ldpi/button_pop_search_high.png
     [exec]   signing: res/drawable-ldpi/button_ptz.png
     [exec]   signing: res/drawable-ldpi/button_ptz_disable.png
     [exec]   signing: res/drawable-ldpi/button_ptz_focusin.png
     [exec]   signing: res/drawable-ldpi/button_ptz_focusin_disable.png
     [exec]   signing: res/drawable-ldpi/button_ptz_focusin_high.png
     [exec]   signing: res/drawable-ldpi/button_ptz_focusout.png
     [exec]   signing: res/drawable-ldpi/button_ptz_focusout_disable.png
     [exec]   signing: res/drawable-ldpi/button_ptz_focusout_high.png
     [exec]   signing: res/drawable-ldpi/button_ptz_gopreset.png
     [exec]   signing: res/drawable-ldpi/button_ptz_gopreset_disable.png
     [exec]   signing: res/drawable-ldpi/button_ptz_gopreset_high.png
     [exec]   signing: res/drawable-ldpi/button_ptz_high.png
     [exec]   signing: res/drawable-ldpi/button_ptz_irisclose.png
     [exec]   signing: res/drawable-ldpi/button_ptz_irisclose_disable.png
     [exec]   signing: res/drawable-ldpi/button_ptz_irisclose_high.png
     [exec]   signing: res/drawable-ldpi/button_ptz_irisopen.png
     [exec]   signing: res/drawable-ldpi/button_ptz_irisopen_disable.png
     [exec]   signing: res/drawable-ldpi/button_ptz_irisopen_high.png
     [exec]   signing: res/drawable-ldpi/button_ptz_setpreset.png
     [exec]   signing: res/drawable-ldpi/button_ptz_setpreset_disable.png
     [exec]   signing: res/drawable-ldpi/button_ptz_setpreset_high.png
     [exec]   signing: res/drawable-ldpi/button_ptz_zoomin.png
     [exec]   signing: res/drawable-ldpi/button_ptz_zoomin_disable.png
     [exec]   signing: res/drawable-ldpi/button_ptz_zoomin_high.png
     [exec]   signing: res/drawable-ldpi/button_ptz_zoomout.png
     [exec]   signing: res/drawable-ldpi/button_ptz_zoomout_disable.png
     [exec]   signing: res/drawable-ldpi/button_ptz_zoomout_high.png
     [exec]   signing: res/drawable-ldpi/button_relay.png
     [exec]   signing: res/drawable-ldpi/button_relay_disable.png
     [exec]   signing: res/drawable-ldpi/button_relay_high.png
     [exec]   signing: res/drawable-ldpi/button_relayauto.png
     [exec]   signing: res/drawable-ldpi/button_relayauto_disable.png
     [exec]   signing: res/drawable-ldpi/button_relayauto_high.png
     [exec]   signing: res/drawable-ldpi/button_sec_01.png
     [exec]   signing: res/drawable-ldpi/button_sec_01_disable.png
     [exec]   signing: res/drawable-ldpi/button_sec_01_high.png
     [exec]   signing: res/drawable-ldpi/button_sec_03.png
     [exec]   signing: res/drawable-ldpi/button_sec_03_disable.png
     [exec]   signing: res/drawable-ldpi/button_sec_03_high.png
     [exec]   signing: res/drawable-ldpi/button_sec_05.png
     [exec]   signing: res/drawable-ldpi/button_sec_05_disable.png
     [exec]   signing: res/drawable-ldpi/button_sec_05_high.png
     [exec]   signing: res/drawable-ldpi/button_sec_08.png
     [exec]   signing: res/drawable-ldpi/button_sec_08_disable.png
     [exec]   signing: res/drawable-ldpi/button_sec_08_high.png
     [exec]   signing: res/drawable-ldpi/button_soundclose.png
     [exec]   signing: res/drawable-ldpi/button_soundclose_disable.png
     [exec]   signing: res/drawable-ldpi/button_soundclose_high.png
     [exec]   signing: res/drawable-ldpi/button_soundopen.png
     [exec]   signing: res/drawable-ldpi/button_soundopen_disable.png
     [exec]   signing: res/drawable-ldpi/button_soundopen_high.png
     [exec]   signing: res/drawable-ldpi/button_status.png
     [exec]   signing: res/drawable-ldpi/button_status_disable.png
     [exec]   signing: res/drawable-ldpi/button_status_event.png
     [exec]   signing: res/drawable-ldpi/button_status_event_disable.png
     [exec]   signing: res/drawable-ldpi/button_status_event_high.png
     [exec]   signing: res/drawable-ldpi/button_status_high.png
     [exec]   signing: res/drawable-ldpi/button_stream_00.png
     [exec]   signing: res/drawable-ldpi/button_stream_00_disable.png
     [exec]   signing: res/drawable-ldpi/button_stream_00_high.png
     [exec]   signing: res/drawable-ldpi/button_stream_01.png
     [exec]   signing: res/drawable-ldpi/button_stream_01_disable.png
     [exec]   signing: res/drawable-ldpi/button_stream_01_high.png
     [exec]   signing: res/drawable-ldpi/button_timeplay.png
     [exec]   signing: res/drawable-ldpi/button_timeplay_disable.png
     [exec]   signing: res/drawable-ldpi/button_timeplay_high.png
     [exec]   signing: res/drawable-ldpi/button_videoloss.png
     [exec]   signing: res/drawable-ldpi/button_videoloss_disable.png
     [exec]   signing: res/drawable-ldpi/button_videoloss_high.png
     [exec]   signing: res/drawable-ldpi/button_zoom.png
     [exec]   signing: res/drawable-ldpi/button_zoom_disable.png
     [exec]   signing: res/drawable-ldpi/button_zoom_high.png
     [exec]   signing: res/drawable-ldpi/dvricon_04.png
     [exec]   signing: res/drawable-ldpi/dvricon_08.png
     [exec]   signing: res/drawable-ldpi/dvricon_09.png
     [exec]   signing: res/drawable-ldpi/dvricon_10.png
     [exec]   signing: res/drawable-ldpi/dvricon_16.png
     [exec]   signing: res/drawable-ldpi/dvricon_20.png
     [exec]   signing: res/drawable-ldpi/dvricon_32.png
     [exec]   signing: res/drawable-ldpi/dvricon_unknow.png
     [exec]   signing: res/drawable-ldpi/ic_launcher.png
     [exec]   signing: res/drawable-ldpi/ic_launcher_actionbar.png
     [exec]   signing: res/drawable-mdpi/background_actionbar.png
     [exec]   signing: res/drawable-mdpi/button_back.png
     [exec]   signing: res/drawable-mdpi/button_backup.png
     [exec]   signing: res/drawable-mdpi/button_backup_disable.png
     [exec]   signing: res/drawable-mdpi/button_backup_gobackup.png
     [exec]   signing: res/drawable-mdpi/button_backup_gobackup_disable.png
     [exec]   signing: res/drawable-mdpi/button_backup_gobackup_high.png
     [exec]   signing: res/drawable-mdpi/button_backup_high.png
     [exec]   signing: res/drawable-mdpi/button_backup_markin.png
     [exec]   signing: res/drawable-mdpi/button_backup_markin_disable.png
     [exec]   signing: res/drawable-mdpi/button_backup_markin_high.png
     [exec]   signing: res/drawable-mdpi/button_backup_markout.png
     [exec]   signing: res/drawable-mdpi/button_backup_markout_disable.png
     [exec]   signing: res/drawable-mdpi/button_backup_markout_high.png
     [exec]   signing: res/drawable-mdpi/button_div1.png
     [exec]   signing: res/drawable-mdpi/button_div16.png
     [exec]   signing: res/drawable-mdpi/button_div16_disable.png
     [exec]   signing: res/drawable-mdpi/button_div16_high.png
     [exec]   signing: res/drawable-mdpi/button_div1_disable.png
     [exec]   signing: res/drawable-mdpi/button_div1_high.png
     [exec]   signing: res/drawable-mdpi/button_div1_ptz.png
     [exec]   signing: res/drawable-mdpi/button_div1_ptz_disable.png
     [exec]   signing: res/drawable-mdpi/button_div1_ptz_high.png
     [exec]   signing: res/drawable-mdpi/button_div4.png
     [exec]   signing: res/drawable-mdpi/button_div4_disable.png
     [exec]   signing: res/drawable-mdpi/button_div4_high.png
     [exec]   signing: res/drawable-mdpi/button_div9.png
     [exec]   signing: res/drawable-mdpi/button_div9_disable.png
     [exec]   signing: res/drawable-mdpi/button_div9_high.png
     [exec]   signing: res/drawable-mdpi/button_division.png
     [exec]   signing: res/drawable-mdpi/button_division_disable.png
     [exec]   signing: res/drawable-mdpi/button_division_high.png
     [exec]   signing: res/drawable-mdpi/button_eventplay.png
     [exec]   signing: res/drawable-mdpi/button_eventplay_disable.png
     [exec]   signing: res/drawable-mdpi/button_eventplay_high.png
     [exec]   signing: res/drawable-mdpi/button_home.png
     [exec]   signing: res/drawable-mdpi/button_motion.png
     [exec]   signing: res/drawable-mdpi/button_motion_disable.png
     [exec]   signing: res/drawable-mdpi/button_motion_high.png
     [exec]   signing: res/drawable-mdpi/button_nc.png
     [exec]   signing: res/drawable-mdpi/button_nc_disable.png
     [exec]   signing: res/drawable-mdpi/button_nc_high.png
     [exec]   signing: res/drawable-mdpi/button_no.png
     [exec]   signing: res/drawable-mdpi/button_no_disable.png
     [exec]   signing: res/drawable-mdpi/button_no_high.png
     [exec]   signing: res/drawable-mdpi/button_notificationoff.png
     [exec]   signing: res/drawable-mdpi/button_notificationoff_disable.png
     [exec]   signing: res/drawable-mdpi/button_notificationoff_high.png
     [exec]   signing: res/drawable-mdpi/button_notificationon.png
     [exec]   signing: res/drawable-mdpi/button_notificationon_disable.png
     [exec]   signing: res/drawable-mdpi/button_notificationon_high.png
     [exec]   signing: res/drawable-mdpi/button_play_forward.png
     [exec]   signing: res/drawable-mdpi/button_play_forward_disable.png
     [exec]   signing: res/drawable-mdpi/button_play_forward_high.png
     [exec]   signing: res/drawable-mdpi/button_play_pause.png
     [exec]   signing: res/drawable-mdpi/button_play_pause_disable.png
     [exec]   signing: res/drawable-mdpi/button_play_pause_high.png
     [exec]   signing: res/drawable-mdpi/button_play_playing.png
     [exec]   signing: res/drawable-mdpi/button_play_playing_disable.png
     [exec]   signing: res/drawable-mdpi/button_play_playing_high.png
     [exec]   signing: res/drawable-mdpi/button_play_rewind.png
     [exec]   signing: res/drawable-mdpi/button_play_rewind_disable.png
     [exec]   signing: res/drawable-mdpi/button_play_rewind_high.png
     [exec]   signing: res/drawable-mdpi/button_play_seek.png
     [exec]   signing: res/drawable-mdpi/button_play_seek_disable.png
     [exec]   signing: res/drawable-mdpi/button_play_seek_high.png
     [exec]   signing: res/drawable-mdpi/button_play_step.png
     [exec]   signing: res/drawable-mdpi/button_play_step_disable.png
     [exec]   signing: res/drawable-mdpi/button_play_step_high.png
     [exec]   signing: res/drawable-mdpi/button_pop_controls.png
     [exec]   signing: res/drawable-mdpi/button_pop_controls_disable.png
     [exec]   signing: res/drawable-mdpi/button_pop_controls_high.png
     [exec]   signing: res/drawable-mdpi/button_pop_search.png
     [exec]   signing: res/drawable-mdpi/button_pop_search_disable.png
     [exec]   signing: res/drawable-mdpi/button_pop_search_high.png
     [exec]   signing: res/drawable-mdpi/button_ptz.png
     [exec]   signing: res/drawable-mdpi/button_ptz_disable.png
     [exec]   signing: res/drawable-mdpi/button_ptz_focusin.png
     [exec]   signing: res/drawable-mdpi/button_ptz_focusin_disable.png
     [exec]   signing: res/drawable-mdpi/button_ptz_focusin_high.png
     [exec]   signing: res/drawable-mdpi/button_ptz_focusout.png
     [exec]   signing: res/drawable-mdpi/button_ptz_focusout_disable.png
     [exec]   signing: res/drawable-mdpi/button_ptz_focusout_high.png
     [exec]   signing: res/drawable-mdpi/button_ptz_gopreset.png
     [exec]   signing: res/drawable-mdpi/button_ptz_gopreset_disable.png
     [exec]   signing: res/drawable-mdpi/button_ptz_gopreset_high.png
     [exec]   signing: res/drawable-mdpi/button_ptz_high.png
     [exec]   signing: res/drawable-mdpi/button_ptz_irisclose.png
     [exec]   signing: res/drawable-mdpi/button_ptz_irisclose_disable.png
     [exec]   signing: res/drawable-mdpi/button_ptz_irisclose_high.png
     [exec]   signing: res/drawable-mdpi/button_ptz_irisopen.png
     [exec]   signing: res/drawable-mdpi/button_ptz_irisopen_disable.png
     [exec]   signing: res/drawable-mdpi/button_ptz_irisopen_high.png
     [exec]   signing: res/drawable-mdpi/button_ptz_setpreset.png
     [exec]   signing: res/drawable-mdpi/button_ptz_setpreset_disable.png
     [exec]   signing: res/drawable-mdpi/button_ptz_setpreset_high.png
     [exec]   signing: res/drawable-mdpi/button_ptz_zoomin.png
     [exec]   signing: res/drawable-mdpi/button_ptz_zoomin_disable.png
     [exec]   signing: res/drawable-mdpi/button_ptz_zoomin_high.png
     [exec]   signing: res/drawable-mdpi/button_ptz_zoomout.png
     [exec]   signing: res/drawable-mdpi/button_ptz_zoomout_disable.png
     [exec]   signing: res/drawable-mdpi/button_ptz_zoomout_high.png
     [exec]   signing: res/drawable-mdpi/button_relay.png
     [exec]   signing: res/drawable-mdpi/button_relay_disable.png
     [exec]   signing: res/drawable-mdpi/button_relay_high.png
     [exec]   signing: res/drawable-mdpi/button_relayauto.png
     [exec]   signing: res/drawable-mdpi/button_relayauto_disable.png
     [exec]   signing: res/drawable-mdpi/button_relayauto_high.png
     [exec]   signing: res/drawable-mdpi/button_sec_01.png
     [exec]   signing: res/drawable-mdpi/button_sec_01_disable.png
     [exec]   signing: res/drawable-mdpi/button_sec_01_high.png
     [exec]   signing: res/drawable-mdpi/button_sec_03.png
     [exec]   signing: res/drawable-mdpi/button_sec_03_disable.png
     [exec]   signing: res/drawable-mdpi/button_sec_03_high.png
     [exec]   signing: res/drawable-mdpi/button_sec_05.png
     [exec]   signing: res/drawable-mdpi/button_sec_05_disable.png
     [exec]   signing: res/drawable-mdpi/button_sec_05_high.png
     [exec]   signing: res/drawable-mdpi/button_sec_08.png
     [exec]   signing: res/drawable-mdpi/button_sec_08_disable.png
     [exec]   signing: res/drawable-mdpi/button_sec_08_high.png
     [exec]   signing: res/drawable-mdpi/button_soundclose.png
     [exec]   signing: res/drawable-mdpi/button_soundclose_disable.png
     [exec]   signing: res/drawable-mdpi/button_soundclose_high.png
     [exec]   signing: res/drawable-mdpi/button_soundopen.png
     [exec]   signing: res/drawable-mdpi/button_soundopen_disable.png
     [exec]   signing: res/drawable-mdpi/button_soundopen_high.png
     [exec]   signing: res/drawable-mdpi/button_status.png
     [exec]   signing: res/drawable-mdpi/button_status_disable.png
     [exec]   signing: res/drawable-mdpi/button_status_event.png
     [exec]   signing: res/drawable-mdpi/button_status_event_disable.png
     [exec]   signing: res/drawable-mdpi/button_status_event_high.png
     [exec]   signing: res/drawable-mdpi/button_status_high.png
     [exec]   signing: res/drawable-mdpi/button_stream_00.png
     [exec]   signing: res/drawable-mdpi/button_stream_00_disable.png
     [exec]   signing: res/drawable-mdpi/button_stream_00_high.png
     [exec]   signing: res/drawable-mdpi/button_stream_01.png
     [exec]   signing: res/drawable-mdpi/button_stream_01_disable.png
     [exec]   signing: res/drawable-mdpi/button_stream_01_high.png
     [exec]   signing: res/drawable-mdpi/button_timeplay.png
     [exec]   signing: res/drawable-mdpi/button_timeplay_disable.png
     [exec]   signing: res/drawable-mdpi/button_timeplay_high.png
     [exec]   signing: res/drawable-mdpi/button_videoloss.png
     [exec]   signing: res/drawable-mdpi/button_videoloss_disable.png
     [exec]   signing: res/drawable-mdpi/button_videoloss_high.png
     [exec]   signing: res/drawable-mdpi/button_zoom.png
     [exec]   signing: res/drawable-mdpi/button_zoom_disable.png
     [exec]   signing: res/drawable-mdpi/button_zoom_high.png
     [exec]   signing: res/drawable-mdpi/dvricon_04.png
     [exec]   signing: res/drawable-mdpi/dvricon_08.png
     [exec]   signing: res/drawable-mdpi/dvricon_09.png
     [exec]   signing: res/drawable-mdpi/dvricon_10.png
     [exec]   signing: res/drawable-mdpi/dvricon_16.png
     [exec]   signing: res/drawable-mdpi/dvricon_20.png
     [exec]   signing: res/drawable-mdpi/dvricon_32.png
     [exec]   signing: res/drawable-mdpi/dvricon_unknow.png
     [exec]   signing: res/drawable-mdpi/ic_launcher.png
     [exec]   signing: res/drawable-mdpi/ic_launcher_actionbar.png
     [exec]   signing: res/layout-land/actionbar.xml
     [exec]   signing: res/layout-land/actionbar_home.xml
     [exec]   signing: res/layout-land/main.xml
     [exec]   signing: res/layout-land/page_play.xml
     [exec]   signing: res/layout-land/page_ptz.xml
     [exec]   signing: res/layout-land/page_relay.xml
     [exec]   signing: res/layout-land/panel_live.xml
     [exec]   signing: res/layout-land/panel_play.xml
     [exec]   signing: res/layout-land/panel_ptz.xml
     [exec]   signing: res/layout-land/panel_relay.xml
     [exec]   signing: res/layout-land/popup_1x1.xml
     [exec]   signing: res/layout-land/popup_2x2.xml
     [exec]   signing: res/layout-land/popup_status.xml
     [exec]   signing: res/layout-port/actionbar.xml
     [exec]   signing: res/layout-port/actionbar_home.xml
     [exec]   signing: res/layout-port/main.xml
     [exec]   signing: res/layout-port/page_play.xml
     [exec]   signing: res/layout-port/page_ptz.xml
     [exec]   signing: res/layout-port/page_relay.xml
     [exec]   signing: res/layout-port/panel_live.xml
     [exec]   signing: res/layout-port/panel_play.xml
     [exec]   signing: res/layout-port/panel_ptz.xml
     [exec]   signing: res/layout-port/panel_relay.xml
     [exec]   signing: res/layout-port/popup_1x1.xml
     [exec]   signing: res/layout-port/popup_2x2.xml
     [exec]   signing: res/layout-port/popup_status.xml
     [exec]   signing: classes.dex
     [exec]   signing: lib/armeabi/libP2PTunnelAPIs.so
     [exec]   signing: lib/armeabi/libpeersdk-jni.so

zipalign-apk:
     [echo] ========================================
     [echo] Zipaligning signed apk....
     [echo] ========================================
     [exec] Verifying alignment of /home/rd/share/autobuild_android-apk_11298/iWatchDVR2/bin/iWatchDVR2-Yoko.apk (4)...
     [exec]       50 META-INF/MANIFEST.MF (OK - compressed)
     [exec]    17951 META-INF/ICATCH.SF (OK - compressed)
     [exec]    36196 META-INF/ICATCH.RSA (OK - compressed)
     [exec]    37335 res/anim/disappear.xml (OK - compressed)
     [exec]    37648 res/anim/grow_from_bottom.xml (OK - compressed)
     [exec]    38100 res/anim/grow_from_bottomleft_to_topright.xml (OK - compressed)
     [exec]    38550 res/anim/grow_from_bottomright_to_topleft.xml (OK - compressed)
     [exec]    38983 res/anim/grow_from_top.xml (OK - compressed)
     [exec]    39433 res/anim/grow_from_topleft_to_bottomright.xml (OK - compressed)
     [exec]    39879 res/anim/grow_from_topright_to_bottomleft.xml (OK - compressed)
     [exec]    40307 res/anim/pump_bottom.xml (OK - compressed)
     [exec]    40736 res/anim/pump_top.xml (OK - compressed)
     [exec]    41159 res/anim/rail.xml (OK - compressed)
     [exec]    41439 res/anim/shrink_from_bottom.xml (OK - compressed)
     [exec]    41893 res/anim/shrink_from_bottomleft_to_topright.xml (OK - compressed)
     [exec]    42346 res/anim/shrink_from_bottomright_to_topleft.xml (OK - compressed)
     [exec]    42777 res/anim/shrink_from_top.xml (OK - compressed)
     [exec]    43232 res/anim/shrink_from_topleft_to_bottomright.xml (OK - compressed)
     [exec]    43683 res/anim/shrink_from_topright_to_bottomleft.xml (OK - compressed)
     [exec]    44119 res/drawable/action_item_btn.xml (OK - compressed)
     [exec]    44528 res/drawable/action_item_selected.9.png (OK)
     [exec]    45268 res/drawable/arrow_down.png (OK)
     [exec]    46168 res/drawable/arrow_up.png (OK)
     [exec]    47080 res/drawable/background.9.png (OK)
     [exec]    47343 res/drawable/background_wheel.xml (OK - compressed)
     [exec]    47916 res/drawable/ic_launcher.png (OK)
     [exec]    51764 res/drawable/point_center.png (OK)
     [exec]    51904 res/drawable/popup.9.png (OK)
     [exec]    52528 res/drawable/rect.9.png (OK)
     [exec]    52776 res/drawable/rect_center.png (OK)
     [exec]    52927 res/drawable/selector_action_item.xml (OK - compressed)
     [exec]    53333 res/drawable/selector_button_1sec.xml (OK - compressed)
     [exec]    53733 res/drawable/selector_button_1x1.xml (OK - compressed)
     [exec]    54137 res/drawable/selector_button_1x1_ptz.xml (OK - compressed)
     [exec]    54537 res/drawable/selector_button_2x2.xml (OK - compressed)
     [exec]    54939 res/drawable/selector_button_3sec.xml (OK - compressed)
     [exec]    55340 res/drawable/selector_button_3x3.xml (OK - compressed)
     [exec]    55741 res/drawable/selector_button_4x4.xml (OK - compressed)
     [exec]    56142 res/drawable/selector_button_5sec.xml (OK - compressed)
     [exec]    56544 res/drawable/selector_button_8sec.xml (OK - compressed)
     [exec]    56948 res/drawable/selector_button_backup.xml (OK - compressed)
     [exec]    57353 res/drawable/selector_button_division.xml (OK - compressed)
     [exec]    57760 res/drawable/selector_button_eventplay.xml (OK - compressed)
     [exec]    58165 res/drawable/selector_button_focusin.xml (OK - compressed)
     [exec]    58572 res/drawable/selector_button_focusout.xml (OK - compressed)
     [exec]    58978 res/drawable/selector_button_forward.xml (OK - compressed)
     [exec]    59384 res/drawable/selector_button_go_preset.xml (OK - compressed)
     [exec]    59790 res/drawable/selector_button_gobackup.xml (OK - compressed)
     [exec]    60197 res/drawable/selector_button_iris_close.xml (OK - compressed)
     [exec]    60603 res/drawable/selector_button_iris_open.xml (OK - compressed)
     [exec]    61009 res/drawable/selector_button_mainstream.xml (OK - compressed)
     [exec]    61414 res/drawable/selector_button_markin.xml (OK - compressed)
     [exec]    61818 res/drawable/selector_button_markout.xml (OK - compressed)
     [exec]    62221 res/drawable/selector_button_motion.xml (OK - compressed)
     [exec]    62626 res/drawable/selector_button_muteoff.xml (OK - compressed)
     [exec]    63031 res/drawable/selector_button_muteon.xml (OK - compressed)
     [exec]    63431 res/drawable/selector_button_nc.xml (OK - compressed)
     [exec]    63830 res/drawable/selector_button_no.xml (OK - compressed)
     [exec]    64238 res/drawable/selector_button_notifyoff.xml (OK - compressed)
     [exec]    64645 res/drawable/selector_button_notifyon.xml (OK - compressed)
     [exec]    65047 res/drawable/selector_button_pause.xml (OK - compressed)
     [exec]    65448 res/drawable/selector_button_play.xml (OK - compressed)
     [exec]    65858 res/drawable/selector_button_pop_controls.xml (OK - compressed)
     [exec]    66265 res/drawable/selector_button_pop_search.xml (OK - compressed)
     [exec]    66666 res/drawable/selector_button_ptz.xml (OK - compressed)
     [exec]    67061 res/drawable/selector_button_relay.xml (OK - compressed)
     [exec]    67466 res/drawable/selector_button_relayauto.xml (OK - compressed)
     [exec]    67869 res/drawable/selector_button_rewind.xml (OK - compressed)
     [exec]    68272 res/drawable/selector_button_seek.xml (OK - compressed)
     [exec]    68680 res/drawable/selector_button_set_preset.xml (OK - compressed)
     [exec]    69083 res/drawable/selector_button_status.xml (OK - compressed)
     [exec]    69495 res/drawable/selector_button_status_event.xml (OK - compressed)
     [exec]    69898 res/drawable/selector_button_step.xml (OK - compressed)
     [exec]    70304 res/drawable/selector_button_substream.xml (OK - compressed)
     [exec]    70714 res/drawable/selector_button_time_search.xml (OK - compressed)
     [exec]    71122 res/drawable/selector_button_videoloss.xml (OK - compressed)
     [exec]    71525 res/drawable/selector_button_zoom.xml (OK - compressed)
     [exec]    71929 res/drawable/selector_button_zoomin.xml (OK - compressed)
     [exec]    72333 res/drawable/selector_button_zoomout.xml (OK - compressed)
     [exec]    72731 res/drawable/selector_calendar.xml (OK - compressed)
     [exec]    73192 res/drawable/selector_calendar_event.xml (OK - compressed)
     [exec]    73651 res/drawable/selector_calendar_mark.xml (OK - compressed)
     [exec]    74100 res/drawable/shape_wheel.xml (OK - compressed)
     [exec]    74503 res/layout/calendar_view.xml (OK - compressed)
     [exec]    75572 res/layout/clock.xml (OK - compressed)
     [exec]    76212 res/layout/clock_time.xml (OK - compressed)
     [exec]    76874 res/layout/dialog_1x1.xml (OK - compressed)
     [exec]    77344 res/layout/dialog_backup_datetime.xml (OK - compressed)
     [exec]    77857 res/layout/dialog_divide.xml (OK - compressed)
     [exec]    78326 res/layout/dialog_divide_gridcontent.xml (OK - compressed)
     [exec]    78717 res/layout/dialog_ptz_preset.xml (OK - compressed)
     [exec]    79175 res/layout/fragment_stack.xml (OK - compressed)
     [exec]    79572 res/layout/fragment_tabs_pager.xml (OK - compressed)
     [exec]    80058 res/layout/gridview_item_gopreset.xml (OK - compressed)
     [exec]    80355 res/layout/gridview_item_setpreset.xml (OK - compressed)
     [exec]    80648 res/layout/listiview_row_login.xml (OK - compressed)
     [exec]    81327 res/layout/listview_row_backup.xml (OK - compressed)
     [exec]    82110 res/layout/listview_row_backup_channels.xml (OK - compressed)
     [exec]    82677 res/layout/listview_row_backup_files.xml (OK - compressed)
     [exec]    83300 res/layout/listview_row_backup_folder.xml (OK - compressed)
     [exec]    83695 res/layout/listview_row_log.xml (OK - compressed)
     [exec]    84508 res/layout/listview_row_login_dvr.xml (OK - compressed)
     [exec]    85276 res/layout/page_about.xml (OK - compressed)
     [exec]    85780 res/layout/page_backup.xml (OK - compressed)
     [exec]    87584 res/layout/page_backup_files.xml (OK - compressed)
     [exec]    88240 res/layout/page_backup_list.xml (OK - compressed)
     [exec]    88750 res/layout/page_backup_time_calendar.xml (OK - compressed)
     [exec]    89500 res/layout/page_edit_dvr_info.xml (OK - compressed)
     [exec]    90379 res/layout/page_hello.xml (OK - compressed)
     [exec]    90742 res/layout/page_log_search.xml (OK - compressed)
     [exec]    92059 res/layout/page_log_search_result.xml (OK - compressed)
     [exec]    92727 res/layout/page_login.xml (OK - compressed)
     [exec]    93358 res/layout/page_time_search.xml (OK - compressed)
     [exec]    94293 res/layout/page_zoom.xml (OK - compressed)
     [exec]    94652 res/layout/panel_live_landscape.xml (OK - compressed)
     [exec]    95335 res/layout/panel_live_portrait.xml (OK - compressed)
     [exec]    96056 res/layout/panel_play_landscape.xml (OK - compressed)
     [exec]    96707 res/layout/panel_play_portrait.xml (OK - compressed)
     [exec]    97417 res/layout/popup_4x4.xml (OK - compressed)
     [exec]    98197 res/layout/popup_8ch.xml (OK - compressed)
     [exec]    99003 res/layout/popup_backup.xml (OK - compressed)
     [exec]    99805 res/layout/popup_control.xml (OK - compressed)
     [exec]   100653 res/layout/popup_division.xml (OK - compressed)
     [exec]   101474 res/layout/popup_relay_pole.xml (OK - compressed)
     [exec]   102282 res/layout/popup_relay_second.xml (OK - compressed)
     [exec]   103101 res/layout/popup_search.xml (OK - compressed)
     [exec]   103884 res/layout/popup_stream.xml (OK - compressed)
     [exec]   104773 res/layout/preference_category.xml (OK - compressed)
     [exec]   105055 res/layout/preset_dialog.xml (OK - compressed)
     [exec]   105401 res/layout/preset_picker.xml (OK - compressed)
     [exec]   105915 res/layout/seekbar_preference.xml (OK - compressed)
     [exec]   106621 res/xml/backup.xml (OK - compressed)
     [exec]   107379 AndroidManifest.xml (OK - compressed)
     [exec]   109296 resources.arsc (OK)
     [exec]   199584 res/drawable-hdpi/background_actionbar.png (OK)
     [exec]   199736 res/drawable-hdpi/button_back.png (OK)
     [exec]   203376 res/drawable-hdpi/button_backup.png (OK)
     [exec]   207288 res/drawable-hdpi/button_backup_disable.png (OK)
     [exec]   211036 res/drawable-hdpi/button_backup_gobackup.png (OK)
     [exec]   214848 res/drawable-hdpi/button_backup_gobackup_disable.png (OK)
     [exec]   218512 res/drawable-hdpi/button_backup_gobackup_high.png (OK)
     [exec]   222084 res/drawable-hdpi/button_backup_high.png (OK)
     [exec]   225776 res/drawable-hdpi/button_backup_markin.png (OK)
     [exec]   229440 res/drawable-hdpi/button_backup_markin_disable.png (OK)
     [exec]   232932 res/drawable-hdpi/button_backup_markin_high.png (OK)
     [exec]   236384 res/drawable-hdpi/button_backup_markout.png (OK)
     [exec]   239824 res/drawable-hdpi/button_backup_markout_disable.png (OK)
     [exec]   243120 res/drawable-hdpi/button_backup_markout_high.png (OK)
     [exec]   246324 res/drawable-hdpi/button_div1.png (OK)
     [exec]   249372 res/drawable-hdpi/button_div16.png (OK)
     [exec]   252560 res/drawable-hdpi/button_div16_disable.png (OK)
     [exec]   255700 res/drawable-hdpi/button_div16_high.png (OK)
     [exec]   258824 res/drawable-hdpi/button_div1_disable.png (OK)
     [exec]   261860 res/drawable-hdpi/button_div1_high.png (OK)
     [exec]   264828 res/drawable-hdpi/button_div1_ptz.png (OK)
     [exec]   268320 res/drawable-hdpi/button_div1_ptz_disable.png (OK)
     [exec]   271800 res/drawable-hdpi/button_div1_ptz_high.png (OK)
     [exec]   275196 res/drawable-hdpi/button_div4.png (OK)
     [exec]   278220 res/drawable-hdpi/button_div4_disable.png (OK)
     [exec]   281264 res/drawable-hdpi/button_div4_high.png (OK)
     [exec]   284212 res/drawable-hdpi/button_div9.png (OK)
     [exec]   287472 res/drawable-hdpi/button_div9_disable.png (OK)
     [exec]   290676 res/drawable-hdpi/button_div9_high.png (OK)
     [exec]   293840 res/drawable-hdpi/button_division.png (OK)
     [exec]   296376 res/drawable-hdpi/button_division_disable.png (OK)
     [exec]   298628 res/drawable-hdpi/button_division_high.png (OK)
     [exec]   300764 res/drawable-hdpi/button_eventplay.png (OK)
     [exec]   304436 res/drawable-hdpi/button_eventplay_disable.png (OK)
     [exec]   307864 res/drawable-hdpi/button_eventplay_high.png (OK)
     [exec]   311272 res/drawable-hdpi/button_home.png (OK)
     [exec]   314816 res/drawable-hdpi/button_motion.png (OK)
     [exec]   318732 res/drawable-hdpi/button_motion_disable.png (OK)
     [exec]   322360 res/drawable-hdpi/button_motion_high.png (OK)
     [exec]   326004 res/drawable-hdpi/button_nc.png (OK)
     [exec]   329168 res/drawable-hdpi/button_nc_disable.png (OK)
     [exec]   332320 res/drawable-hdpi/button_nc_high.png (OK)
     [exec]   335384 res/drawable-hdpi/button_no.png (OK)
     [exec]   339660 res/drawable-hdpi/button_no_disable.png (OK)
     [exec]   343432 res/drawable-hdpi/button_no_high.png (OK)
     [exec]   347400 res/drawable-hdpi/button_notificationoff.png (OK)
     [exec]   350952 res/drawable-hdpi/button_notificationoff_disable.png (OK)
     [exec]   354500 res/drawable-hdpi/button_notificationoff_high.png (OK)
     [exec]   357996 res/drawable-hdpi/button_notificationon.png (OK)
     [exec]   361672 res/drawable-hdpi/button_notificationon_disable.png (OK)
     [exec]   365220 res/drawable-hdpi/button_notificationon_high.png (OK)
     [exec]   368712 res/drawable-hdpi/button_play_forward.png (OK)
     [exec]   372508 res/drawable-hdpi/button_play_forward_disable.png (OK)
     [exec]   376192 res/drawable-hdpi/button_play_forward_high.png (OK)
     [exec]   379816 res/drawable-hdpi/button_play_pause.png (OK)
     [exec]   383092 res/drawable-hdpi/button_play_pause_disable.png (OK)
     [exec]   386276 res/drawable-hdpi/button_play_pause_high.png (OK)
     [exec]   389408 res/drawable-hdpi/button_play_playing.png (OK)
     [exec]   392796 res/drawable-hdpi/button_play_playing_disable.png (OK)
     [exec]   396152 res/drawable-hdpi/button_play_playing_high.png (OK)
     [exec]   399432 res/drawable-hdpi/button_play_rewind.png (OK)
     [exec]   403176 res/drawable-hdpi/button_play_rewind_disable.png (OK)
     [exec]   406880 res/drawable-hdpi/button_play_rewind_high.png (OK)
     [exec]   410480 res/drawable-hdpi/button_play_seek.png (OK)
     [exec]   415460 res/drawable-hdpi/button_play_seek_disable.png (OK)
     [exec]   420076 res/drawable-hdpi/button_play_seek_high.png (OK)
     [exec]   424712 res/drawable-hdpi/button_play_step.png (OK)
     [exec]   428468 res/drawable-hdpi/button_play_step_disable.png (OK)
     [exec]   432068 res/drawable-hdpi/button_play_step_high.png (OK)
     [exec]   435592 res/drawable-hdpi/button_pop_controls.png (OK)
     [exec]   440680 res/drawable-hdpi/button_pop_controls_disable.png (OK)
     [exec]   445296 res/drawable-hdpi/button_pop_controls_high.png (OK)
     [exec]   449724 res/drawable-hdpi/button_pop_search.png (OK)
     [exec]   452524 res/drawable-hdpi/button_pop_search_disable.png (OK)
     [exec]   454876 res/drawable-hdpi/button_pop_search_high.png (OK)
     [exec]   457212 res/drawable-hdpi/button_ptz.png (OK)
     [exec]   461584 res/drawable-hdpi/button_ptz_disable.png (OK)
     [exec]   465860 res/drawable-hdpi/button_ptz_focusin.png (OK)
     [exec]   469200 res/drawable-hdpi/button_ptz_focusin_disable.png (OK)
     [exec]   472372 res/drawable-hdpi/button_ptz_focusin_high.png (OK)
     [exec]   475524 res/drawable-hdpi/button_ptz_focusout.png (OK)
     [exec]   478756 res/drawable-hdpi/button_ptz_focusout_disable.png (OK)
     [exec]   481848 res/drawable-hdpi/button_ptz_focusout_high.png (OK)
     [exec]   484924 res/drawable-hdpi/button_ptz_gopreset.png (OK)
     [exec]   489120 res/drawable-hdpi/button_ptz_gopreset_disable.png (OK)
     [exec]   492976 res/drawable-hdpi/button_ptz_gopreset_high.png (OK)
     [exec]   496812 res/drawable-hdpi/button_ptz_high.png (OK)
     [exec]   501040 res/drawable-hdpi/button_ptz_irisclose.png (OK)
     [exec]   505780 res/drawable-hdpi/button_ptz_irisclose_disable.png (OK)
     [exec]   510132 res/drawable-hdpi/button_ptz_irisclose_high.png (OK)
     [exec]   514392 res/drawable-hdpi/button_ptz_irisopen.png (OK)
     [exec]   519168 res/drawable-hdpi/button_ptz_irisopen_disable.png (OK)
     [exec]   523592 res/drawable-hdpi/button_ptz_irisopen_high.png (OK)
     [exec]   527908 res/drawable-hdpi/button_ptz_setpreset.png (OK)
     [exec]   532092 res/drawable-hdpi/button_ptz_setpreset_disable.png (OK)
     [exec]   536076 res/drawable-hdpi/button_ptz_setpreset_high.png (OK)
     [exec]   539992 res/drawable-hdpi/button_ptz_zoomin.png (OK)
     [exec]   544884 res/drawable-hdpi/button_ptz_zoomin_disable.png (OK)
     [exec]   549564 res/drawable-hdpi/button_ptz_zoomin_high.png (OK)
     [exec]   554136 res/drawable-hdpi/button_ptz_zoomout.png (OK)
     [exec]   558796 res/drawable-hdpi/button_ptz_zoomout_disable.png (OK)
     [exec]   563280 res/drawable-hdpi/button_ptz_zoomout_high.png (OK)
     [exec]   567700 res/drawable-hdpi/button_relay.png (OK)
     [exec]   571272 res/drawable-hdpi/button_relay_disable.png (OK)
     [exec]   574888 res/drawable-hdpi/button_relay_high.png (OK)
     [exec]   578396 res/drawable-hdpi/button_relayauto.png (OK)
     [exec]   582788 res/drawable-hdpi/button_relayauto_disable.png (OK)
     [exec]   586596 res/drawable-hdpi/button_relayauto_high.png (OK)
     [exec]   590340 res/drawable-hdpi/button_sec_01.png (OK)
     [exec]   593860 res/drawable-hdpi/button_sec_01_disable.png (OK)
     [exec]   597292 res/drawable-hdpi/button_sec_01_high.png (OK)
     [exec]   600564 res/drawable-hdpi/button_sec_03.png (OK)
     [exec]   604680 res/drawable-hdpi/button_sec_03_disable.png (OK)
     [exec]   608756 res/drawable-hdpi/button_sec_03_high.png (OK)
     [exec]   612680 res/drawable-hdpi/button_sec_05.png (OK)
     [exec]   616564 res/drawable-hdpi/button_sec_05_disable.png (OK)
     [exec]   620420 res/drawable-hdpi/button_sec_05_high.png (OK)
     [exec]   624124 res/drawable-hdpi/button_sec_08.png (OK)
     [exec]   628264 res/drawable-hdpi/button_sec_08_disable.png (OK)
     [exec]   632308 res/drawable-hdpi/button_sec_08_high.png (OK)
     [exec]   636180 res/drawable-hdpi/button_soundclose.png (OK)
     [exec]   640772 res/drawable-hdpi/button_soundclose_disable.png (OK)
     [exec]   645112 res/drawable-hdpi/button_soundclose_high.png (OK)
     [exec]   649460 res/drawable-hdpi/button_soundopen.png (OK)
     [exec]   653936 res/drawable-hdpi/button_soundopen_disable.png (OK)
     [exec]   658264 res/drawable-hdpi/button_soundopen_high.png (OK)
     [exec]   662444 res/drawable-hdpi/button_status.png (OK)
     [exec]   666628 res/drawable-hdpi/button_status_disable.png (OK)
     [exec]   670232 res/drawable-hdpi/button_status_event.png (OK)
     [exec]   675096 res/drawable-hdpi/button_status_event_disable.png (OK)
     [exec]   679324 res/drawable-hdpi/button_status_event_high.png (OK)
     [exec]   683536 res/drawable-hdpi/button_status_high.png (OK)
     [exec]   687144 res/drawable-hdpi/button_stream_00.png (OK)
     [exec]   691568 res/drawable-hdpi/button_stream_00_disable.png (OK)
     [exec]   695860 res/drawable-hdpi/button_stream_00_high.png (OK)
     [exec]   699880 res/drawable-hdpi/button_stream_01.png (OK)
     [exec]   704500 res/drawable-hdpi/button_stream_01_disable.png (OK)
     [exec]   708884 res/drawable-hdpi/button_stream_01_high.png (OK)
     [exec]   713076 res/drawable-hdpi/button_timeplay.png (OK)
     [exec]   717540 res/drawable-hdpi/button_timeplay_disable.png (OK)
     [exec]   721648 res/drawable-hdpi/button_timeplay_high.png (OK)
     [exec]   725624 res/drawable-hdpi/button_videoloss.png (OK)
     [exec]   729004 res/drawable-hdpi/button_videoloss_disable.png (OK)
     [exec]   732388 res/drawable-hdpi/button_videoloss_high.png (OK)
     [exec]   735640 res/drawable-hdpi/button_zoom.png (OK)
     [exec]   741208 res/drawable-hdpi/button_zoom_disable.png (OK)
     [exec]   746608 res/drawable-hdpi/button_zoom_high.png (OK)
     [exec]   751960 res/drawable-hdpi/dvricon_04.png (OK)
     [exec]   755452 res/drawable-hdpi/dvricon_08.png (OK)
     [exec]   759152 res/drawable-hdpi/dvricon_09.png (OK)
     [exec]   762824 res/drawable-hdpi/dvricon_10.png (OK)
     [exec]   766332 res/drawable-hdpi/dvricon_16.png (OK)
     [exec]   770032 res/drawable-hdpi/dvricon_20.png (OK)
     [exec]   773736 res/drawable-hdpi/dvricon_32.png (OK)
     [exec]   777508 res/drawable-hdpi/dvricon_unknow.png (OK)
     [exec]   781116 res/drawable-hdpi/ic_launcher.png (OK)
     [exec]   784976 res/drawable-hdpi/ic_launcher_actionbar.png (OK)
     [exec]   787100 res/drawable-ldpi/background_actionbar.png (OK)
     [exec]   787248 res/drawable-ldpi/button_back.png (OK)
     [exec]   789856 res/drawable-ldpi/button_backup.png (OK)
     [exec]   792676 res/drawable-ldpi/button_backup_disable.png (OK)
     [exec]   795524 res/drawable-ldpi/button_backup_gobackup.png (OK)
     [exec]   798356 res/drawable-ldpi/button_backup_gobackup_disable.png (OK)
     [exec]   801220 res/drawable-ldpi/button_backup_gobackup_high.png (OK)
     [exec]   804160 res/drawable-ldpi/button_backup_high.png (OK)
     [exec]   807112 res/drawable-ldpi/button_backup_markin.png (OK)
     [exec]   809784 res/drawable-ldpi/button_backup_markin_disable.png (OK)
     [exec]   812448 res/drawable-ldpi/button_backup_markin_high.png (OK)
     [exec]   815212 res/drawable-ldpi/button_backup_markout.png (OK)
     [exec]   817728 res/drawable-ldpi/button_backup_markout_disable.png (OK)
     [exec]   820256 res/drawable-ldpi/button_backup_markout_high.png (OK)
     [exec]   822860 res/drawable-ldpi/button_div1.png (OK)
     [exec]   825232 res/drawable-ldpi/button_div16.png (OK)
     [exec]   828188 res/drawable-ldpi/button_div16_disable.png (OK)
     [exec]   831184 res/drawable-ldpi/button_div16_high.png (OK)
     [exec]   834296 res/drawable-ldpi/button_div1_disable.png (OK)
     [exec]   836696 res/drawable-ldpi/button_div1_high.png (OK)
     [exec]   839160 res/drawable-ldpi/button_div1_ptz.png (OK)
     [exec]   841936 res/drawable-ldpi/button_div1_ptz_disable.png (OK)
     [exec]   844752 res/drawable-ldpi/button_div1_ptz_high.png (OK)
     [exec]   847664 res/drawable-ldpi/button_div4.png (OK)
     [exec]   850200 res/drawable-ldpi/button_div4_disable.png (OK)
     [exec]   852772 res/drawable-ldpi/button_div4_high.png (OK)
     [exec]   855436 res/drawable-ldpi/button_div9.png (OK)
     [exec]   858172 res/drawable-ldpi/button_div9_disable.png (OK)
     [exec]   860932 res/drawable-ldpi/button_div9_high.png (OK)
     [exec]   863780 res/drawable-ldpi/button_division.png (OK)
     [exec]   866168 res/drawable-ldpi/button_division_disable.png (OK)
     [exec]   868444 res/drawable-ldpi/button_division_high.png (OK)
     [exec]   870820 res/drawable-ldpi/button_eventplay.png (OK)
     [exec]   873592 res/drawable-ldpi/button_eventplay_diable.png (OK)
     [exec]   875884 res/drawable-ldpi/button_eventplay_disable.png (OK)
     [exec]   878648 res/drawable-ldpi/button_eventplay_high.png (OK)
     [exec]   881504 res/drawable-ldpi/button_home.png (OK)
     [exec]   884124 res/drawable-ldpi/button_motion.png (OK)
     [exec]   887164 res/drawable-ldpi/button_motion_disable.png (OK)
     [exec]   890140 res/drawable-ldpi/button_motion_high.png (OK)
     [exec]   893212 res/drawable-ldpi/button_nc.png (OK)
     [exec]   895512 res/drawable-ldpi/button_nc_disable.png (OK)
     [exec]   897892 res/drawable-ldpi/button_nc_high.png (OK)
     [exec]   900340 res/drawable-ldpi/button_no.png (OK)
     [exec]   903320 res/drawable-ldpi/button_no_disable.png (OK)
     [exec]   906176 res/drawable-ldpi/button_no_high.png (OK)
     [exec]   909236 res/drawable-ldpi/button_notification_disable.png (OK)
     [exec]   911372 res/drawable-ldpi/button_notificationoff.png (OK)
     [exec]   914008 res/drawable-ldpi/button_notificationoff_disable.png (OK)
     [exec]   916640 res/drawable-ldpi/button_notificationoff_high.png (OK)
     [exec]   919364 res/drawable-ldpi/button_notificationon.png (OK)
     [exec]   921948 res/drawable-ldpi/button_notificationon_disable.png (OK)
     [exec]   924580 res/drawable-ldpi/button_notificationon_high.png (OK)
     [exec]   927300 res/drawable-ldpi/button_play_forward.png (OK)
     [exec]   929984 res/drawable-ldpi/button_play_forward_disable.png (OK)
     [exec]   932708 res/drawable-ldpi/button_play_forward_high.png (OK)
     [exec]   935508 res/drawable-ldpi/button_play_pause.png (OK)
     [exec]   938004 res/drawable-ldpi/button_play_pause_disable.png (OK)
     [exec]   940512 res/drawable-ldpi/button_play_pause_high.png (OK)
     [exec]   943116 res/drawable-ldpi/button_play_playing.png (OK)
     [exec]   945604 res/drawable-ldpi/button_play_playing_disable.png (OK)
     [exec]   948116 res/drawable-ldpi/button_play_playing_high.png (OK)
     [exec]   950728 res/drawable-ldpi/button_play_rewind.png (OK)
     [exec]   953416 res/drawable-ldpi/button_play_rewind_disable.png (OK)
     [exec]   956108 res/drawable-ldpi/button_play_rewind_high.png (OK)
     [exec]   958904 res/drawable-ldpi/button_play_seek.png (OK)
     [exec]   962244 res/drawable-ldpi/button_play_seek_disable.png (OK)
     [exec]   965592 res/drawable-ldpi/button_play_seek_high.png (OK)
     [exec]   969024 res/drawable-ldpi/button_play_step.png (OK)
     [exec]   971712 res/drawable-ldpi/button_play_step_disable.png (OK)
     [exec]   974372 res/drawable-ldpi/button_play_step_high.png (OK)
     [exec]   977112 res/drawable-ldpi/button_pop_controls.png (OK)
     [exec]   979812 res/drawable-ldpi/button_pop_controls_disable.png (OK)
     [exec]   982360 res/drawable-ldpi/button_pop_controls_high.png (OK)
     [exec]   985036 res/drawable-ldpi/button_pop_search.png (OK)
     [exec]   986956 res/drawable-ldpi/button_pop_search_disable.png (OK)
     [exec]   988820 res/drawable-ldpi/button_pop_search_high.png (OK)
     [exec]   990632 res/drawable-ldpi/button_ptz.png (OK)
     [exec]   993652 res/drawable-ldpi/button_ptz_disable.png (OK)
     [exec]   996760 res/drawable-ldpi/button_ptz_focusin.png (OK)
     [exec]   999644 res/drawable-ldpi/button_ptz_focusin_disable.png (OK)
     [exec]  1002504 res/drawable-ldpi/button_ptz_focusin_high.png (OK)
     [exec]  1005440 res/drawable-ldpi/button_ptz_focusout.png (OK)
     [exec]  1008296 res/drawable-ldpi/button_ptz_focusout_disable.png (OK)
     [exec]  1011116 res/drawable-ldpi/button_ptz_focusout_high.png (OK)
     [exec]  1014008 res/drawable-ldpi/button_ptz_gopreset.png (OK)
     [exec]  1016968 res/drawable-ldpi/button_ptz_gopreset_disable.png (OK)
     [exec]  1019876 res/drawable-ldpi/button_ptz_gopreset_high.png (OK)
     [exec]  1022908 res/drawable-ldpi/button_ptz_high.png (OK)
     [exec]  1026080 res/drawable-ldpi/button_ptz_irisclose.png (OK)
     [exec]  1029324 res/drawable-ldpi/button_ptz_irisclose_disable.png (OK)
     [exec]  1032528 res/drawable-ldpi/button_ptz_irisclose_high.png (OK)
     [exec]  1035788 res/drawable-ldpi/button_ptz_irisopen.png (OK)
     [exec]  1039064 res/drawable-ldpi/button_ptz_irisopen_disable.png (OK)
     [exec]  1042340 res/drawable-ldpi/button_ptz_irisopen_high.png (OK)
     [exec]  1045676 res/drawable-ldpi/button_ptz_setpreset.png (OK)
     [exec]  1048612 res/drawable-ldpi/button_ptz_setpreset_disable.png (OK)
     [exec]  1051540 res/drawable-ldpi/button_ptz_setpreset_high.png (OK)
     [exec]  1054588 res/drawable-ldpi/button_ptz_zoomin.png (OK)
     [exec]  1057844 res/drawable-ldpi/button_ptz_zoomin_disable.png (OK)
     [exec]  1061232 res/drawable-ldpi/button_ptz_zoomin_high.png (OK)
     [exec]  1064696 res/drawable-ldpi/button_ptz_zoomout.png (OK)
     [exec]  1067848 res/drawable-ldpi/button_ptz_zoomout_disable.png (OK)
     [exec]  1071140 res/drawable-ldpi/button_ptz_zoomout_high.png (OK)
     [exec]  1074480 res/drawable-ldpi/button_relay.png (OK)
     [exec]  1076964 res/drawable-ldpi/button_relay_disable.png (OK)
     [exec]  1079524 res/drawable-ldpi/button_relay_high.png (OK)
     [exec]  1082168 res/drawable-ldpi/button_relayauto.png (OK)
     [exec]  1085080 res/drawable-ldpi/button_relayauto_disable.png (OK)
     [exec]  1087944 res/drawable-ldpi/button_relayauto_high.png (OK)
     [exec]  1090924 res/drawable-ldpi/button_sec_01.png (OK)
     [exec]  1093440 res/drawable-ldpi/button_sec_01_disable.png (OK)
     [exec]  1096012 res/drawable-ldpi/button_sec_01_high.png (OK)
     [exec]  1098648 res/drawable-ldpi/button_sec_03.png (OK)
     [exec]  1101484 res/drawable-ldpi/button_sec_03_disable.png (OK)
     [exec]  1104440 res/drawable-ldpi/button_sec_03_high.png (OK)
     [exec]  1107488 res/drawable-ldpi/button_sec_05.png (OK)
     [exec]  1110240 res/drawable-ldpi/button_sec_05_disable.png (OK)
     [exec]  1113104 res/drawable-ldpi/button_sec_05_high.png (OK)
     [exec]  1116056 res/drawable-ldpi/button_sec_08.png (OK)
     [exec]  1118880 res/drawable-ldpi/button_sec_08_disable.png (OK)
     [exec]  1121804 res/drawable-ldpi/button_sec_08_high.png (OK)
     [exec]  1124832 res/drawable-ldpi/button_soundclose.png (OK)
     [exec]  1127776 res/drawable-ldpi/button_soundclose_disable.png (OK)
     [exec]  1130788 res/drawable-ldpi/button_soundclose_high.png (OK)
     [exec]  1133848 res/drawable-ldpi/button_soundopen.png (OK)
     [exec]  1136692 res/drawable-ldpi/button_soundopen_disable.png (OK)
     [exec]  1139576 res/drawable-ldpi/button_soundopen_high.png (OK)
     [exec]  1142540 res/drawable-ldpi/button_status.png (OK)
     [exec]  1144944 res/drawable-ldpi/button_status_disable.png (OK)
     [exec]  1147272 res/drawable-ldpi/button_status_event.png (OK)
     [exec]  1150040 res/drawable-ldpi/button_status_event_disable.png (OK)
     [exec]  1152708 res/drawable-ldpi/button_status_event_high.png (OK)
     [exec]  1155492 res/drawable-ldpi/button_status_high.png (OK)
     [exec]  1157972 res/drawable-ldpi/button_stream_00.png (OK)
     [exec]  1160856 res/drawable-ldpi/button_stream_00_disable.png (OK)
     [exec]  1163664 res/drawable-ldpi/button_stream_00_high.png (OK)
     [exec]  1166536 res/drawable-ldpi/button_stream_01.png (OK)
     [exec]  1169512 res/drawable-ldpi/button_stream_01_disable.png (OK)
     [exec]  1172440 res/drawable-ldpi/button_stream_01_high.png (OK)
     [exec]  1175408 res/drawable-ldpi/button_timeplay.png (OK)
     [exec]  1178488 res/drawable-ldpi/button_timeplay_disable.png (OK)
     [exec]  1181660 res/drawable-ldpi/button_timeplay_high.png (OK)
     [exec]  1184828 res/drawable-ldpi/button_videoloss.png (OK)
     [exec]  1187632 res/drawable-ldpi/button_videoloss_disable.png (OK)
     [exec]  1190452 res/drawable-ldpi/button_videoloss_high.png (OK)
     [exec]  1193376 res/drawable-ldpi/button_zoom.png (OK)
     [exec]  1196768 res/drawable-ldpi/button_zoom_disable.png (OK)
     [exec]  1200320 res/drawable-ldpi/button_zoom_high.png (OK)
     [exec]  1203964 res/drawable-ldpi/dvricon_04.png (OK)
     [exec]  1206748 res/drawable-ldpi/dvricon_08.png (OK)
     [exec]  1209580 res/drawable-ldpi/dvricon_09.png (OK)
     [exec]  1212372 res/drawable-ldpi/dvricon_10.png (OK)
     [exec]  1215168 res/drawable-ldpi/dvricon_16.png (OK)
     [exec]  1218032 res/drawable-ldpi/dvricon_20.png (OK)
     [exec]  1220964 res/drawable-ldpi/dvricon_32.png (OK)
     [exec]  1223940 res/drawable-ldpi/dvricon_unknow.png (OK)
     [exec]  1226716 res/drawable-ldpi/ic_launcher.png (OK)
     [exec]  1229048 res/drawable-ldpi/ic_launcher_actionbar.png (OK)
     [exec]  1231392 res/drawable-mdpi/background_actionbar.png (OK)
     [exec]  1231544 res/drawable-mdpi/button_back.png (OK)
     [exec]  1235104 res/drawable-mdpi/button_backup.png (OK)
     [exec]  1239012 res/drawable-mdpi/button_backup_disable.png (OK)
     [exec]  1242964 res/drawable-mdpi/button_backup_gobackup.png (OK)
     [exec]  1246872 res/drawable-mdpi/button_backup_gobackup_disable.png (OK)
     [exec]  1250820 res/drawable-mdpi/button_backup_gobackup_high.png (OK)
     [exec]  1254868 res/drawable-mdpi/button_backup_high.png (OK)
     [exec]  1258968 res/drawable-mdpi/button_backup_markin.png (OK)
     [exec]  1262708 res/drawable-mdpi/button_backup_markin_disable.png (OK)
     [exec]  1266456 res/drawable-mdpi/button_backup_markin_high.png (OK)
     [exec]  1270348 res/drawable-mdpi/button_backup_markout.png (OK)
     [exec]  1273868 res/drawable-mdpi/button_backup_markout_disable.png (OK)
     [exec]  1277416 res/drawable-mdpi/button_backup_markout_high.png (OK)
     [exec]  1281020 res/drawable-mdpi/button_div1.png (OK)
     [exec]  1284280 res/drawable-mdpi/button_div16.png (OK)
     [exec]  1288180 res/drawable-mdpi/button_div16_disable.png (OK)
     [exec]  1292096 res/drawable-mdpi/button_div16_high.png (OK)
     [exec]  1296172 res/drawable-mdpi/button_div1_disable.png (OK)
     [exec]  1299484 res/drawable-mdpi/button_div1_high.png (OK)
     [exec]  1302896 res/drawable-mdpi/button_div1_ptz.png (OK)
     [exec]  1306780 res/drawable-mdpi/button_div1_ptz_disable.png (OK)
     [exec]  1310704 res/drawable-mdpi/button_div1_ptz_high.png (OK)
     [exec]  1314792 res/drawable-mdpi/button_div4.png (OK)
     [exec]  1318220 res/drawable-mdpi/button_div4_disable.png (OK)
     [exec]  1321656 res/drawable-mdpi/button_div4_high.png (OK)
     [exec]  1325220 res/drawable-mdpi/button_div9.png (OK)
     [exec]  1328880 res/drawable-mdpi/button_div9_disable.png (OK)
     [exec]  1332580 res/drawable-mdpi/button_div9_high.png (OK)
     [exec]  1336408 res/drawable-mdpi/button_division.png (OK)
     [exec]  1339604 res/drawable-mdpi/button_division_disable.png (OK)
     [exec]  1342556 res/drawable-mdpi/button_division_high.png (OK)
     [exec]  1345620 res/drawable-mdpi/button_eventplay.png (OK)
     [exec]  1349460 res/drawable-mdpi/button_eventplay_disable.png (OK)
     [exec]  1353224 res/drawable-mdpi/button_eventplay_high.png (OK)
     [exec]  1357140 res/drawable-mdpi/button_home.png (OK)
     [exec]  1360748 res/drawable-mdpi/button_motion.png (OK)
     [exec]  1364920 res/drawable-mdpi/button_motion_disable.png (OK)
     [exec]  1369020 res/drawable-mdpi/button_motion_high.png (OK)
     [exec]  1373276 res/drawable-mdpi/button_nc.png (OK)
     [exec]  1376436 res/drawable-mdpi/button_nc_disable.png (OK)
     [exec]  1379700 res/drawable-mdpi/button_nc_high.png (OK)
     [exec]  1383088 res/drawable-mdpi/button_no.png (OK)
     [exec]  1387228 res/drawable-mdpi/button_no_disable.png (OK)
     [exec]  1391156 res/drawable-mdpi/button_no_high.png (OK)
     [exec]  1395396 res/drawable-mdpi/button_notificationoff.png (OK)
     [exec]  1399008 res/drawable-mdpi/button_notificationoff_disable.png (OK)
     [exec]  1402620 res/drawable-mdpi/button_notificationoff_high.png (OK)
     [exec]  1406372 res/drawable-mdpi/button_notificationon.png (OK)
     [exec]  1409932 res/drawable-mdpi/button_notificationon_disable.png (OK)
     [exec]  1413540 res/drawable-mdpi/button_notificationon_high.png (OK)
     [exec]  1417292 res/drawable-mdpi/button_play_forward.png (OK)
     [exec]  1421000 res/drawable-mdpi/button_play_forward_disable.png (OK)
     [exec]  1424768 res/drawable-mdpi/button_play_forward_high.png (OK)
     [exec]  1428648 res/drawable-mdpi/button_play_pause.png (OK)
     [exec]  1432016 res/drawable-mdpi/button_play_pause_disable.png (OK)
     [exec]  1435428 res/drawable-mdpi/button_play_pause_high.png (OK)
     [exec]  1438948 res/drawable-mdpi/button_play_playing.png (OK)
     [exec]  1442336 res/drawable-mdpi/button_play_playing_disable.png (OK)
     [exec]  1445756 res/drawable-mdpi/button_play_playing_high.png (OK)
     [exec]  1449332 res/drawable-mdpi/button_play_rewind.png (OK)
     [exec]  1453024 res/drawable-mdpi/button_play_rewind_disable.png (OK)
     [exec]  1456764 res/drawable-mdpi/button_play_rewind_high.png (OK)
     [exec]  1460636 res/drawable-mdpi/button_play_seek.png (OK)
     [exec]  1465508 res/drawable-mdpi/button_play_seek_disable.png (OK)
     [exec]  1470376 res/drawable-mdpi/button_play_seek_high.png (OK)
     [exec]  1475436 res/drawable-mdpi/button_play_step.png (OK)
     [exec]  1479132 res/drawable-mdpi/button_play_step_disable.png (OK)
     [exec]  1482832 res/drawable-mdpi/button_play_step_high.png (OK)
     [exec]  1486636 res/drawable-mdpi/button_pop_controls.png (OK)
     [exec]  1490572 res/drawable-mdpi/button_pop_controls_disable.png (OK)
     [exec]  1494396 res/drawable-mdpi/button_pop_controls_high.png (OK)
     [exec]  1498308 res/drawable-mdpi/button_pop_search.png (OK)
     [exec]  1500972 res/drawable-mdpi/button_pop_search_disable.png (OK)
     [exec]  1503500 res/drawable-mdpi/button_pop_search_high.png (OK)
     [exec]  1506004 res/drawable-mdpi/button_ptz.png (OK)
     [exec]  1510340 res/drawable-mdpi/button_ptz_disable.png (OK)
     [exec]  1514724 res/drawable-mdpi/button_ptz_focusin.png (OK)
     [exec]  1518572 res/drawable-mdpi/button_ptz_focusin_disable.png (OK)
     [exec]  1522444 res/drawable-mdpi/button_ptz_focusin_high.png (OK)
     [exec]  1526440 res/drawable-mdpi/button_ptz_focusout.png (OK)
     [exec]  1530244 res/drawable-mdpi/button_ptz_focusout_disable.png (OK)
     [exec]  1533992 res/drawable-mdpi/button_ptz_focusout_high.png (OK)
     [exec]  1537868 res/drawable-mdpi/button_ptz_gopreset.png (OK)
     [exec]  1542016 res/drawable-mdpi/button_ptz_gopreset_disable.png (OK)
     [exec]  1546096 res/drawable-mdpi/button_ptz_gopreset_high.png (OK)
     [exec]  1550308 res/drawable-mdpi/button_ptz_high.png (OK)
     [exec]  1554824 res/drawable-mdpi/button_ptz_irisclose.png (OK)
     [exec]  1559532 res/drawable-mdpi/button_ptz_irisclose_disable.png (OK)
     [exec]  1564148 res/drawable-mdpi/button_ptz_irisclose_high.png (OK)
     [exec]  1568860 res/drawable-mdpi/button_ptz_irisopen.png (OK)
     [exec]  1573568 res/drawable-mdpi/button_ptz_irisopen_disable.png (OK)
     [exec]  1578200 res/drawable-mdpi/button_ptz_irisopen_high.png (OK)
     [exec]  1582944 res/drawable-mdpi/button_ptz_setpreset.png (OK)
     [exec]  1587136 res/drawable-mdpi/button_ptz_setpreset_disable.png (OK)
     [exec]  1591232 res/drawable-mdpi/button_ptz_setpreset_high.png (OK)
     [exec]  1595460 res/drawable-mdpi/button_ptz_zoomin.png (OK)
     [exec]  1600204 res/drawable-mdpi/button_ptz_zoomin_disable.png (OK)
     [exec]  1605036 res/drawable-mdpi/button_ptz_zoomin_high.png (OK)
     [exec]  1610004 res/drawable-mdpi/button_ptz_zoomout.png (OK)
     [exec]  1614500 res/drawable-mdpi/button_ptz_zoomout_disable.png (OK)
     [exec]  1619216 res/drawable-mdpi/button_ptz_zoomout_high.png (OK)
     [exec]  1624004 res/drawable-mdpi/button_relay.png (OK)
     [exec]  1627452 res/drawable-mdpi/button_relay_disable.png (OK)
     [exec]  1631024 res/drawable-mdpi/button_relay_high.png (OK)
     [exec]  1634728 res/drawable-mdpi/button_relayauto.png (OK)
     [exec]  1638868 res/drawable-mdpi/button_relayauto_disable.png (OK)
     [exec]  1642856 res/drawable-mdpi/button_relayauto_high.png (OK)
     [exec]  1647044 res/drawable-mdpi/button_sec_01.png (OK)
     [exec]  1650456 res/drawable-mdpi/button_sec_01_disable.png (OK)
     [exec]  1653948 res/drawable-mdpi/button_sec_01_high.png (OK)
     [exec]  1657532 res/drawable-mdpi/button_sec_03.png (OK)
     [exec]  1661480 res/drawable-mdpi/button_sec_03_disable.png (OK)
     [exec]  1665572 res/drawable-mdpi/button_sec_03_high.png (OK)
     [exec]  1669784 res/drawable-mdpi/button_sec_05.png (OK)
     [exec]  1673572 res/drawable-mdpi/button_sec_05_disable.png (OK)
     [exec]  1677508 res/drawable-mdpi/button_sec_05_high.png (OK)
     [exec]  1681536 res/drawable-mdpi/button_sec_08.png (OK)
     [exec]  1685456 res/drawable-mdpi/button_sec_08_disable.png (OK)
     [exec]  1689468 res/drawable-mdpi/button_sec_08_high.png (OK)
     [exec]  1693612 res/drawable-mdpi/button_soundclose.png (OK)
     [exec]  1697808 res/drawable-mdpi/button_soundclose_disable.png (OK)
     [exec]  1702104 res/drawable-mdpi/button_soundclose_high.png (OK)
     [exec]  1706452 res/drawable-mdpi/button_soundopen.png (OK)
     [exec]  1710428 res/drawable-mdpi/button_soundopen_disable.png (OK)
     [exec]  1714512 res/drawable-mdpi/button_soundopen_high.png (OK)
     [exec]  1718704 res/drawable-mdpi/button_status.png (OK)
     [exec]  1722160 res/drawable-mdpi/button_status_disable.png (OK)
     [exec]  1725392 res/drawable-mdpi/button_status_event.png (OK)
     [exec]  1729404 res/drawable-mdpi/button_status_event_disable.png (OK)
     [exec]  1733156 res/drawable-mdpi/button_status_event_high.png (OK)
     [exec]  1737144 res/drawable-mdpi/button_status_high.png (OK)
     [exec]  1740660 res/drawable-mdpi/button_stream_00.png (OK)
     [exec]  1744800 res/drawable-mdpi/button_stream_00_disable.png (OK)
     [exec]  1748908 res/drawable-mdpi/button_stream_00_high.png (OK)
     [exec]  1753032 res/drawable-mdpi/button_stream_01.png (OK)
     [exec]  1757352 res/drawable-mdpi/button_stream_01_disable.png (OK)
     [exec]  1761648 res/drawable-mdpi/button_stream_01_high.png (OK)
     [exec]  1765988 res/drawable-mdpi/button_timeplay.png (OK)
     [exec]  1770420 res/drawable-mdpi/button_timeplay_disable.png (OK)
     [exec]  1774936 res/drawable-mdpi/button_timeplay_high.png (OK)
     [exec]  1779548 res/drawable-mdpi/button_videoloss.png (OK)
     [exec]  1783336 res/drawable-mdpi/button_videoloss_disable.png (OK)
     [exec]  1787160 res/drawable-mdpi/button_videoloss_high.png (OK)
     [exec]  1791108 res/drawable-mdpi/button_zoom.png (OK)
     [exec]  1796184 res/drawable-mdpi/button_zoom_disable.png (OK)
     [exec]  1801516 res/drawable-mdpi/button_zoom_high.png (OK)
     [exec]  1806940 res/drawable-mdpi/dvricon_04.png (OK)
     [exec]  1810808 res/drawable-mdpi/dvricon_08.png (OK)
     [exec]  1814824 res/drawable-mdpi/dvricon_09.png (OK)
     [exec]  1818816 res/drawable-mdpi/dvricon_10.png (OK)
     [exec]  1822784 res/drawable-mdpi/dvricon_16.png (OK)
     [exec]  1826832 res/drawable-mdpi/dvricon_20.png (OK)
     [exec]  1830952 res/drawable-mdpi/dvricon_32.png (OK)
     [exec]  1835196 res/drawable-mdpi/dvricon_unknow.png (OK)
     [exec]  1839100 res/drawable-mdpi/ic_launcher.png (OK)
     [exec]  1843656 res/drawable-mdpi/ic_launcher_actionbar.png (OK)
     [exec]  1845765 res/layout-land/actionbar.xml (OK - compressed)
     [exec]  1846355 res/layout-land/actionbar_home.xml (OK - compressed)
     [exec]  1846932 res/layout-land/main.xml (OK - compressed)
     [exec]  1847517 res/layout-land/page_play.xml (OK - compressed)
     [exec]  1848093 res/layout-land/page_ptz.xml (OK - compressed)
     [exec]  1848531 res/layout-land/page_relay.xml (OK - compressed)
     [exec]  1848971 res/layout-land/panel_live.xml (OK - compressed)
     [exec]  1849756 res/layout-land/panel_play.xml (OK - compressed)
     [exec]  1850479 res/layout-land/panel_ptz.xml (OK - compressed)
     [exec]  1851285 res/layout-land/panel_relay.xml (OK - compressed)
     [exec]  1851869 res/layout-land/popup_1x1.xml (OK - compressed)
     [exec]  1853116 res/layout-land/popup_2x2.xml (OK - compressed)
     [exec]  1853984 res/layout-land/popup_status.xml (OK - compressed)
     [exec]  1856544 res/layout-port/actionbar.xml (OK - compressed)
     [exec]  1857130 res/layout-port/actionbar_home.xml (OK - compressed)
     [exec]  1857704 res/layout-port/main.xml (OK - compressed)
     [exec]  1858329 res/layout-port/page_play.xml (OK - compressed)
     [exec]  1858953 res/layout-port/page_ptz.xml (OK - compressed)
     [exec]  1859440 res/layout-port/page_relay.xml (OK - compressed)
     [exec]  1859898 res/layout-port/panel_live.xml (OK - compressed)
     [exec]  1860675 res/layout-port/panel_play.xml (OK - compressed)
     [exec]  1861435 res/layout-port/panel_ptz.xml (OK - compressed)
     [exec]  1862057 res/layout-port/panel_relay.xml (OK - compressed)
     [exec]  1862671 res/layout-port/popup_1x1.xml (OK - compressed)
     [exec]  1863969 res/layout-port/popup_2x2.xml (OK - compressed)
     [exec]  1864864 res/layout-port/popup_status.xml (OK - compressed)
     [exec]  1867406 classes.dex (OK - compressed)
     [exec]  2115582 lib/armeabi/libP2PTunnelAPIs.so (OK - compressed)
     [exec]  2181978 lib/armeabi/libpeersdk-jni.so (OK - compressed)
     [exec] Verification succesful
   [delete] Deleting: /home/rd/share/autobuild_android-apk_11298/iWatchDVR2/bin/unzipalign_iWatchDVR2-Yoko.apk
   [delete] Deleting: /home/rd/share/autobuild_android-apk_11298/iWatchDVR2/bin/unsigned_iWatchDVR2-Yoko.apk

availableReleaseDir:

mkReleaseDir:

release:
     [copy] Copying 1 file to /home/rd/share/autobuild_android-apk_11298/release

BUILD SUCCESSFUL
Total time: 31 seconds
